2025-09-29 13:08:21.097280 Начало новой генерации (логов не найдено или нет успешных записей).
2025-09-29 13:08:21.097472 [RETRY] Попытка 1/20 генерации аудио...
2025-09-29 13:08:33.995966 [RETRY] Успех на попытке 1 (content_type=audio/mpeg).
2025-09-29 13:08:33.997112 Размер файла output_mp3/part_0001.mp3 1172 КБ в пределах нормы.
2025-09-29 13:08:33.997459 [RETRY] Попытка 1/20 генерации аудио...
2025-09-29 13:08:47.252708 [RETRY] Успех на попытке 1 (content_type=audio/mpeg).
2025-09-29 13:08:47.254048 Размер файла output_mp3/part_0002.mp3 1133 КБ в пределах нормы.
2025-09-29 13:08:47.254246 [RETRY] Попытка 1/20 генерации аудио...
2025-09-29 13:08:58.783973 [RETRY] Успех на попытке 1 (content_type=audio/mpeg).
2025-09-29 13:08:58.785070 Размер файла output_mp3/part_0003.mp3 1041 КБ в пределах нормы.
2025-09-29 13:08:58.785262 [RETRY] Попытка 1/20 генерации аудио...
2025-09-29 13:09:13.036020 [RETRY] Успех на попытке 1 (content_type=audio/mpeg).
2025-09-29 13:09:13.037259 Размер файла output_mp3/part_0004.mp3 1318 КБ в пределах нормы.
2025-09-29 13:09:13.037459 [RETRY] Попытка 1/20 генерации аудио...
2025-09-29 13:09:24.663842 [RETRY] Успех на попытке 1 (content_type=audio/mpeg).
2025-09-29 13:09:24.665076 Размер файла output_mp3/part_0005.mp3 1078 КБ в пределах нормы.
2025-09-29 13:09:24.665280 [RETRY] Попытка 1/20 генерации аудио...
2025-09-29 13:09:36.517670 [RETRY] Успех на попытке 1 (content_type=audio/mpeg).
2025-09-29 13:09:36.518589 Размер файла output_mp3/part_0006.mp3 1028 КБ в пределах нормы.
2025-09-29 13:09:36.518807 [RETRY] Попытка 1/20 генерации аудио...
2025-09-29 13:09:48.672217 [RETRY] Успех на попытке 1 (content_type=audio/mpeg).
2025-09-29 13:09:48.673269 Размер файла output_mp3/part_0007.mp3 1013 КБ в пределах нормы.
2025-09-29 13:09:48.673479 [RETRY] Попытка 1/20 генерации аудио...
2025-09-29 13:10:01.388999 [RETRY] Успех на попытке 1 (content_type=audio/mpeg).
2025-09-29 13:10:01.390107 Размер файла output_mp3/part_0008.mp3 1140 КБ в пределах нормы.
2025-09-29 13:10:01.390337 [RETRY] Попытка 1/20 генерации аудио...
2025-09-29 13:10:13.695308 [RETRY] Успех на попытке 1 (content_type=audio/mpeg).
2025-09-29 13:10:13.696435 Размер файла output_mp3/part_0009.mp3 1086 КБ в пределах нормы.
2025-09-29 13:10:13.696659 [RETRY] Попытка 1/20 генерации аудио...
2025-09-29 13:10:27.985769 [RETRY] Успех на попытке 1 (content_type=audio/mpeg).
2025-09-29 13:10:27.986935 Размер файла output_mp3/part_0010.mp3 1165 КБ в пределах нормы.
2025-09-29 13:10:27.987178 [RETRY] Попытка 1/20 генерации аудио...
2025-09-29 13:10:41.399813 [RETRY] Успех на попытке 1 (content_type=audio/mpeg).
2025-09-29 13:10:41.401056 Размер файла output_mp3/part_0011.mp3 1209 КБ в пределах нормы.
2025-09-29 13:10:41.401302 [RETRY] Попытка 1/20 генерации аудио...
2025-09-29 13:10:54.182594 [RETRY] Успех на попытке 1 (content_type=audio/mpeg).
2025-09-29 13:10:54.183535 Размер файла output_mp3/part_0012.mp3 1150 КБ в пределах нормы.
2025-09-29 13:10:54.183796 [RETRY] Попытка 1/20 генерации аудио...
2025-09-29 13:11:05.962325 [RETRY] Успех на попытке 1 (content_type=audio/mpeg).
2025-09-29 13:11:05.963292 Размер файла output_mp3/part_0013.mp3 1050 КБ в пределах нормы.
2025-09-29 13:11:05.963531 [RETRY] Попытка 1/20 генерации аудио...
2025-09-29 13:11:18.125374 [RETRY] Успех на попытке 1 (content_type=audio/mpeg).
2025-09-29 13:11:18.126455 Размер файла output_mp3/part_0014.mp3 1075 КБ в пределах нормы.
2025-09-29 13:11:18.126706 [RETRY] Попытка 1/20 генерации аудио...
2025-09-29 13:11:30.791642 [RETRY] Успех на попытке 1 (content_type=audio/mpeg).
2025-09-29 13:11:30.792733 Размер файла output_mp3/part_0015.mp3 1050 КБ в пределах нормы.
2025-09-29 13:11:30.792998 [RETRY] Попытка 1/20 генерации аудио...
2025-09-29 13:11:43.498992 [RETRY] Успех на попытке 1 (content_type=audio/mpeg).
2025-09-29 13:11:43.500102 Размер файла output_mp3/part_0016.mp3 1150 КБ в пределах нормы.
2025-09-29 13:11:43.500353 [RETRY] Попытка 1/20 генерации аудио...
2025-09-29 13:11:56.149034 [RETRY] Успех на попытке 1 (content_type=audio/mpeg).
2025-09-29 13:11:56.150115 Размер файла output_mp3/part_0017.mp3 1100 КБ в пределах нормы.
2025-09-29 13:11:56.150384 [RETRY] Попытка 1/20 генерации аудио...
2025-09-29 13:12:07.597221 [RETRY] Успех на попытке 1 (content_type=audio/mpeg).
2025-09-29 13:12:07.598272 Размер файла output_mp3/part_0018.mp3 1075 КБ в пределах нормы.
2025-09-29 13:12:07.598534 [RETRY] Попытка 1/20 генерации аудио...
2025-09-29 13:12:18.234887 [RETRY] Успех на попытке 1 (content_type=audio/mpeg).
2025-09-29 13:12:18.236035 Размер файла output_mp3/part_0019.mp3 920 КБ в пределах нормы.
2025-09-29 13:12:18.236304 [RETRY] Попытка 1/20 генерации аудио...
2025-09-29 13:12:30.479296 [RETRY] Успех на попытке 1 (content_type=audio/mpeg).
2025-09-29 13:12:30.480345 Размер файла output_mp3/part_0020.mp3 1125 КБ в пределах нормы.
2025-09-29 13:12:30.480633 [RETRY] Попытка 1/20 генерации аудио...
2025-09-29 13:12:43.728785 [RETRY] Успех на попытке 1 (content_type=audio/mpeg).
2025-09-29 13:12:43.729937 Размер файла output_mp3/part_0021.mp3 1172 КБ в пределах нормы.
2025-09-29 13:12:43.730212 [RETRY] Попытка 1/20 генерации аудио...
2025-09-29 13:12:56.844082 [RETRY] Успех на попытке 1 (content_type=audio/mpeg).
2025-09-29 13:12:56.845271 Размер файла output_mp3/part_0022.mp3 1212 КБ в пределах нормы.
2025-09-29 13:12:56.845568 [RETRY] Попытка 1/20 генерации аудио...
2025-09-29 13:13:10.249004 [RETRY] Успех на попытке 1 (content_type=audio/mpeg).
2025-09-29 13:13:10.250223 Размер файла output_mp3/part_0023.mp3 1166 КБ в пределах нормы.
2025-09-29 13:13:10.250510 [RETRY] Попытка 1/20 генерации аудио...
2025-09-29 13:13:23.191692 [RETRY] Успех на попытке 1 (content_type=audio/mpeg).
2025-09-29 13:13:23.192683 Размер файла output_mp3/part_0024.mp3 1120 КБ в пределах нормы.
2025-09-29 13:13:23.192996 [RETRY] Попытка 1/20 генерации аудио...
2025-09-29 13:13:36.058136 [RETRY] Успех на попытке 1 (content_type=audio/mpeg).
2025-09-29 13:13:36.059237 Размер файла output_mp3/part_0025.mp3 1054 КБ в пределах нормы.
2025-09-29 13:13:36.059534 [RETRY] Попытка 1/20 генерации аудио...
2025-09-29 13:13:49.206279 [RETRY] Успех на попытке 1 (content_type=audio/mpeg).
2025-09-29 13:13:49.207415 Размер файла output_mp3/part_0026.mp3 1119 КБ в пределах нормы.
2025-09-29 13:13:49.207718 [RETRY] Попытка 1/20 генерации аудио...
2025-09-29 13:14:01.497161 [RETRY] Успех на попытке 1 (content_type=audio/mpeg).
2025-09-29 13:14:01.498197 Размер файла output_mp3/part_0027.mp3 1134 КБ в пределах нормы.
2025-09-29 13:14:01.498511 [RETRY] Попытка 1/20 генерации аудио...
2025-09-29 13:14:14.656324 [RETRY] Успех на попытке 1 (content_type=audio/mpeg).
2025-09-29 13:14:14.657556 Размер файла output_mp3/part_0028.mp3 1121 КБ в пределах нормы.
2025-09-29 13:14:14.657883 [RETRY] Попытка 1/20 генерации аудио...
2025-09-29 13:14:24.785891 [RETRY] Успех на попытке 1 (content_type=audio/mpeg).
2025-09-29 13:14:24.787048 Размер файла output_mp3/part_0029.mp3 877 КБ в пределах нормы.
2025-09-29 13:14:24.787388 [RETRY] Попытка 1/20 генерации аудио...
2025-09-29 13:14:36.696320 [RETRY] Успех на попытке 1 (content_type=audio/mpeg).
2025-09-29 13:14:36.697360 Размер файла output_mp3/part_0030.mp3 1070 КБ в пределах нормы.
2025-09-29 13:14:36.697695 [RETRY] Попытка 1/20 генерации аудио...
2025-09-29 13:14:47.304911 [RETRY] Успех на попытке 1 (content_type=audio/mpeg).
2025-09-29 13:14:47.305938 Размер файла output_mp3/part_0031.mp3 979 КБ в пределах нормы.
2025-09-29 13:14:47.306265 [RETRY] Попытка 1/20 генерации аудио...
2025-09-29 13:15:01.603942 [RETRY] Успех на попытке 1 (content_type=audio/mpeg).
2025-09-29 13:15:01.605186 Размер файла output_mp3/part_0032.mp3 1246 КБ в пределах нормы.
2025-09-29 13:15:01.605533 [RETRY] Попытка 1/20 генерации аудио...
2025-09-29 13:15:13.576702 [RETRY] Успех на попытке 1 (content_type=audio/mpeg).
2025-09-29 13:15:13.577843 Размер файла output_mp3/part_0033.mp3 1088 КБ в пределах нормы.
2025-09-29 13:15:13.578179 [RETRY] Попытка 1/20 генерации аудио...
2025-09-29 13:15:26.749610 [RETRY] Успех на попытке 1 (content_type=audio/mpeg).
2025-09-29 13:15:26.750695 Размер файла output_mp3/part_0034.mp3 1086 КБ в пределах нормы.
2025-09-29 13:15:26.751047 [RETRY] Попытка 1/20 генерации аудио...
2025-09-29 13:15:37.663171 [RETRY] Успех на попытке 1 (content_type=audio/mpeg).
2025-09-29 13:15:37.664077 Размер файла output_mp3/part_0035.mp3 973 КБ в пределах нормы.
2025-09-29 13:15:37.664426 [RETRY] Попытка 1/20 генерации аудио...
2025-09-29 13:15:50.764841 [RETRY] Успех на попытке 1 (content_type=audio/mpeg).
2025-09-29 13:15:50.766000 Размер файла output_mp3/part_0036.mp3 1155 КБ в пределах нормы.
2025-09-29 13:15:50.766368 [RETRY] Попытка 1/20 генерации аудио...
2025-09-29 13:16:01.474484 [RETRY] Успех на попытке 1 (content_type=audio/mpeg).
2025-09-29 13:16:01.475555 Размер файла output_mp3/part_0037.mp3 969 КБ в пределах нормы.
2025-09-29 13:16:01.475931 [RETRY] Попытка 1/20 генерации аудио...
2025-09-29 13:16:14.390827 [RETRY] Успех на попытке 1 (content_type=audio/mpeg).
2025-09-29 13:16:14.391979 Размер файла output_mp3/part_0038.mp3 1162 КБ в пределах нормы.
2025-09-29 13:16:14.392350 [RETRY] Попытка 1/20 генерации аудио...
2025-09-29 13:16:27.464357 [RETRY] Успех на попытке 1 (content_type=audio/mpeg).
2025-09-29 13:16:27.465468 Размер файла output_mp3/part_0039.mp3 1124 КБ в пределах нормы.
2025-09-29 13:16:27.465839 [RETRY] Попытка 1/20 генерации аудио...
2025-09-29 13:16:40.943897 [RETRY] Успех на попытке 1 (content_type=audio/mpeg).
2025-09-29 13:16:40.945057 Размер файла output_mp3/part_0040.mp3 1158 КБ в пределах нормы.
2025-09-29 13:16:40.945422 [RETRY] Попытка 1/20 генерации аудио...
2025-09-29 13:16:55.093214 [RETRY] Успех на попытке 1 (content_type=audio/mpeg).
2025-09-29 13:16:55.094274 Размер файла output_mp3/part_0041.mp3 1191 КБ в пределах нормы.
2025-09-29 13:16:55.094636 [RETRY] Попытка 1/20 генерации аудио...
2025-09-29 13:17:06.149871 [RETRY] Успех на попытке 1 (content_type=audio/mpeg).
2025-09-29 13:17:06.150755 Размер файла output_mp3/part_0042.mp3 1019 КБ в пределах нормы.
2025-09-29 13:17:06.151128 [RETRY] Попытка 1/20 генерации аудио...
2025-09-29 13:17:17.083039 [RETRY] Успех на попытке 1 (content_type=audio/mpeg).
2025-09-29 13:17:17.083988 Размер файла output_mp3/part_0043.mp3 945 КБ в пределах нормы.
2025-09-29 13:17:17.084375 [RETRY] Попытка 1/20 генерации аудио...
2025-09-29 13:17:29.935624 [RETRY] Успех на попытке 1 (content_type=audio/mpeg).
2025-09-29 13:17:29.936839 Размер файла output_mp3/part_0044.mp3 1146 КБ в пределах нормы.
2025-09-29 13:17:29.937234 [RETRY] Попытка 1/20 генерации аудио...
2025-09-29 13:17:42.136571 [RETRY] Успех на попытке 1 (content_type=audio/mpeg).
2025-09-29 13:17:42.137668 Размер файла output_mp3/part_0045.mp3 1081 КБ в пределах нормы.
2025-09-29 13:17:42.138103 [RETRY] Попытка 1/20 генерации аудио...
2025-09-29 13:17:54.532012 [RETRY] Успех на попытке 1 (content_type=audio/mpeg).
2025-09-29 13:17:54.533078 Размер файла output_mp3/part_0046.mp3 1086 КБ в пределах нормы.
2025-09-29 13:17:54.533463 [RETRY] Попытка 1/20 генерации аудио...
2025-09-29 13:18:06.663428 [RETRY] Успех на попытке 1 (content_type=audio/mpeg).
2025-09-29 13:18:06.664397 Размер файла output_mp3/part_0047.mp3 1118 КБ в пределах нормы.
2025-09-29 13:18:06.664825 [RETRY] Попытка 1/20 генерации аудио...
2025-09-29 13:18:19.728544 [RETRY] Успех на попытке 1 (content_type=audio/mpeg).
2025-09-29 13:18:19.729511 Размер файла output_mp3/part_0048.mp3 1152 КБ в пределах нормы.
2025-09-29 13:18:19.729927 [RETRY] Попытка 1/20 генерации аудио...
2025-09-29 13:18:30.112077 [RETRY] Успех на попытке 1 (content_type=audio/mpeg).
2025-09-29 13:18:30.112948 Размер файла output_mp3/part_0049.mp3 961 КБ в пределах нормы.
2025-09-29 13:18:30.113359 [RETRY] Попытка 1/20 генерации аудио...
2025-09-29 13:18:43.121795 [RETRY] Успех на попытке 1 (content_type=audio/mpeg).
2025-09-29 13:18:43.122963 Размер файла output_mp3/part_0050.mp3 1176 КБ в пределах нормы.
2025-09-29 13:18:43.123383 [RETRY] Попытка 1/20 генерации аудио...
2025-09-29 13:18:56.385463 [RETRY] Успех на попытке 1 (content_type=audio/mpeg).
2025-09-29 13:18:56.386643 Размер файла output_mp3/part_0051.mp3 1257 КБ в пределах нормы.
2025-09-29 13:18:56.387066 [RETRY] Попытка 1/20 генерации аудио...
2025-09-29 13:19:09.311258 [RETRY] Успех на попытке 1 (content_type=audio/mpeg).
2025-09-29 13:19:09.312183 Размер файла output_mp3/part_0052.mp3 1107 КБ в пределах нормы.
2025-09-29 13:19:09.312596 [RETRY] Попытка 1/20 генерации аудио...
2025-09-29 13:19:20.675478 [RETRY] Успех на попытке 1 (content_type=audio/mpeg).
2025-09-29 13:19:20.676548 Размер файла output_mp3/part_0053.mp3 1000 КБ в пределах нормы.
2025-09-29 13:19:20.676980 [RETRY] Попытка 1/20 генерации аудио...
2025-09-29 13:19:30.701502 [RETRY] Успех на попытке 1 (content_type=audio/mpeg).
2025-09-29 13:19:30.702415 Размер файла output_mp3/part_0054.mp3 948 КБ в пределах нормы.
2025-09-29 13:19:30.702869 [RETRY] Попытка 1/20 генерации аудио...
2025-09-29 13:19:43.800926 [RETRY] Успех на попытке 1 (content_type=audio/mpeg).
2025-09-29 13:19:43.802032 Размер файла output_mp3/part_0055.mp3 1216 КБ в пределах нормы.
2025-09-29 13:19:43.802461 [RETRY] Попытка 1/20 генерации аудио...
2025-09-29 13:19:57.282969 [RETRY] Успех на попытке 1 (content_type=audio/mpeg).
2025-09-29 13:19:57.283861 Размер файла output_mp3/part_0056.mp3 1066 КБ в пределах нормы.
2025-09-29 13:19:57.284295 [RETRY] Попытка 1/20 генерации аудио...
2025-09-29 13:20:10.762860 [RETRY] Успех на попытке 1 (content_type=audio/mpeg).
2025-09-29 13:20:10.764048 Размер файла output_mp3/part_0057.mp3 1151 КБ в пределах нормы.
2025-09-29 13:20:10.764491 [RETRY] Попытка 1/20 генерации аудио...
2025-09-29 13:20:23.387800 [RETRY] Успех на попытке 1 (content_type=audio/mpeg).
2025-09-29 13:20:23.388760 Размер файла output_mp3/part_0058.mp3 1148 КБ в пределах нормы.
2025-09-29 13:20:23.389209 [RETRY] Попытка 1/20 генерации аудио...
2025-09-29 13:20:36.384463 [RETRY] Успех на попытке 1 (content_type=audio/mpeg).
2025-09-29 13:20:36.385479 Размер файла output_mp3/part_0059.mp3 1155 КБ в пределах нормы.
2025-09-29 13:20:36.385940 [RETRY] Попытка 1/20 генерации аудио...
2025-09-29 13:20:46.776843 [RETRY] Успех на попытке 1 (content_type=audio/mpeg).
2025-09-29 13:20:46.777915 Размер файла output_mp3/part_0060.mp3 1015 КБ в пределах нормы.
2025-09-29 13:20:46.778377 [RETRY] Попытка 1/20 генерации аудио...
2025-09-29 13:20:58.446379 [RETRY] Успех на попытке 1 (content_type=audio/mpeg).
2025-09-29 13:20:58.447389 Размер файла output_mp3/part_0061.mp3 1018 КБ в пределах нормы.
2025-09-29 13:20:58.447864 [RETRY] Попытка 1/20 генерации аудио...
2025-09-29 13:21:11.024188 [RETRY] Успех на попытке 1 (content_type=audio/mpeg).
2025-09-29 13:21:11.025325 Размер файла output_mp3/part_0062.mp3 1080 КБ в пределах нормы.
2025-09-29 13:21:11.025816 [RETRY] Попытка 1/20 генерации аудио...
2025-09-29 13:21:22.137506 [RETRY] Успех на попытке 1 (content_type=audio/mpeg).
2025-09-29 13:21:22.138582 Размер файла output_mp3/part_0063.mp3 1033 КБ в пределах нормы.
2025-09-29 13:21:22.139058 [RETRY] Попытка 1/20 генерации аудио...
2025-09-29 13:21:34.517176 [RETRY] Успех на попытке 1 (content_type=audio/mpeg).
2025-09-29 13:21:34.518287 Размер файла output_mp3/part_0064.mp3 1132 КБ в пределах нормы.
2025-09-29 13:21:34.518778 [RETRY] Попытка 1/20 генерации аудио...
2025-09-29 13:21:47.571333 [RETRY] Успех на попытке 1 (content_type=audio/mpeg).
2025-09-29 13:21:47.572519 Размер файла output_mp3/part_0065.mp3 1197 КБ в пределах нормы.
2025-09-29 13:21:47.573015 [RETRY] Попытка 1/20 генерации аудио...
2025-09-29 13:22:00.053248 [RETRY] Успех на попытке 1 (content_type=audio/mpeg).
2025-09-29 13:22:00.054394 Размер файла output_mp3/part_0066.mp3 1082 КБ в пределах нормы.
2025-09-29 13:22:00.054899 [RETRY] Попытка 1/20 генерации аудио...
2025-09-29 13:22:11.392086 [RETRY] Успех на попытке 1 (content_type=audio/mpeg).
2025-09-29 13:22:11.393010 Размер файла output_mp3/part_0067.mp3 1005 КБ в пределах нормы.
2025-09-29 13:22:11.393497 [RETRY] Попытка 1/20 генерации аудио...
2025-09-29 13:22:23.829956 [RETRY] Успех на попытке 1 (content_type=audio/mpeg).
2025-09-29 13:22:23.831024 Размер файла output_mp3/part_0068.mp3 1162 КБ в пределах нормы.
2025-09-29 13:22:23.831509 [RETRY] Попытка 1/20 генерации аудио...
2025-09-29 13:22:35.078494 [RETRY] Успех на попытке 1 (content_type=audio/mpeg).
2025-09-29 13:22:35.079548 Размер файла output_mp3/part_0069.mp3 1046 КБ в пределах нормы.
2025-09-29 13:22:35.080053 [RETRY] Попытка 1/20 генерации аудио...
2025-09-29 13:22:50.236105 [RETRY] Успех на попытке 1 (content_type=audio/mpeg).
2025-09-29 13:22:50.237223 Размер файла output_mp3/part_0070.mp3 1120 КБ в пределах нормы.
2025-09-29 13:22:50.237760 [RETRY] Попытка 1/20 генерации аудио...
2025-09-29 13:23:03.095064 [RETRY] Успех на попытке 1 (content_type=audio/mpeg).
2025-09-29 13:23:03.096328 Размер файла output_mp3/part_0071.mp3 1138 КБ в пределах нормы.
2025-09-29 13:23:03.096916 [RETRY] Попытка 1/20 генерации аудио...
2025-09-29 13:23:16.427381 [RETRY] Успех на попытке 1 (content_type=audio/mpeg).
2025-09-29 13:23:16.428565 Размер файла output_mp3/part_0072.mp3 1168 КБ в пределах нормы.
2025-09-29 13:23:16.429105 [RETRY] Попытка 1/20 генерации аудио...
2025-09-29 13:23:30.966436 [RETRY] Успех на попытке 1 (content_type=audio/mpeg).
2025-09-29 13:23:30.967367 Размер файла output_mp3/part_0073.mp3 1110 КБ в пределах нормы.
2025-09-29 13:23:30.967896 [RETRY] Попытка 1/20 генерации аудио...
2025-09-29 13:23:44.155916 [RETRY] Успех на попытке 1 (content_type=audio/mpeg).
2025-09-29 13:23:44.157082 Размер файла output_mp3/part_0074.mp3 1171 КБ в пределах нормы.
2025-09-29 13:23:44.157603 [RETRY] Попытка 1/20 генерации аудио...
2025-09-29 13:23:57.552202 [RETRY] Успех на попытке 1 (content_type=audio/mpeg).
2025-09-29 13:23:57.553350 Размер файла output_mp3/part_0075.mp3 1213 КБ в пределах нормы.
2025-09-29 13:23:57.553901 [RETRY] Попытка 1/20 генерации аудио...
2025-09-29 13:24:07.794270 [RETRY] Успех на попытке 1 (content_type=audio/mpeg).
2025-09-29 13:24:07.795438 Размер файла output_mp3/part_0076.mp3 957 КБ в пределах нормы.
2025-09-29 13:24:07.796098 [RETRY] Попытка 1/20 генерации аудио...
2025-09-29 13:24:20.345936 [RETRY] Успех на попытке 1 (content_type=audio/mpeg).
2025-09-29 13:24:20.347159 Размер файла output_mp3/part_0077.mp3 1191 КБ в пределах нормы.
2025-09-29 13:24:20.347708 [RETRY] Попытка 1/20 генерации аудио...
2025-09-29 13:24:33.085659 [RETRY] Успех на попытке 1 (content_type=audio/mpeg).
2025-09-29 13:24:33.086889 Размер файла output_mp3/part_0078.mp3 1137 КБ в пределах нормы.
2025-09-29 13:24:33.087442 [RETRY] Попытка 1/20 генерации аудио...
2025-09-29 13:24:44.625207 [RETRY] Успех на попытке 1 (content_type=audio/mpeg).
2025-09-29 13:24:44.626450 Размер файла output_mp3/part_0079.mp3 1033 КБ в пределах нормы.
2025-09-29 13:24:44.627010 [RETRY] Попытка 1/20 генерации аудио...
2025-09-29 13:24:57.650533 [RETRY] Успех на попытке 1 (content_type=audio/mpeg).
2025-09-29 13:24:57.651713 Размер файла output_mp3/part_0080.mp3 1189 КБ в пределах нормы.
2025-09-29 13:24:57.652320 [RETRY] Попытка 1/20 генерации аудио...
2025-09-29 13:25:11.178902 [RETRY] Успех на попытке 1 (content_type=audio/mpeg).
2025-09-29 13:25:11.180028 Размер файла output_mp3/part_0081.mp3 1142 КБ в пределах нормы.
2025-09-29 13:25:11.180591 [RETRY] Попытка 1/20 генерации аудио...
2025-09-29 13:25:23.836097 [RETRY] Успех на попытке 1 (content_type=audio/mpeg).
2025-09-29 13:25:23.837228 Размер файла output_mp3/part_0082.mp3 1110 КБ в пределах нормы.
2025-09-29 13:25:23.837808 [RETRY] Попытка 1/20 генерации аудио...
2025-09-29 13:25:37.117030 [RETRY] Успех на попытке 1 (content_type=audio/mpeg).
2025-09-29 13:25:37.118127 Размер файла output_mp3/part_0083.mp3 1090 КБ в пределах нормы.
2025-09-29 13:25:37.118712 [RETRY] Попытка 1/20 генерации аудио...
2025-09-29 13:25:50.146499 [RETRY] Успех на попытке 1 (content_type=audio/mpeg).
2025-09-29 13:25:50.147683 Размер файла output_mp3/part_0084.mp3 1170 КБ в пределах нормы.
2025-09-29 13:25:50.148267 [RETRY] Попытка 1/20 генерации аудио...
2025-09-29 13:26:03.740566 [RETRY] Успех на попытке 1 (content_type=audio/mpeg).
2025-09-29 13:26:03.741729 Размер файла output_mp3/part_0085.mp3 1197 КБ в пределах нормы.
2025-09-29 13:26:03.742336 [RETRY] Попытка 1/20 генерации аудио...
2025-09-29 13:26:17.580528 [RETRY] Успех на попытке 1 (content_type=audio/mpeg).
2025-09-29 13:26:17.581681 Размер файла output_mp3/part_0086.mp3 1144 КБ в пределах нормы.
2025-09-29 13:26:17.582285 [RETRY] Попытка 1/20 генерации аудио...
2025-09-29 13:26:31.088896 [RETRY] Успех на попытке 1 (content_type=audio/mpeg).
2025-09-29 13:26:31.090042 Размер файла output_mp3/part_0087.mp3 1184 КБ в пределах нормы.
2025-09-29 13:26:31.090615 [RETRY] Попытка 1/20 генерации аудио...
2025-09-29 13:26:44.817134 [RETRY] Успех на попытке 1 (content_type=audio/mpeg).
2025-09-29 13:26:44.818296 Размер файла output_mp3/part_0088.mp3 1207 КБ в пределах нормы.
2025-09-29 13:26:44.818901 [RETRY] Попытка 1/20 генерации аудио...
2025-09-29 13:26:57.819791 [RETRY] Успех на попытке 1 (content_type=audio/mpeg).
2025-09-29 13:26:57.820979 Размер файла output_mp3/part_0089.mp3 1197 КБ в пределах нормы.
2025-09-29 13:26:57.821566 [RETRY] Попытка 1/20 генерации аудио...
2025-09-29 13:27:10.536338 [RETRY] Успех на попытке 1 (content_type=audio/mpeg).
2025-09-29 13:27:10.537599 Размер файла output_mp3/part_0090.mp3 1117 КБ в пределах нормы.
2025-09-29 13:27:10.538204 [RETRY] Попытка 1/20 генерации аудио...
2025-09-29 13:27:22.011325 [RETRY] Успех на попытке 1 (content_type=audio/mpeg).
2025-09-29 13:27:22.012272 Размер файла output_mp3/part_0091.mp3 1063 КБ в пределах нормы.
2025-09-29 13:27:22.012883 [RETRY] Попытка 1/20 генерации аудио...
2025-09-29 13:27:37.175722 [RETRY] Успех на попытке 1 (content_type=audio/mpeg).
2025-09-29 13:27:37.176765 Размер файла output_mp3/part_0092.mp3 1088 КБ в пределах нормы.
2025-09-29 13:27:37.177372 [RETRY] Попытка 1/20 генерации аудио...
2025-09-29 13:27:52.313093 [RETRY] Успех на попытке 1 (content_type=audio/mpeg).
2025-09-29 13:27:52.314062 Размер файла output_mp3/part_0093.mp3 1152 КБ в пределах нормы.
2025-09-29 13:27:52.314680 [RETRY] Попытка 1/20 генерации аудио...
2025-09-29 13:28:07.677020 [RETRY] Успех на попытке 1 (content_type=audio/mpeg).
2025-09-29 13:28:07.677704 Размер файла output_mp3/part_0094.mp3 576 КБ в пределах нормы.
2025-09-29 13:28:07.678332 [RETRY] Попытка 1/20 генерации аудио...
2025-09-29 13:28:20.954901 [RETRY] Успех на попытке 1 (content_type=audio/mpeg).
2025-09-29 13:28:20.956032 Размер файла output_mp3/part_0095.mp3 1179 КБ в пределах нормы.
2025-09-29 13:28:20.956645 [RETRY] Попытка 1/20 генерации аудио...
2025-09-29 13:28:33.112193 [RETRY] Успех на попытке 1 (content_type=audio/mpeg).
2025-09-29 13:28:33.113310 Размер файла output_mp3/part_0096.mp3 1105 КБ в пределах нормы.
2025-09-29 13:28:33.113940 [RETRY] Попытка 1/20 генерации аудио...
2025-09-29 13:28:46.019432 [RETRY] Успех на попытке 1 (content_type=audio/mpeg).
2025-09-29 13:28:46.020504 Размер файла output_mp3/part_0097.mp3 1185 КБ в пределах нормы.
2025-09-29 13:28:46.021145 [RETRY] Попытка 1/20 генерации аудио...
2025-09-29 13:28:57.279435 [RETRY] Успех на попытке 1 (content_type=audio/mpeg).
2025-09-29 13:28:57.280401 Размер файла output_mp3/part_0098.mp3 1041 КБ в пределах нормы.
2025-09-29 13:28:57.281055 [RETRY] Попытка 1/20 генерации аудио...
2025-09-29 13:29:12.437180 [RETRY] Успех на попытке 1 (content_type=audio/mpeg).
2025-09-29 13:29:12.438253 Размер файла output_mp3/part_0099.mp3 1084 КБ в пределах нормы.
2025-09-29 13:29:12.438897 [RETRY] Попытка 1/20 генерации аудио...
2025-09-29 13:29:24.435189 [RETRY] Успех на попытке 1 (content_type=audio/mpeg).
2025-09-29 13:29:24.436154 Размер файла output_mp3/part_0100.mp3 1125 КБ в пределах нормы.
2025-09-29 13:29:24.436816 [RETRY] Попытка 1/20 генерации аудио...
2025-09-29 13:29:36.880269 [RETRY] Успех на попытке 1 (content_type=audio/mpeg).
2025-09-29 13:29:36.881265 Размер файла output_mp3/part_0101.mp3 1148 КБ в пределах нормы.
2025-09-29 13:29:36.881940 [RETRY] Попытка 1/20 генерации аудио...
2025-09-29 13:29:49.216846 [RETRY] Успех на попытке 1 (content_type=audio/mpeg).
2025-09-29 13:29:49.217859 Размер файла output_mp3/part_0102.mp3 1039 КБ в пределах нормы.
2025-09-29 13:29:49.218523 [RETRY] Попытка 1/20 генерации аудио...
2025-09-29 13:30:03.495625 [RETRY] Успех на попытке 1 (content_type=audio/mpeg).
2025-09-29 13:30:03.496877 Размер файла output_mp3/part_0103.mp3 1268 КБ в пределах нормы.
2025-09-29 13:30:03.497542 [RETRY] Попытка 1/20 генерации аудио...
2025-09-29 13:30:17.720527 [RETRY] Успех на попытке 1 (content_type=audio/mpeg).
2025-09-29 13:30:17.721680 Размер файла output_mp3/part_0104.mp3 1290 КБ в пределах нормы.
2025-09-29 13:30:17.722365 [RETRY] Попытка 1/20 генерации аудио...
2025-09-29 13:30:31.639946 [RETRY] Успех на попытке 1 (content_type=audio/mpeg).
2025-09-29 13:30:31.641106 Размер файла output_mp3/part_0105.mp3 1225 КБ в пределах нормы.
2025-09-29 13:30:31.641775 [RETRY] Попытка 1/20 генерации аудио...
2025-09-29 13:30:44.715428 [RETRY] Успех на попытке 1 (content_type=audio/mpeg).
2025-09-29 13:30:44.716589 Размер файла output_mp3/part_0106.mp3 1197 КБ в пределах нормы.
2025-09-29 13:30:44.717272 [RETRY] Попытка 1/20 генерации аудио...
2025-09-29 13:30:58.282857 [RETRY] Успех на попытке 1 (content_type=audio/mpeg).
2025-09-29 13:30:58.284159 Размер файла output_mp3/part_0107.mp3 1132 КБ в пределах нормы.
2025-09-29 13:30:58.284861 [RETRY] Попытка 1/20 генерации аудио...
2025-09-29 13:31:12.748366 [RETRY] Успех на попытке 1 (content_type=audio/mpeg).
2025-09-29 13:31:12.749574 Размер файла output_mp3/part_0108.mp3 1253 КБ в пределах нормы.
2025-09-29 13:31:12.750267 [RETRY] Попытка 1/20 генерации аудио...
2025-09-29 13:31:26.367446 [RETRY] Успех на попытке 1 (content_type=audio/mpeg).
2025-09-29 13:31:26.368480 Размер файла output_mp3/part_0109.mp3 1203 КБ в пределах нормы.
2025-09-29 13:31:26.369180 [RETRY] Попытка 1/20 генерации аудио...
2025-09-29 13:31:40.173948 [RETRY] Успех на попытке 1 (content_type=audio/mpeg).
2025-09-29 13:31:40.175122 Размер файла output_mp3/part_0110.mp3 1241 КБ в пределах нормы.
2025-09-29 13:31:40.175814 [RETRY] Попытка 1/20 генерации аудио...
2025-09-29 13:31:51.337077 [RETRY] Успех на попытке 1 (content_type=audio/mpeg).
2025-09-29 13:31:51.338082 Размер файла output_mp3/part_0111.mp3 975 КБ в пределах нормы.
2025-09-29 13:31:51.338786 [RETRY] Попытка 1/20 генерации аудио...
2025-09-29 13:32:06.377909 [RETRY] Успех на попытке 1 (content_type=audio/mpeg).
2025-09-29 13:32:06.379201 Размер файла output_mp3/part_0112.mp3 1122 КБ в пределах нормы.
2025-09-29 13:32:06.379913 [RETRY] Попытка 1/20 генерации аудио...
2025-09-29 13:32:20.479912 [RETRY] Успех на попытке 1 (content_type=audio/mpeg).
2025-09-29 13:32:20.481020 Размер файла output_mp3/part_0113.mp3 1147 КБ в пределах нормы.
2025-09-29 13:32:20.481718 [RETRY] Попытка 1/20 генерации аудио...
2025-09-29 13:32:32.924504 [RETRY] Успех на попытке 1 (content_type=audio/mpeg).
2025-09-29 13:32:32.925510 Размер файла output_mp3/part_0114.mp3 1116 КБ в пределах нормы.
2025-09-29 13:32:32.926221 [RETRY] Попытка 1/20 генерации аудио...
2025-09-29 13:32:46.092097 [RETRY] Успех на попытке 1 (content_type=audio/mpeg).
2025-09-29 13:32:46.093174 Размер файла output_mp3/part_0115.mp3 1041 КБ в пределах нормы.
2025-09-29 13:32:46.093891 [RETRY] Попытка 1/20 генерации аудио...
2025-09-29 13:32:59.699822 [RETRY] Успех на попытке 1 (content_type=audio/mpeg).
2025-09-29 13:32:59.700946 Размер файла output_mp3/part_0116.mp3 1111 КБ в пределах нормы.
2025-09-29 13:32:59.701707 [RETRY] Попытка 1/20 генерации аудио...
2025-09-29 13:33:10.512161 [RETRY] Успех на попытке 1 (content_type=audio/mpeg).
2025-09-29 13:33:10.513142 Размер файла output_mp3/part_0117.mp3 967 КБ в пределах нормы.
2025-09-29 13:33:10.513873 [RETRY] Попытка 1/20 генерации аудио...
2025-09-29 13:33:22.843008 [RETRY] Успех на попытке 1 (content_type=audio/mpeg).
2025-09-29 13:33:22.844021 Размер файла output_mp3/part_0118.mp3 1064 КБ в пределах нормы.
2025-09-29 13:33:22.844768 [RETRY] Попытка 1/20 генерации аудио...
2025-09-29 13:33:33.634836 [RETRY] Успех на попытке 1 (content_type=audio/mpeg).
2025-09-29 13:33:33.635848 Размер файла output_mp3/part_0119.mp3 941 КБ в пределах нормы.
2025-09-29 13:33:33.636584 [RETRY] Попытка 1/20 генерации аудио...
2025-09-29 13:33:46.605826 [RETRY] Успех на попытке 1 (content_type=audio/mpeg).
2025-09-29 13:33:46.606856 Размер файла output_mp3/part_0120.mp3 1113 КБ в пределах нормы.
2025-09-29 13:33:46.607601 [RETRY] Попытка 1/20 генерации аудио...
2025-09-29 13:34:01.768159 [RETRY] Успех на попытке 1 (content_type=audio/mpeg).
2025-09-29 13:34:01.769129 Размер файла output_mp3/part_0121.mp3 888 КБ в пределах нормы.
2025-09-29 13:34:01.769886 [RETRY] Попытка 1/20 генерации аудио...
2025-09-29 13:34:13.596160 [RETRY] Успех на попытке 1 (content_type=audio/mpeg).
2025-09-29 13:34:13.597018 Размер файла output_mp3/part_0122.mp3 993 КБ в пределах нормы.
2025-09-29 13:34:13.597781 [RETRY] Попытка 1/20 генерации аудио...
2025-09-29 13:34:26.736958 [RETRY] Успех на попытке 1 (content_type=audio/mpeg).
2025-09-29 13:34:26.738132 Размер файла output_mp3/part_0123.mp3 1177 КБ в пределах нормы.
2025-09-29 13:34:26.738900 [RETRY] Попытка 1/20 генерации аудио...
2025-09-29 13:34:40.278516 [RETRY] Успех на попытке 1 (content_type=audio/mpeg).
2025-09-29 13:34:40.279758 Размер файла output_mp3/part_0124.mp3 1208 КБ в пределах нормы.
2025-09-29 13:34:40.280503 [RETRY] Попытка 1/20 генерации аудио...
2025-09-29 13:34:53.060034 [RETRY] Успех на попытке 1 (content_type=audio/mpeg).
2025-09-29 13:34:53.061095 Размер файла output_mp3/part_0125.mp3 1164 КБ в пределах нормы.
2025-09-29 13:34:53.061872 [RETRY] Попытка 1/20 генерации аудио...
2025-09-29 13:35:08.066788 [RETRY] Успех на попытке 1 (content_type=audio/mpeg).
2025-09-29 13:35:08.067929 Размер файла output_mp3/part_0126.mp3 1183 КБ в пределах нормы.
2025-09-29 13:35:08.068682 [RETRY] Попытка 1/20 генерации аудио...
2025-09-29 13:35:21.275920 [RETRY] Успех на попытке 1 (content_type=audio/mpeg).
2025-09-29 13:35:21.277054 Размер файла output_mp3/part_0127.mp3 1130 КБ в пределах нормы.
2025-09-29 13:35:21.277824 [RETRY] Попытка 1/20 генерации аудио...
2025-09-29 13:35:35.008372 [RETRY] Успех на попытке 1 (content_type=audio/mpeg).
2025-09-29 13:35:35.009544 Размер файла output_mp3/part_0128.mp3 1210 КБ в пределах нормы.
2025-09-29 13:35:35.010329 [RETRY] Попытка 1/20 генерации аудио...
2025-09-29 13:35:50.039358 [RETRY] Успех на попытке 1 (content_type=audio/mpeg).
2025-09-29 13:35:50.040493 Размер файла output_mp3/part_0129.mp3 1127 КБ в пределах нормы.
2025-09-29 13:35:50.041275 [RETRY] Попытка 1/20 генерации аудио...
2025-09-29 13:36:05.198814 [RETRY] Успех на попытке 1 (content_type=audio/mpeg).
2025-09-29 13:36:05.199730 Размер файла output_mp3/part_0130.mp3 564 КБ в пределах нормы.
2025-09-29 13:36:05.200523 [RETRY] Попытка 1/20 генерации аудио...
2025-09-29 13:36:19.303436 [RETRY] Успех на попытке 1 (content_type=audio/mpeg).
2025-09-29 13:36:19.304595 Размер файла output_mp3/part_0131.mp3 1176 КБ в пределах нормы.
2025-09-29 13:36:19.305383 [RETRY] Попытка 1/20 генерации аудио...
2025-09-29 13:36:31.428205 [RETRY] Успех на попытке 1 (content_type=audio/mpeg).
2025-09-29 13:36:31.429121 Размер файла output_mp3/part_0132.mp3 1055 КБ в пределах нормы.
2025-09-29 13:36:31.429920 [RETRY] Попытка 1/20 генерации аудио...
2025-09-29 13:36:42.256029 [RETRY] Успех на попытке 1 (content_type=audio/mpeg).
2025-09-29 13:36:42.256868 Размер файла output_mp3/part_0133.mp3 952 КБ в пределах нормы.
2025-09-29 13:36:42.257664 [RETRY] Попытка 1/20 генерации аудио...
2025-09-29 13:36:55.545514 [RETRY] Успех на попытке 1 (content_type=audio/mpeg).
2025-09-29 13:36:55.546730 Размер файла output_mp3/part_0134.mp3 1181 КБ в пределах нормы.
2025-09-29 13:36:55.547548 [RETRY] Попытка 1/20 генерации аудио...
2025-09-29 13:37:07.410240 [RETRY] Успех на попытке 1 (content_type=audio/mpeg).
2025-09-29 13:37:07.411244 Размер файла output_mp3/part_0135.mp3 1015 КБ в пределах нормы.
2025-09-29 13:37:07.412073 [RETRY] Попытка 1/20 генерации аудио...
2025-09-29 13:37:20.048426 [RETRY] Успех на попытке 1 (content_type=audio/mpeg).
2025-09-29 13:37:20.049440 Размер файла output_mp3/part_0136.mp3 1156 КБ в пределах нормы.
2025-09-29 13:37:20.050278 [RETRY] Попытка 1/20 генерации аудио...
2025-09-29 13:37:32.506210 [RETRY] Успех на попытке 1 (content_type=audio/mpeg).
2025-09-29 13:37:32.507283 Размер файла output_mp3/part_0137.mp3 1062 КБ в пределах нормы.
2025-09-29 13:37:32.508123 [RETRY] Попытка 1/20 генерации аудио...
2025-09-29 13:37:45.585263 [RETRY] Успех на попытке 1 (content_type=audio/mpeg).
2025-09-29 13:37:45.586424 Размер файла output_mp3/part_0138.mp3 1246 КБ в пределах нормы.
2025-09-29 13:37:45.587263 [RETRY] Попытка 1/20 генерации аудио...
2025-09-29 13:37:56.889033 [RETRY] Успех на попытке 1 (content_type=audio/mpeg).
2025-09-29 13:37:56.890076 Размер файла output_mp3/part_0139.mp3 1002 КБ в пределах нормы.
2025-09-29 13:37:56.890916 [RETRY] Попытка 1/20 генерации аудио...
2025-09-29 13:38:09.558908 [RETRY] Успех на попытке 1 (content_type=audio/mpeg).
2025-09-29 13:38:09.559968 Размер файла output_mp3/part_0140.mp3 1011 КБ в пределах нормы.
2025-09-29 13:38:09.560824 [RETRY] Попытка 1/20 генерации аудио...
2025-09-29 13:38:22.234105 [RETRY] Успех на попытке 1 (content_type=audio/mpeg).
2025-09-29 13:38:22.235161 Размер файла output_mp3/part_0141.mp3 993 КБ в пределах нормы.
2025-09-29 13:38:22.236010 [RETRY] Попытка 1/20 генерации аудио...
2025-09-29 13:38:33.766533 [RETRY] Успех на попытке 1 (content_type=audio/mpeg).
2025-09-29 13:38:33.767457 Размер файла output_mp3/part_0142.mp3 1070 КБ в пределах нормы.
2025-09-29 13:38:33.768316 [RETRY] Попытка 1/20 генерации аудио...
2025-09-29 13:38:48.927886 [RETRY] Успех на попытке 1 (content_type=audio/mpeg).
2025-09-29 13:38:48.928881 Размер файла output_mp3/part_0143.mp3 904 КБ в пределах нормы.
2025-09-29 13:38:48.929758 [RETRY] Попытка 1/20 генерации аудио...
2025-09-29 13:39:02.427914 [RETRY] Успех на попытке 1 (content_type=audio/mpeg).
2025-09-29 13:39:02.428928 Размер файла output_mp3/part_0144.mp3 1102 КБ в пределах нормы.
2025-09-29 13:39:02.429793 [RETRY] Попытка 1/20 генерации аудио...
2025-09-29 13:39:17.587317 [RETRY] Успех на попытке 1 (content_type=audio/mpeg).
2025-09-29 13:39:17.588448 Размер файла output_mp3/part_0145.mp3 1104 КБ в пределах нормы.
2025-09-29 13:39:17.589349 [RETRY] Попытка 1/20 генерации аудио...
2025-09-29 13:39:29.137233 [RETRY] Успех на попытке 1 (content_type=audio/mpeg).
2025-09-29 13:39:29.138335 Размер файла output_mp3/part_0146.mp3 1047 КБ в пределах нормы.
2025-09-29 13:39:29.139218 [RETRY] Попытка 1/20 генерации аудио...
2025-09-29 13:39:44.305482 [RETRY] Успех на попытке 1 (content_type=audio/mpeg).
2025-09-29 13:39:44.306460 Размер файла output_mp3/part_0147.mp3 884 КБ в пределах нормы.
2025-09-29 13:39:44.307345 [RETRY] Попытка 1/20 генерации аудио...
2025-09-29 13:39:57.618470 [RETRY] Успех на попытке 1 (content_type=audio/mpeg).
2025-09-29 13:39:57.619492 Размер файла output_mp3/part_0148.mp3 1183 КБ в пределах нормы.
2025-09-29 13:39:57.620379 [RETRY] Попытка 1/20 генерации аудио...
2025-09-29 13:40:11.071226 [RETRY] Успех на попытке 1 (content_type=audio/mpeg).
2025-09-29 13:40:11.072367 Размер файла output_mp3/part_0149.mp3 1161 КБ в пределах нормы.
2025-09-29 13:40:11.073259 [RETRY] Попытка 1/20 генерации аудио...
2025-09-29 13:40:23.227245 [RETRY] Успех на попытке 1 (content_type=audio/mpeg).
2025-09-29 13:40:23.228403 Размер файла output_mp3/part_0150.mp3 1106 КБ в пределах нормы.
2025-09-29 13:40:23.229288 [RETRY] Попытка 1/20 генерации аудио...
2025-09-29 13:40:35.836170 [RETRY] Успех на попытке 1 (content_type=audio/mpeg).
2025-09-29 13:40:35.837399 Размер файла output_mp3/part_0151.mp3 1159 КБ в пределах нормы.
2025-09-29 13:40:35.838307 [RETRY] Попытка 1/20 генерации аудио...
2025-09-29 13:40:48.138816 [RETRY] Успех на попытке 1 (content_type=audio/mpeg).
2025-09-29 13:40:48.139716 Размер файла output_mp3/part_0152.mp3 1050 КБ в пределах нормы.
2025-09-29 13:40:48.140618 [RETRY] Попытка 1/20 генерации аудио...
2025-09-29 13:41:00.978034 [RETRY] Успех на попытке 1 (content_type=audio/mpeg).
2025-09-29 13:41:00.979181 Размер файла output_mp3/part_0153.mp3 1182 КБ в пределах нормы.
2025-09-29 13:41:00.980088 [RETRY] Попытка 1/20 генерации аудио...
2025-09-29 13:41:15.736888 [RETRY] Успех на попытке 1 (content_type=audio/mpeg).
2025-09-29 13:41:15.738040 Размер файла output_mp3/part_0154.mp3 1148 КБ в пределах нормы.
2025-09-29 13:41:15.738933 [RETRY] Попытка 1/20 генерации аудио...
2025-09-29 13:41:29.623911 [RETRY] Успех на попытке 1 (content_type=audio/mpeg).
2025-09-29 13:41:29.625096 Размер файла output_mp3/part_0155.mp3 1228 КБ в пределах нормы.
2025-09-29 13:41:29.626026 [RETRY] Попытка 1/20 генерации аудио...
2025-09-29 13:41:42.833159 [RETRY] Успех на попытке 1 (content_type=audio/mpeg).
2025-09-29 13:41:42.834256 Размер файла output_mp3/part_0156.mp3 1028 КБ в пределах нормы.
2025-09-29 13:41:42.835159 [RETRY] Попытка 1/20 генерации аудио...
2025-09-29 13:41:55.587311 [RETRY] Успех на попытке 1 (content_type=audio/mpeg).
2025-09-29 13:41:55.588412 Размер файла output_mp3/part_0157.mp3 1129 КБ в пределах нормы.
2025-09-29 13:41:55.589322 [RETRY] Попытка 1/20 генерации аудио...
2025-09-29 13:42:08.598163 [RETRY] Успех на попытке 1 (content_type=audio/mpeg).
2025-09-29 13:42:08.599262 Размер файла output_mp3/part_0158.mp3 1150 КБ в пределах нормы.
2025-09-29 13:42:08.600185 [RETRY] Попытка 1/20 генерации аудио...
2025-09-29 13:42:21.756565 [RETRY] Успех на попытке 1 (content_type=audio/mpeg).
2025-09-29 13:42:21.757756 Размер файла output_mp3/part_0159.mp3 1161 КБ в пределах нормы.
2025-09-29 13:42:21.758662 [RETRY] Попытка 1/20 генерации аудио...
2025-09-29 13:42:35.597723 [RETRY] Успех на попытке 1 (content_type=audio/mpeg).
2025-09-29 13:42:35.598913 Размер файла output_mp3/part_0160.mp3 1171 КБ в пределах нормы.
2025-09-29 13:42:35.599851 [RETRY] Попытка 1/20 генерации аудио...
2025-09-29 13:42:49.074691 [RETRY] Успех на попытке 1 (content_type=audio/mpeg).
2025-09-29 13:42:49.075825 Размер файла output_mp3/part_0161.mp3 1093 КБ в пределах нормы.
2025-09-29 13:42:49.076839 [RETRY] Попытка 1/20 генерации аудио...
2025-09-29 13:43:01.430720 [RETRY] Успех на попытке 1 (content_type=audio/mpeg).
2025-09-29 13:43:01.431989 Размер файла output_mp3/part_0162.mp3 1018 КБ в пределах нормы.
2025-09-29 13:43:01.432930 [RETRY] Попытка 1/20 генерации аудио...
2025-09-29 13:43:14.803801 [RETRY] Успех на попытке 1 (content_type=audio/mpeg).
2025-09-29 13:43:14.804805 Размер файла output_mp3/part_0163.mp3 1098 КБ в пределах нормы.
2025-09-29 13:43:14.805764 [RETRY] Попытка 1/20 генерации аудио...
2025-09-29 13:43:27.545724 [RETRY] Успех на попытке 1 (content_type=audio/mpeg).
2025-09-29 13:43:27.547048 Размер файла output_mp3/part_0164.mp3 1157 КБ в пределах нормы.
2025-09-29 13:43:27.548109 [RETRY] Попытка 1/20 генерации аудио...
2025-09-29 13:43:42.217667 [RETRY] Успех на попытке 1 (content_type=audio/mpeg).
2025-09-29 13:43:42.218767 Размер файла output_mp3/part_0165.mp3 1176 КБ в пределах нормы.
2025-09-29 13:43:42.219813 [RETRY] Попытка 1/20 генерации аудио...
2025-09-29 13:43:55.167121 [RETRY] Успех на попытке 1 (content_type=audio/mpeg).
2025-09-29 13:43:55.168405 Размер файла output_mp3/part_0166.mp3 1105 КБ в пределах нормы.
2025-09-29 13:43:55.169530 [RETRY] Попытка 1/20 генерации аудио...
2025-09-29 13:44:08.659717 [RETRY] Успех на попытке 1 (content_type=audio/mpeg).
2025-09-29 13:44:08.661063 Размер файла output_mp3/part_0167.mp3 1171 КБ в пределах нормы.
2025-09-29 13:44:08.662160 [RETRY] Попытка 1/20 генерации аудио...
2025-09-29 13:44:20.684490 [RETRY] Успех на попытке 1 (content_type=audio/mpeg).
2025-09-29 13:44:20.685804 Размер файла output_mp3/part_0168.mp3 1124 КБ в пределах нормы.
2025-09-29 13:44:20.686921 [RETRY] Попытка 1/20 генерации аудио...
2025-09-29 13:44:34.501547 [RETRY] Успех на попытке 1 (content_type=audio/mpeg).
2025-09-29 13:44:34.502955 Размер файла output_mp3/part_0169.mp3 1251 КБ в пределах нормы.
2025-09-29 13:44:34.504130 [RETRY] Попытка 1/20 генерации аудио...
2025-09-29 13:44:46.830293 [RETRY] Успех на попытке 1 (content_type=audio/mpeg).
2025-09-29 13:44:46.831770 Размер файла output_mp3/part_0170.mp3 1063 КБ в пределах нормы.
2025-09-29 13:44:46.832882 [RETRY] Попытка 1/20 генерации аудио...
2025-09-29 13:45:01.993275 [RETRY] Успех на попытке 1 (content_type=audio/mpeg).
2025-09-29 13:45:01.994069 Размер файла output_mp3/part_0171.mp3 504 КБ в пределах нормы.
2025-09-29 13:45:01.995266 [RETRY] Попытка 1/20 генерации аудио...
2025-09-29 13:45:14.686114 [RETRY] Успех на попытке 1 (content_type=audio/mpeg).
2025-09-29 13:45:14.687326 Размер файла output_mp3/part_0172.mp3 1120 КБ в пределах нормы.
2025-09-29 13:45:14.688490 [RETRY] Попытка 1/20 генерации аудио...
2025-09-29 13:45:28.534240 [RETRY] Успех на попытке 1 (content_type=audio/mpeg).
2025-09-29 13:45:28.535521 Размер файла output_mp3/part_0173.mp3 1149 КБ в пределах нормы.
2025-09-29 13:45:28.536621 [RETRY] Попытка 1/20 генерации аудио...
2025-09-29 13:45:41.810772 [RETRY] Успех на попытке 1 (content_type=audio/mpeg).
2025-09-29 13:45:41.812082 Размер файла output_mp3/part_0174.mp3 1168 КБ в пределах нормы.
2025-09-29 13:45:41.813225 [RETRY] Попытка 1/20 генерации аудио...
2025-09-29 13:45:53.724803 [RETRY] Успех на попытке 1 (content_type=audio/mpeg).
2025-09-29 13:45:53.726029 Размер файла output_mp3/part_0175.mp3 1026 КБ в пределах нормы.
2025-09-29 13:45:53.727203 [RETRY] Попытка 1/20 генерации аудио...
2025-09-29 13:46:06.633650 [RETRY] Успех на попытке 1 (content_type=audio/mpeg).
2025-09-29 13:46:06.634983 Размер файла output_mp3/part_0176.mp3 1173 КБ в пределах нормы.
2025-09-29 13:46:06.636112 [RETRY] Попытка 1/20 генерации аудио...
2025-09-29 13:46:20.084475 [RETRY] Успех на попытке 1 (content_type=audio/mpeg).
2025-09-29 13:46:20.085676 Размер файла output_mp3/part_0177.mp3 1049 КБ в пределах нормы.
2025-09-29 13:46:20.086835 [RETRY] Попытка 1/20 генерации аудио...
2025-09-29 13:46:32.739844 [RETRY] Успех на попытке 1 (content_type=audio/mpeg).
2025-09-29 13:46:32.741200 Размер файла output_mp3/part_0178.mp3 1102 КБ в пределах нормы.
2025-09-29 13:46:32.742455 [RETRY] Попытка 1/20 генерации аудио...
2025-09-29 13:46:45.350359 [RETRY] Успех на попытке 1 (content_type=audio/mpeg).
2025-09-29 13:46:45.351495 Размер файла output_mp3/part_0179.mp3 1086 КБ в пределах нормы.
2025-09-29 13:46:45.352801 [RETRY] Попытка 1/20 генерации аудио...
2025-09-29 13:46:59.975297 [RETRY] Успех на попытке 1 (content_type=audio/mpeg).
2025-09-29 13:46:59.976660 Размер файла output_mp3/part_0180.mp3 1233 КБ в пределах нормы.
2025-09-29 13:46:59.977926 [RETRY] Попытка 1/20 генерации аудио...
2025-09-29 13:47:13.198199 [RETRY] Успех на попытке 1 (content_type=audio/mpeg).
2025-09-29 13:47:13.199564 Размер файла output_mp3/part_0181.mp3 1170 КБ в пределах нормы.
2025-09-29 13:47:13.200878 [RETRY] Попытка 1/20 генерации аудио...
2025-09-29 13:47:25.681524 [RETRY] Успех на попытке 1 (content_type=audio/mpeg).
2025-09-29 13:47:25.682724 Размер файла output_mp3/part_0182.mp3 1137 КБ в пределах нормы.
2025-09-29 13:47:25.683962 [RETRY] Попытка 1/20 генерации аудио...
2025-09-29 13:47:38.423295 [RETRY] Успех на попытке 1 (content_type=audio/mpeg).
2025-09-29 13:47:38.424613 Размер файла output_mp3/part_0183.mp3 1161 КБ в пределах нормы.
2025-09-29 13:47:38.425836 [RETRY] Попытка 1/20 генерации аудио...
2025-09-29 13:47:51.870527 [RETRY] Успех на попытке 1 (content_type=audio/mpeg).
2025-09-29 13:47:51.871719 Размер файла output_mp3/part_0184.mp3 1137 КБ в пределах нормы.
2025-09-29 13:47:51.872945 [RETRY] Попытка 1/20 генерации аудио...
2025-09-29 13:48:04.141169 [RETRY] Успех на попытке 1 (content_type=audio/mpeg).
2025-09-29 13:48:04.142549 Размер файла output_mp3/part_0185.mp3 1103 КБ в пределах нормы.
2025-09-29 13:48:04.143827 [RETRY] Попытка 1/20 генерации аудио...
2025-09-29 13:48:17.626928 [RETRY] Успех на попытке 1 (content_type=audio/mpeg).
2025-09-29 13:48:17.628047 Размер файла output_mp3/part_0186.mp3 1269 КБ в пределах нормы.
2025-09-29 13:48:17.629198 [RETRY] Попытка 1/20 генерации аудио...
2025-09-29 13:48:27.347556 [RETRY] Успех на попытке 1 (content_type=audio/mpeg).
2025-09-29 13:48:27.348912 Размер файла output_mp3/part_0187.mp3 900 КБ в пределах нормы.
2025-09-29 13:48:27.350089 [RETRY] Попытка 1/20 генерации аудио...
2025-09-29 13:48:39.813498 [RETRY] Успех на попытке 1 (content_type=audio/mpeg).
2025-09-29 13:48:39.814671 Размер файла output_mp3/part_0188.mp3 1111 КБ в пределах нормы.
2025-09-29 13:48:39.815824 [RETRY] Попытка 1/20 генерации аудио...
2025-09-29 13:48:52.741068 [RETRY] Успех на попытке 1 (content_type=audio/mpeg).
2025-09-29 13:48:52.742200 Размер файла output_mp3/part_0189.mp3 1092 КБ в пределах нормы.
2025-09-29 13:48:52.743262 [RETRY] Попытка 1/20 генерации аудио...
2025-09-29 13:49:06.754641 [RETRY] Успех на попытке 1 (content_type=audio/mpeg).
2025-09-29 13:49:06.755791 Размер файла output_mp3/part_0190.mp3 1263 КБ в пределах нормы.
2025-09-29 13:49:06.756858 [RETRY] Попытка 1/20 генерации аудио...
2025-09-29 13:49:19.539400 [RETRY] Успех на попытке 1 (content_type=audio/mpeg).
2025-09-29 13:49:19.540557 Размер файла output_mp3/part_0191.mp3 1162 КБ в пределах нормы.
2025-09-29 13:49:19.541636 [RETRY] Попытка 1/20 генерации аудио...
2025-09-29 13:49:31.838183 [RETRY] Успех на попытке 1 (content_type=audio/mpeg).
2025-09-29 13:49:31.839145 Размер файла output_mp3/part_0192.mp3 1114 КБ в пределах нормы.
2025-09-29 13:49:31.840263 [RETRY] Попытка 1/20 генерации аудио...
2025-09-29 13:49:44.527901 [RETRY] Успех на попытке 1 (content_type=audio/mpeg).
2025-09-29 13:49:44.528986 Размер файла output_mp3/part_0193.mp3 1123 КБ в пределах нормы.
2025-09-29 13:49:44.530216 [RETRY] Попытка 1/20 генерации аудио...
2025-09-29 13:49:56.875664 [RETRY] Успех на попытке 1 (content_type=audio/mpeg).
2025-09-29 13:49:56.876807 Размер файла output_mp3/part_0194.mp3 1105 КБ в пределах нормы.
2025-09-29 13:49:56.877889 [RETRY] Попытка 1/20 генерации аудио...
2025-09-29 13:50:09.044838 [RETRY] Успех на попытке 1 (content_type=audio/mpeg).
2025-09-29 13:50:09.045938 Размер файла output_mp3/part_0195.mp3 1065 КБ в пределах нормы.
2025-09-29 13:50:09.047019 [RETRY] Попытка 1/20 генерации аудио...
2025-09-29 13:50:22.955370 [RETRY] Успех на попытке 1 (content_type=audio/mpeg).
2025-09-29 13:50:22.956541 Размер файла output_mp3/part_0196.mp3 1122 КБ в пределах нормы.
2025-09-29 13:50:22.957622 [RETRY] Попытка 1/20 генерации аудио...
2025-09-29 13:50:35.864306 [RETRY] Успех на попытке 1 (content_type=audio/mpeg).
2025-09-29 13:50:35.865229 Размер файла output_mp3/part_0197.mp3 1095 КБ в пределах нормы.
2025-09-29 13:50:35.866328 [RETRY] Попытка 1/20 генерации аудио...
2025-09-29 13:50:48.546207 [RETRY] Успех на попытке 1 (content_type=audio/mpeg).
2025-09-29 13:50:48.547102 Размер файла output_mp3/part_0198.mp3 1084 КБ в пределах нормы.
2025-09-29 13:50:48.548187 [RETRY] Попытка 1/20 генерации аудио...
2025-09-29 13:51:02.427274 [RETRY] Успех на попытке 1 (content_type=audio/mpeg).
2025-09-29 13:51:02.428433 Размер файла output_mp3/part_0199.mp3 1163 КБ в пределах нормы.
2025-09-29 13:51:02.429539 [RETRY] Попытка 1/20 генерации аудио...
2025-09-29 13:51:15.547379 [RETRY] Успех на попытке 1 (content_type=audio/mpeg).
2025-09-29 13:51:15.548390 Размер файла output_mp3/part_0200.mp3 1129 КБ в пределах нормы.
2025-09-29 13:51:15.549599 [RETRY] Попытка 1/20 генерации аудио...
2025-09-29 13:51:28.192862 [RETRY] Успех на попытке 1 (content_type=audio/mpeg).
2025-09-29 13:51:28.194055 Размер файла output_mp3/part_0201.mp3 1168 КБ в пределах нормы.
2025-09-29 13:51:28.195327 [RETRY] Попытка 1/20 генерации аудио...
2025-09-29 13:51:39.997794 [RETRY] Успех на попытке 1 (content_type=audio/mpeg).
2025-09-29 13:51:39.998784 Размер файла output_mp3/part_0202.mp3 985 КБ в пределах нормы.
2025-09-29 13:51:40.000098 [RETRY] Попытка 1/20 генерации аудио...
2025-09-29 13:51:49.816114 [RETRY] Успех на попытке 1 (content_type=audio/mpeg).
2025-09-29 13:51:49.817033 Размер файла output_mp3/part_0203.mp3 895 КБ в пределах нормы.
2025-09-29 13:51:49.818397 [RETRY] Попытка 1/20 генерации аудио...
2025-09-29 13:52:04.376210 [RETRY] Успех на попытке 1 (content_type=audio/mpeg).
2025-09-29 13:52:04.377588 Размер файла output_mp3/part_0204.mp3 1222 КБ в пределах нормы.
2025-09-29 13:52:04.378943 [RETRY] Попытка 1/20 генерации аудио...
2025-09-29 13:52:18.090468 [RETRY] Успех на попытке 1 (content_type=audio/mpeg).
2025-09-29 13:52:18.091725 Размер файла output_mp3/part_0205.mp3 1101 КБ в пределах нормы.
2025-09-29 13:52:18.093020 [RETRY] Попытка 1/20 генерации аудио...
2025-09-29 13:52:30.655797 [RETRY] Успех на попытке 1 (content_type=audio/mpeg).
2025-09-29 13:52:30.656966 Размер файла output_mp3/part_0206.mp3 1074 КБ в пределах нормы.
2025-09-29 13:52:30.658269 [RETRY] Попытка 1/20 генерации аудио...
2025-09-29 13:52:42.270307 [RETRY] Успех на попытке 1 (content_type=audio/mpeg).
2025-09-29 13:52:42.271507 Размер файла output_mp3/part_0207.mp3 987 КБ в пределах нормы.
2025-09-29 13:52:42.272863 [RETRY] Попытка 1/20 генерации аудио...
2025-09-29 13:52:54.742460 [RETRY] Успех на попытке 1 (content_type=audio/mpeg).
2025-09-29 13:52:54.743516 Размер файла output_mp3/part_0208.mp3 1075 КБ в пределах нормы.
2025-09-29 13:52:54.744857 [RETRY] Попытка 1/20 генерации аудио...
2025-09-29 13:53:07.021691 [RETRY] Успех на попытке 1 (content_type=audio/mpeg).
2025-09-29 13:53:07.022962 Размер файла output_mp3/part_0209.mp3 1072 КБ в пределах нормы.
2025-09-29 13:53:07.024243 [RETRY] Попытка 1/20 генерации аудио...
2025-09-29 13:53:21.502460 [RETRY] Успех на попытке 1 (content_type=audio/mpeg).
2025-09-29 13:53:21.503695 Размер файла output_mp3/part_0210.mp3 1150 КБ в пределах нормы.
2025-09-29 13:53:21.504958 [RETRY] Попытка 1/20 генерации аудио...
2025-09-29 13:53:36.702486 [RETRY] Успех на попытке 1 (content_type=audio/mpeg).
2025-09-29 13:53:36.703577 Размер файла output_mp3/part_0211.mp3 828 КБ в пределах нормы.
2025-09-29 13:53:36.704848 [RETRY] Попытка 1/20 генерации аудио...
2025-09-29 13:53:49.851029 [RETRY] Успех на попытке 1 (content_type=audio/mpeg).
2025-09-29 13:53:49.852317 Размер файла output_mp3/part_0212.mp3 1212 КБ в пределах нормы.
2025-09-29 13:53:49.853567 [RETRY] Попытка 1/20 генерации аудио...
2025-09-29 13:54:01.975844 [RETRY] Успех на попытке 1 (content_type=audio/mpeg).
2025-09-29 13:54:01.977049 Размер файла output_mp3/part_0213.mp3 1156 КБ в пределах нормы.
2025-09-29 13:54:01.978251 [RETRY] Попытка 1/20 генерации аудио...
2025-09-29 13:54:14.520007 [RETRY] Успех на попытке 1 (content_type=audio/mpeg).
2025-09-29 13:54:14.520963 Размер файла output_mp3/part_0214.mp3 1134 КБ в пределах нормы.
2025-09-29 13:54:14.522153 [RETRY] Попытка 1/20 генерации аудио...
2025-09-29 13:54:26.802771 [RETRY] Успех на попытке 1 (content_type=audio/mpeg).
2025-09-29 13:54:26.803804 Размер файла output_mp3/part_0215.mp3 1062 КБ в пределах нормы.
2025-09-29 13:54:26.804985 [RETRY] Попытка 1/20 генерации аудио...
2025-09-29 13:54:41.977348 [RETRY] Успех на попытке 1 (content_type=audio/mpeg).
2025-09-29 13:54:41.978702 Размер файла output_mp3/part_0216.mp3 1044 КБ в пределах нормы.
2025-09-29 13:54:41.979952 [RETRY] Попытка 1/20 генерации аудио...
2025-09-29 13:54:54.354625 [RETRY] Успех на попытке 1 (content_type=audio/mpeg).
2025-09-29 13:54:54.355601 Размер файла output_mp3/part_0217.mp3 1044 КБ в пределах нормы.
2025-09-29 13:54:54.356782 [RETRY] Попытка 1/20 генерации аудио...
2025-09-29 13:55:07.236685 [RETRY] Успех на попытке 1 (content_type=audio/mpeg).
2025-09-29 13:55:07.237859 Размер файла output_mp3/part_0218.mp3 1132 КБ в пределах нормы.
2025-09-29 13:55:07.239103 [RETRY] Попытка 1/20 генерации аудио...
2025-09-29 13:55:21.022667 [RETRY] Успех на попытке 1 (content_type=audio/mpeg).
2025-09-29 13:55:21.023664 Размер файла output_mp3/part_0219.mp3 1194 КБ в пределах нормы.
2025-09-29 13:55:21.024859 [RETRY] Попытка 1/20 генерации аудио...
2025-09-29 13:55:33.404031 [RETRY] Успех на попытке 1 (content_type=audio/mpeg).
2025-09-29 13:55:33.405050 Размер файла output_mp3/part_0220.mp3 1039 КБ в пределах нормы.
2025-09-29 13:55:33.406254 [RETRY] Попытка 1/20 генерации аудио...
2025-09-29 13:55:46.003974 [RETRY] Успех на попытке 1 (content_type=audio/mpeg).
2025-09-29 13:55:46.005083 Размер файла output_mp3/part_0221.mp3 1065 КБ в пределах нормы.
2025-09-29 13:55:46.006332 [RETRY] Попытка 1/20 генерации аудио...
2025-09-29 13:55:55.712171 [RETRY] Успех на попытке 1 (content_type=audio/mpeg).
2025-09-29 13:55:55.713101 Размер файла output_mp3/part_0222.mp3 811 КБ в пределах нормы.
2025-09-29 13:55:55.714317 [RETRY] Попытка 1/20 генерации аудио...
2025-09-29 13:56:07.552708 [RETRY] Успех на попытке 1 (content_type=audio/mpeg).
2025-09-29 13:56:07.553774 Размер файла output_mp3/part_0223.mp3 991 КБ в пределах нормы.
2025-09-29 13:56:07.554988 [RETRY] Попытка 1/20 генерации аудио...
2025-09-29 13:56:18.921419 [RETRY] Успех на попытке 1 (content_type=audio/mpeg).
2025-09-29 13:56:18.922253 Размер файла output_mp3/part_0224.mp3 958 КБ в пределах нормы.
2025-09-29 13:56:18.923497 [RETRY] Попытка 1/20 генерации аудио...
2025-09-29 13:56:31.434599 [RETRY] Успех на попытке 1 (content_type=audio/mpeg).
2025-09-29 13:56:31.435552 Размер файла output_mp3/part_0225.mp3 1086 КБ в пределах нормы.
2025-09-29 13:56:31.436834 [RETRY] Попытка 1/20 генерации аудио...
2025-09-29 13:56:44.264126 [RETRY] Успех на попытке 1 (content_type=audio/mpeg).
2025-09-29 13:56:44.265137 Размер файла output_mp3/part_0226.mp3 1059 КБ в пределах нормы.
2025-09-29 13:56:44.266403 [RETRY] Попытка 1/20 генерации аудио...
2025-09-29 13:56:57.586432 [RETRY] Успех на попытке 1 (content_type=audio/mpeg).
2025-09-29 13:56:57.587582 Размер файла output_mp3/part_0227.mp3 1161 КБ в пределах нормы.
2025-09-29 13:56:57.588828 [RETRY] Попытка 1/20 генерации аудио...
2025-09-29 13:57:09.474040 [RETRY] Успех на попытке 1 (content_type=audio/mpeg).
2025-09-29 13:57:09.475144 Размер файла output_mp3/part_0228.mp3 1024 КБ в пределах нормы.
2025-09-29 13:57:09.476423 [RETRY] Попытка 1/20 генерации аудио...
2025-09-29 13:57:23.038268 [RETRY] Успех на попытке 1 (content_type=audio/mpeg).
2025-09-29 13:57:23.039424 Размер файла output_mp3/part_0229.mp3 1176 КБ в пределах нормы.
2025-09-29 13:57:23.040678 [RETRY] Попытка 1/20 генерации аудио...
2025-09-29 13:57:34.769337 [RETRY] Успех на попытке 1 (content_type=audio/mpeg).
2025-09-29 13:57:34.770426 Размер файла output_mp3/part_0230.mp3 1021 КБ в пределах нормы.
2025-09-29 13:57:34.771672 [RETRY] Попытка 1/20 генерации аудио...
2025-09-29 13:57:46.162149 [RETRY] Успех на попытке 1 (content_type=audio/mpeg).
2025-09-29 13:57:46.163167 Размер файла output_mp3/part_0231.mp3 996 КБ в пределах нормы.
2025-09-29 13:57:46.164419 [RETRY] Попытка 1/20 генерации аудио...
2025-09-29 13:57:59.093112 [RETRY] Успех на попытке 1 (content_type=audio/mpeg).
2025-09-29 13:57:59.094271 Размер файла output_mp3/part_0232.mp3 1141 КБ в пределах нормы.
2025-09-29 13:57:59.095523 [RETRY] Попытка 1/20 генерации аудио...
2025-09-29 13:58:11.598223 [RETRY] Успех на попытке 1 (content_type=audio/mpeg).
2025-09-29 13:58:11.599348 Размер файла output_mp3/part_0233.mp3 1041 КБ в пределах нормы.
2025-09-29 13:58:11.600645 [RETRY] Попытка 1/20 генерации аудио...
2025-09-29 13:58:25.691953 [RETRY] Успех на попытке 1 (content_type=audio/mpeg).
2025-09-29 13:58:25.693219 Размер файла output_mp3/part_0234.mp3 1279 КБ в пределах нормы.
2025-09-29 13:58:25.694526 [RETRY] Попытка 1/20 генерации аудио...
2025-09-29 13:58:37.412174 [RETRY] Успех на попытке 1 (content_type=audio/mpeg).
2025-09-29 13:58:37.413196 Размер файла output_mp3/part_0235.mp3 1078 КБ в пределах нормы.
2025-09-29 13:58:37.414535 [RETRY] Попытка 1/20 генерации аудио...
2025-09-29 13:58:49.951444 [RETRY] Успех на попытке 1 (content_type=audio/mpeg).
2025-09-29 13:58:49.952543 Размер файла output_mp3/part_0236.mp3 1039 КБ в пределах нормы.
2025-09-29 13:58:49.953860 [RETRY] Попытка 1/20 генерации аудио...
2025-09-29 13:59:01.284066 [RETRY] Успех на попытке 1 (content_type=audio/mpeg).
2025-09-29 13:59:01.285160 Размер файла output_mp3/part_0237.mp3 977 КБ в пределах нормы.
2025-09-29 13:59:01.286500 [RETRY] Попытка 1/20 генерации аудио...
2025-09-29 13:59:13.928645 [RETRY] Успех на попытке 1 (content_type=audio/mpeg).
2025-09-29 13:59:13.929897 Размер файла output_mp3/part_0238.mp3 1181 КБ в пределах нормы.
2025-09-29 13:59:13.931190 [RETRY] Попытка 1/20 генерации аудио...
2025-09-29 13:59:27.149973 [RETRY] Успех на попытке 1 (content_type=audio/mpeg).
2025-09-29 13:59:27.151073 Размер файла output_mp3/part_0239.mp3 1093 КБ в пределах нормы.
2025-09-29 13:59:27.152374 [RETRY] Попытка 1/20 генерации аудио...
2025-09-29 13:59:39.619514 [RETRY] Успех на попытке 1 (content_type=audio/mpeg).
2025-09-29 13:59:39.620625 Размер файла output_mp3/part_0240.mp3 1096 КБ в пределах нормы.
2025-09-29 13:59:39.621939 [RETRY] Попытка 1/20 генерации аудио...
2025-09-29 13:59:51.577466 [RETRY] Успех на попытке 1 (content_type=audio/mpeg).
2025-09-29 13:59:51.578610 Размер файла output_mp3/part_0241.mp3 1133 КБ в пределах нормы.
2025-09-29 13:59:51.579904 [RETRY] Попытка 1/20 генерации аудио...
2025-09-29 14:00:03.422074 [RETRY] Успех на попытке 1 (content_type=audio/mpeg).
2025-09-29 14:00:03.423205 Размер файла output_mp3/part_0242.mp3 1116 КБ в пределах нормы.
2025-09-29 14:00:03.424507 [RETRY] Попытка 1/20 генерации аудио...
2025-09-29 14:00:16.460160 [RETRY] Успех на попытке 1 (content_type=audio/mpeg).
2025-09-29 14:00:16.461291 Размер файла output_mp3/part_0243.mp3 1129 КБ в пределах нормы.
2025-09-29 14:00:16.462609 [RETRY] Попытка 1/20 генерации аудио...
2025-09-29 14:00:29.467780 [RETRY] Успех на попытке 1 (content_type=audio/mpeg).
2025-09-29 14:00:29.468895 Размер файла output_mp3/part_0244.mp3 1164 КБ в пределах нормы.
2025-09-29 14:00:29.470194 [RETRY] Попытка 1/20 генерации аудио...
2025-09-29 14:00:41.478717 [RETRY] Успех на попытке 1 (content_type=audio/mpeg).
2025-09-29 14:00:41.479755 Размер файла output_mp3/part_0245.mp3 1103 КБ в пределах нормы.
2025-09-29 14:00:41.481075 [RETRY] Попытка 1/20 генерации аудио...
2025-09-29 14:00:56.531391 [RETRY] Успех на попытке 1 (content_type=audio/mpeg).
2025-09-29 14:00:56.532559 Размер файла output_mp3/part_0246.mp3 1199 КБ в пределах нормы.
2025-09-29 14:00:56.533876 [RETRY] Попытка 1/20 генерации аудио...
2025-09-29 14:01:06.631167 [RETRY] Успех на попытке 1 (content_type=audio/mpeg).
2025-09-29 14:01:06.632174 Размер файла output_mp3/part_0247.mp3 980 КБ в пределах нормы.
2025-09-29 14:01:06.633505 [RETRY] Попытка 1/20 генерации аудио...
2025-09-29 14:01:19.148315 [RETRY] Успех на попытке 1 (content_type=audio/mpeg).
2025-09-29 14:01:19.149460 Размер файла output_mp3/part_0248.mp3 1169 КБ в пределах нормы.
2025-09-29 14:01:19.150796 [RETRY] Попытка 1/20 генерации аудио...
2025-09-29 14:01:32.138868 [RETRY] Успех на попытке 1 (content_type=audio/mpeg).
2025-09-29 14:01:32.140026 Размер файла output_mp3/part_0249.mp3 1173 КБ в пределах нормы.
2025-09-29 14:01:32.141369 [RETRY] Попытка 1/20 генерации аудио...
2025-09-29 14:01:43.761507 [RETRY] Успех на попытке 1 (content_type=audio/mpeg).
2025-09-29 14:01:43.762588 Размер файла output_mp3/part_0250.mp3 987 КБ в пределах нормы.
2025-09-29 14:01:43.763949 [RETRY] Попытка 1/20 генерации аудио...
2025-09-29 14:01:56.685587 [RETRY] Успех на попытке 1 (content_type=audio/mpeg).
2025-09-29 14:01:56.686754 Размер файла output_mp3/part_0251.mp3 1197 КБ в пределах нормы.
2025-09-29 14:01:56.688090 [RETRY] Попытка 1/20 генерации аудио...
2025-09-29 14:02:08.695465 [RETRY] Успех на попытке 1 (content_type=audio/mpeg).
2025-09-29 14:02:08.696532 Размер файла output_mp3/part_0252.mp3 1043 КБ в пределах нормы.
2025-09-29 14:02:08.697883 [RETRY] Попытка 1/20 генерации аудио...
2025-09-29 14:02:22.013852 [RETRY] Успех на попытке 1 (content_type=audio/mpeg).
2025-09-29 14:02:22.015011 Размер файла output_mp3/part_0253.mp3 1130 КБ в пределах нормы.
2025-09-29 14:02:22.016355 [RETRY] Попытка 1/20 генерации аудио...
2025-09-29 14:02:34.757372 [RETRY] Успех на попытке 1 (content_type=audio/mpeg).
2025-09-29 14:02:34.758458 Размер файла output_mp3/part_0254.mp3 1101 КБ в пределах нормы.
2025-09-29 14:02:34.759822 [RETRY] Попытка 1/20 генерации аудио...
2025-09-29 14:02:46.569672 [RETRY] Успех на попытке 1 (content_type=audio/mpeg).
2025-09-29 14:02:46.570793 Размер файла output_mp3/part_0255.mp3 1033 КБ в пределах нормы.
2025-09-29 14:02:46.572189 [RETRY] Попытка 1/20 генерации аудио...
2025-09-29 14:02:56.565049 [RETRY] Успех на попытке 1 (content_type=audio/mpeg).
2025-09-29 14:02:56.565997 Размер файла output_mp3/part_0256.mp3 872 КБ в пределах нормы.
2025-09-29 14:02:56.567351 [RETRY] Попытка 1/20 генерации аудио...
2025-09-29 14:03:08.578082 [RETRY] Успех на попытке 1 (content_type=audio/mpeg).
2025-09-29 14:03:08.579108 Размер файла output_mp3/part_0257.mp3 1071 КБ в пределах нормы.
2025-09-29 14:03:08.580491 [RETRY] Попытка 1/20 генерации аудио...
2025-09-29 14:03:20.565108 [RETRY] Успех на попытке 1 (content_type=audio/mpeg).
2025-09-29 14:03:20.566152 Размер файла output_mp3/part_0258.mp3 987 КБ в пределах нормы.
2025-09-29 14:03:20.567527 [RETRY] Попытка 1/20 генерации аудио...
2025-09-29 14:03:35.760973 [RETRY] Успех на попытке 1 (content_type=audio/mpeg).
2025-09-29 14:03:35.761982 Размер файла output_mp3/part_0259.mp3 996 КБ в пределах нормы.
2025-09-29 14:03:35.763395 [RETRY] Попытка 1/20 генерации аудио...
2025-09-29 14:03:48.303952 [RETRY] Успех на попытке 1 (content_type=audio/mpeg).
2025-09-29 14:03:48.305033 Размер файла output_mp3/part_0260.mp3 1057 КБ в пределах нормы.
2025-09-29 14:03:48.306447 [RETRY] Попытка 1/20 генерации аудио...
2025-09-29 14:03:59.561476 [RETRY] Успех на попытке 1 (content_type=audio/mpeg).
2025-09-29 14:03:59.562523 Размер файла output_mp3/part_0261.mp3 972 КБ в пределах нормы.
2025-09-29 14:03:59.563923 [RETRY] Попытка 1/20 генерации аудио...
2025-09-29 14:04:12.302955 [RETRY] Успех на попытке 1 (content_type=audio/mpeg).
2025-09-29 14:04:12.304080 Размер файла output_mp3/part_0262.mp3 1165 КБ в пределах нормы.
2025-09-29 14:04:12.305456 [RETRY] Попытка 1/20 генерации аудио...
2025-09-29 14:04:25.273887 [RETRY] Успех на попытке 1 (content_type=audio/mpeg).
2025-09-29 14:04:25.275013 Размер файла output_mp3/part_0263.mp3 1108 КБ в пределах нормы.
2025-09-29 14:04:25.276421 [RETRY] Попытка 1/20 генерации аудио...
2025-09-29 14:04:35.803758 [RETRY] Успех на попытке 1 (content_type=audio/mpeg).
2025-09-29 14:04:35.804772 Размер файла output_mp3/part_0264.mp3 945 КБ в пределах нормы.
2025-09-29 14:04:35.806163 [RETRY] Попытка 1/20 генерации аудио...
2025-09-29 14:04:47.043403 [RETRY] Успех на попытке 1 (content_type=audio/mpeg).
2025-09-29 14:04:47.044468 Размер файла output_mp3/part_0265.mp3 1021 КБ в пределах нормы.
2025-09-29 14:04:47.045892 [RETRY] Попытка 1/20 генерации аудио...
2025-09-29 14:04:59.018246 [RETRY] Успех на попытке 1 (content_type=audio/mpeg).
2025-09-29 14:04:59.019374 Размер файла output_mp3/part_0266.mp3 1132 КБ в пределах нормы.
2025-09-29 14:04:59.020793 [RETRY] Попытка 1/20 генерации аудио...
2025-09-29 14:05:13.030522 [RETRY] Успех на попытке 1 (content_type=audio/mpeg).
2025-09-29 14:05:13.032080 Размер файла output_mp3/part_0267.mp3 1215 КБ в пределах нормы.
2025-09-29 14:05:13.033526 [RETRY] Попытка 1/20 генерации аудио...
2025-09-29 14:05:25.888991 [RETRY] Успех на попытке 1 (content_type=audio/mpeg).
2025-09-29 14:05:25.890181 Размер файла output_mp3/part_0268.mp3 1164 КБ в пределах нормы.
2025-09-29 14:05:25.891630 [RETRY] Попытка 1/20 генерации аудио...
2025-09-29 14:05:37.495388 [RETRY] Успех на попытке 1 (content_type=audio/mpeg).
2025-09-29 14:05:37.496463 Размер файла output_mp3/part_0269.mp3 1090 КБ в пределах нормы.
2025-09-29 14:05:37.497924 [RETRY] Попытка 1/20 генерации аудио...
2025-09-29 14:05:51.705871 [RETRY] Успех на попытке 1 (content_type=audio/mpeg).
2025-09-29 14:05:51.707019 Размер файла output_mp3/part_0270.mp3 1123 КБ в пределах нормы.
2025-09-29 14:05:51.708461 [RETRY] Попытка 1/20 генерации аудио...
2025-09-29 14:06:06.864720 [RETRY] Успех на попытке 1 (content_type=audio/mpeg).
2025-09-29 14:06:06.865896 Размер файла output_mp3/part_0271.mp3 944 КБ в пределах нормы.
2025-09-29 14:06:06.867337 [RETRY] Попытка 1/20 генерации аудио...
2025-09-29 14:06:20.775698 [RETRY] Успех на попытке 1 (content_type=audio/mpeg).
2025-09-29 14:06:20.776850 Размер файла output_mp3/part_0272.mp3 1072 КБ в пределах нормы.
2025-09-29 14:06:20.778309 [RETRY] Попытка 1/20 генерации аудио...
2025-09-29 14:06:35.322919 [RETRY] Успех на попытке 1 (content_type=audio/mpeg).
2025-09-29 14:06:35.324169 Размер файла output_mp3/part_0273.mp3 1250 КБ в пределах нормы.
2025-09-29 14:06:35.325617 [RETRY] Попытка 1/20 генерации аудио...
2025-09-29 14:06:50.492353 [RETRY] Успех на попытке 1 (content_type=audio/mpeg).
2025-09-29 14:06:50.493476 Размер файла output_mp3/part_0274.mp3 1116 КБ в пределах нормы.
2025-09-29 14:06:50.494929 [RETRY] Попытка 1/20 генерации аудио...
2025-09-29 14:07:03.409274 [RETRY] Успех на попытке 1 (content_type=audio/mpeg).
2025-09-29 14:07:03.410443 Размер файла output_mp3/part_0275.mp3 1148 КБ в пределах нормы.
2025-09-29 14:07:03.411904 [RETRY] Попытка 1/20 генерации аудио...
2025-09-29 14:07:17.406261 [RETRY] Успех на попытке 1 (content_type=audio/mpeg).
2025-09-29 14:07:17.407434 Размер файла output_mp3/part_0276.mp3 1252 КБ в пределах нормы.
2025-09-29 14:07:17.408890 [RETRY] Попытка 1/20 генерации аудио...
2025-09-29 14:07:30.467933 [RETRY] Успех на попытке 1 (content_type=audio/mpeg).
2025-09-29 14:07:30.468926 Размер файла output_mp3/part_0277.mp3 1083 КБ в пределах нормы.
2025-09-29 14:07:30.470394 [RETRY] Попытка 1/20 генерации аудио...
2025-09-29 14:07:43.850175 [RETRY] Успех на попытке 1 (content_type=audio/mpeg).
2025-09-29 14:07:43.851139 Размер файла output_mp3/part_0278.mp3 1111 КБ в пределах нормы.
2025-09-29 14:07:43.852601 [RETRY] Попытка 1/20 генерации аудио...
2025-09-29 14:07:57.992281 [RETRY] Успех на попытке 1 (content_type=audio/mpeg).
2025-09-29 14:07:57.993518 Размер файла output_mp3/part_0279.mp3 1246 КБ в пределах нормы.
2025-09-29 14:07:57.995027 [RETRY] Попытка 1/20 генерации аудио...
2025-09-29 14:08:11.851427 [RETRY] Успех на попытке 1 (content_type=audio/mpeg).
2025-09-29 14:08:11.852593 Размер файла output_mp3/part_0280.mp3 1170 КБ в пределах нормы.
2025-09-29 14:08:11.854112 [RETRY] Попытка 1/20 генерации аудио...
2025-09-29 14:08:25.364135 [RETRY] Успех на попытке 1 (content_type=audio/mpeg).
2025-09-29 14:08:25.365252 Размер файла output_mp3/part_0281.mp3 1114 КБ в пределах нормы.
2025-09-29 14:08:25.366733 [RETRY] Попытка 1/20 генерации аудио...
2025-09-29 14:08:39.369575 [RETRY] Успех на попытке 1 (content_type=audio/mpeg).
2025-09-29 14:08:39.370803 Размер файла output_mp3/part_0282.mp3 1181 КБ в пределах нормы.
2025-09-29 14:08:39.372297 [RETRY] Попытка 1/20 генерации аудио...
2025-09-29 14:08:54.550277 [RETRY] Успех на попытке 1 (content_type=audio/mpeg).
2025-09-29 14:08:54.551450 Размер файла output_mp3/part_0283.mp3 1308 КБ в пределах нормы.
2025-09-29 14:08:54.552961 [RETRY] Попытка 1/20 генерации аудио...
2025-09-29 14:09:07.609329 [RETRY] Успех на попытке 1 (content_type=audio/mpeg).
2025-09-29 14:09:07.610332 Размер файла output_mp3/part_0284.mp3 1186 КБ в пределах нормы.
2025-09-29 14:09:07.611837 [RETRY] Попытка 1/20 генерации аудио...
2025-09-29 14:09:19.778658 [RETRY] Успех на попытке 1 (content_type=audio/mpeg).
2025-09-29 14:09:19.779773 Размер файла output_mp3/part_0285.mp3 1096 КБ в пределах нормы.
2025-09-29 14:09:19.781279 [RETRY] Попытка 1/20 генерации аудио...
2025-09-29 14:09:32.704220 [RETRY] Успех на попытке 1 (content_type=audio/mpeg).
2025-09-29 14:09:32.705319 Размер файла output_mp3/part_0286.mp3 1093 КБ в пределах нормы.
2025-09-29 14:09:32.706848 [RETRY] Попытка 1/20 генерации аудио...
2025-09-29 14:09:46.344774 [RETRY] Успех на попытке 1 (content_type=audio/mpeg).
2025-09-29 14:09:46.345920 Размер файла output_mp3/part_0287.mp3 1151 КБ в пределах нормы.
2025-09-29 14:09:46.347415 [RETRY] Попытка 1/20 генерации аудио...
2025-09-29 14:10:01.521784 [RETRY] Успех на попытке 1 (content_type=audio/mpeg).
2025-09-29 14:10:01.522845 Размер файла output_mp3/part_0288.mp3 984 КБ в пределах нормы.
2025-09-29 14:10:01.524345 [RETRY] Попытка 1/20 генерации аудио...
2025-09-29 14:10:14.596145 [RETRY] Успех на попытке 1 (content_type=audio/mpeg).
2025-09-29 14:10:14.597312 Размер файла output_mp3/part_0289.mp3 1163 КБ в пределах нормы.
2025-09-29 14:10:14.598849 [RETRY] Попытка 1/20 генерации аудио...
2025-09-29 14:10:28.348905 [RETRY] Успех на попытке 1 (content_type=audio/mpeg).
2025-09-29 14:10:28.350001 Размер файла output_mp3/part_0290.mp3 1211 КБ в пределах нормы.
2025-09-29 14:10:28.351539 [RETRY] Попытка 1/20 генерации аудио...
2025-09-29 14:10:39.636764 [RETRY] Успех на попытке 1 (content_type=audio/mpeg).
2025-09-29 14:10:39.637840 Размер файла output_mp3/part_0291.mp3 1062 КБ в пределах нормы.
2025-09-29 14:10:39.639380 [RETRY] Попытка 1/20 генерации аудио...
2025-09-29 14:10:52.347985 [RETRY] Успех на попытке 1 (content_type=audio/mpeg).
2025-09-29 14:10:52.349108 Размер файла output_mp3/part_0292.mp3 1115 КБ в пределах нормы.
2025-09-29 14:10:52.350642 [RETRY] Попытка 1/20 генерации аудио...
2025-09-29 14:11:02.554892 [RETRY] Успех на попытке 1 (content_type=audio/mpeg).
2025-09-29 14:11:02.556085 Размер файла output_mp3/part_0293.mp3 922 КБ в пределах нормы.
2025-09-29 14:11:02.558187 По завершении цикла обнаружено 293 mp3-файлов. Попытка финальной упаковки и загрузки в B2.
2025-09-29 14:11:11.879521 Создан финальный архив mp3_results.zip, размер 321327829 байт.
2025-09-29 14:11:29.390274 B2: Финальная загрузка успешна mp3_results.zip (last_part=293). Маркер .b2_upload_ok.json создан.
2025-09-29 14:11:29.514793 Удалено 293 mp3-файлов из output_mp3 после финальной загрузки.
2025-09-29 14:11:29.514940 Все фрагменты обработаны.
