2025-09-24 11:11:49.061548 Начало новой генерации (логов не найдено или нет успешных записей).
2025-09-24 11:12:04.248143 Размер файла output_mp3/part_0001.mp3 1324 КБ в пределах нормы.
2025-09-24 11:12:18.144497 Размер файла output_mp3/part_0002.mp3 1205 КБ в пределах нормы.
2025-09-24 11:12:32.575622 Размер файла output_mp3/part_0003.mp3 1200 КБ в пределах нормы.
2025-09-24 11:12:47.534023 Размер файла output_mp3/part_0004.mp3 1265 КБ в пределах нормы.
2025-09-24 11:13:02.722830 Размер файла output_mp3/part_0005.mp3 1152 КБ в пределах нормы.
2025-09-24 11:13:02.901251 Создан архив mp3_results.zip, размер 6130562 байт (сумма mp3: 6.00 МБ).
2025-09-24 11:13:03.690429 B2: Успешно загружено mp3_results.zip (last_part=5). Маркер .b2_upload_ok.json создан.
2025-09-24 11:13:03.691735 Локальный zip удалён после успешной загрузки на B2.
2025-09-24 11:13:03.693126 Удалено 5 mp3-файлов из output_mp3 после успешной загрузки.
2025-09-24 11:13:17.385038 Размер файла output_mp3/part_0006.mp3 1171 КБ в пределах нормы.
2025-09-24 11:13:29.957021 Размер файла output_mp3/part_0007.mp3 1112 КБ в пределах нормы.
2025-09-24 11:13:45.071845 Размер файла output_mp3/part_0008.mp3 1144 КБ в пределах нормы.
2025-09-24 11:13:58.934322 Размер файла output_mp3/part_0009.mp3 1049 КБ в пределах нормы.
2025-09-24 11:14:13.945733 Размер файла output_mp3/part_0010.mp3 1138 КБ в пределах нормы.
2025-09-24 11:14:14.108861 Создан архив mp3_results.zip, размер 5601294 байт (сумма mp3: 5.48 МБ).
2025-09-24 11:14:14.949199 B2: Успешно загружено mp3_results.zip (last_part=10). Маркер .b2_upload_ok.json создан.
2025-09-24 11:14:14.950454 Локальный zip удалён после успешной загрузки на B2.
2025-09-24 11:14:14.951837 Удалено 5 mp3-файлов из output_mp3 после успешной загрузки.
2025-09-24 11:14:28.327521 Размер файла output_mp3/part_0011.mp3 1120 КБ в пределах нормы.
2025-09-24 11:14:43.400748 Размер файла output_mp3/part_0012.mp3 1202 КБ в пределах нормы.
2025-09-24 11:14:57.170699 Размер файла output_mp3/part_0013.mp3 1108 КБ в пределах нормы.
2025-09-24 11:15:11.633041 Размер файла output_mp3/part_0014.mp3 1192 КБ в пределах нормы.
2025-09-24 11:15:25.553142 Размер файла output_mp3/part_0015.mp3 1222 КБ в пределах нормы.
2025-09-24 11:15:25.722294 Создан архив mp3_results.zip, размер 5829070 байт (сумма mp3: 5.71 МБ).
2025-09-24 11:15:27.020608 B2: Успешно загружено mp3_results.zip (last_part=15). Маркер .b2_upload_ok.json создан.
2025-09-24 11:15:27.021920 Локальный zip удалён после успешной загрузки на B2.
2025-09-24 11:15:27.023290 Удалено 5 mp3-файлов из output_mp3 после успешной загрузки.
2025-09-24 11:15:42.115047 Размер файла output_mp3/part_0016.mp3 1164 КБ в пределах нормы.
2025-09-24 11:15:57.471697 Размер файла output_mp3/part_0017.mp3 1268 КБ в пределах нормы.
2025-09-24 11:16:09.306294 Размер файла output_mp3/part_0018.mp3 940 КБ в пределах нормы.
2025-09-24 11:16:24.431500 Размер файла output_mp3/part_0019.mp3 1072 КБ в пределах нормы.
2025-09-24 11:16:39.791271 Размер файла output_mp3/part_0020.mp3 1236 КБ в пределах нормы.
2025-09-24 11:16:39.954810 Создан архив mp3_results.zip, размер 5665680 байт (сумма mp3: 5.55 МБ).
2025-09-24 11:16:40.621050 B2: Успешно загружено mp3_results.zip (last_part=20). Маркер .b2_upload_ok.json создан.
2025-09-24 11:16:40.622218 Локальный zip удалён после успешной загрузки на B2.
2025-09-24 11:16:40.623474 Удалено 5 mp3-файлов из output_mp3 после успешной загрузки.
2025-09-24 11:16:54.962929 Размер файла output_mp3/part_0021.mp3 1253 КБ в пределах нормы.
2025-09-24 11:17:08.018941 Размер файла output_mp3/part_0022.mp3 1083 КБ в пределах нормы.
2025-09-24 11:17:22.893742 Размер файла output_mp3/part_0023.mp3 1155 КБ в пределах нормы.
2025-09-24 11:17:38.037149 Размер файла output_mp3/part_0024.mp3 1240 КБ в пределах нормы.
2025-09-24 11:17:53.159284 Размер файла output_mp3/part_0025.mp3 1124 КБ в пределах нормы.
2025-09-24 11:17:53.328574 Создан архив mp3_results.zip, размер 5838710 байт (сумма mp3: 5.72 МБ).
2025-09-24 11:17:54.252520 B2: Успешно загружено mp3_results.zip (last_part=25). Маркер .b2_upload_ok.json создан.
2025-09-24 11:17:54.253780 Локальный zip удалён после успешной загрузки на B2.
2025-09-24 11:17:54.255112 Удалено 5 mp3-файлов из output_mp3 после успешной загрузки.
2025-09-24 11:18:07.544460 Размер файла output_mp3/part_0026.mp3 1110 КБ в пределах нормы.
2025-09-24 11:18:20.095629 Размер файла output_mp3/part_0027.mp3 1039 КБ в пределах нормы.
2025-09-24 11:18:34.517878 Размер файла output_mp3/part_0028.mp3 1193 КБ в пределах нормы.
2025-09-24 11:18:46.596427 Размер файла output_mp3/part_0029.mp3 1053 КБ в пределах нормы.
2025-09-24 11:19:01.691272 Размер файла output_mp3/part_0030.mp3 1191 КБ в пределах нормы.
2025-09-24 11:19:01.852993 Создан архив mp3_results.zip, размер 5570282 байт (сумма mp3: 5.46 МБ).
2025-09-24 11:19:03.132717 B2: Успешно загружено mp3_results.zip (last_part=30). Маркер .b2_upload_ok.json создан.
2025-09-24 11:19:03.133966 Локальный zip удалён после успешной загрузки на B2.
2025-09-24 11:19:03.135478 Удалено 5 mp3-файлов из output_mp3 после успешной загрузки.
2025-09-24 11:19:18.273979 Размер файла output_mp3/part_0031.mp3 1124 КБ в пределах нормы.
2025-09-24 11:19:31.297803 Размер файла output_mp3/part_0032.mp3 994 КБ в пределах нормы.
2025-09-24 11:19:43.241107 Размер файла output_mp3/part_0033.mp3 853 КБ в пределах нормы.
2025-09-24 11:19:43.241361 По завершении цикла обнаружено 3 mp3-файлов. Попытка финальной упаковки и загрузки в B2.
2025-09-24 11:19:43.327360 Создан финальный архив mp3_results.zip, размер 2966271 байт.
2025-09-24 11:19:44.069349 B2: Финальная загрузка успешна mp3_results.zip (last_part=33). Маркер .b2_upload_ok.json создан.
2025-09-24 11:19:44.070832 Удалено 3 mp3-файлов из output_mp3 после финальной загрузки.
2025-09-24 11:19:44.070904 Все фрагменты обработаны.
