2025-09-24 07:09:03.664247 Начало новой генерации (логов не найдено или нет успешных записей).
2025-09-24 07:09:18.915350 Размер файла output_mp3/part_0001.mp3 1196 КБ в пределах нормы.
2025-09-24 07:09:33.106805 Размер файла output_mp3/part_0002.mp3 1170 КБ в пределах нормы.
2025-09-24 07:09:46.365188 Размер файла output_mp3/part_0003.mp3 1119 КБ в пределах нормы.
2025-09-24 07:10:01.226399 Размер файла output_mp3/part_0004.mp3 1257 КБ в пределах нормы.
2025-09-24 07:10:16.329106 Размер файла output_mp3/part_0005.mp3 1104 КБ в пределах нормы.
2025-09-24 07:10:16.498989 Создан архив mp3_results.zip, размер 5829454 байт (сумма mp3: 5.71 МБ).
2025-09-24 07:10:17.199500 B2: Успешно загружено mp3_results.zip (last_part=5). Маркер .b2_upload_ok.json создан.
2025-09-24 07:10:17.200711 Локальный zip удалён после успешной загрузки на B2.
2025-09-24 07:10:17.202056 Удалено 5 mp3-файлов из output_mp3 после успешной загрузки.
2025-09-24 07:10:30.488134 Размер файла output_mp3/part_0006.mp3 1062 КБ в пределах нормы.
2025-09-24 07:10:44.428706 Размер файла output_mp3/part_0007.mp3 1308 КБ в пределах нормы.
2025-09-24 07:10:58.294327 Размер файла output_mp3/part_0008.mp3 1180 КБ в пределах нормы.
2025-09-24 07:11:11.193878 Размер файла output_mp3/part_0009.mp3 1122 КБ в пределах нормы.
2025-09-24 07:11:24.492930 Размер файла output_mp3/part_0010.mp3 1155 КБ в пределах нормы.
2025-09-24 07:11:24.661649 Создан архив mp3_results.zip, размер 5812287 байт (сумма mp3: 5.69 МБ).
2025-09-24 07:11:25.530897 B2: Успешно загружено mp3_results.zip (last_part=10). Маркер .b2_upload_ok.json создан.
2025-09-24 07:11:25.532134 Локальный zip удалён после успешной загрузки на B2.
2025-09-24 07:11:25.533474 Удалено 5 mp3-файлов из output_mp3 после успешной загрузки.
2025-09-24 07:11:40.637121 Размер файла output_mp3/part_0011.mp3 656 КБ в пределах нормы.
2025-09-24 07:11:54.306604 Размер файла output_mp3/part_0012.mp3 1141 КБ в пределах нормы.
2025-09-24 07:12:08.439657 Размер файла output_mp3/part_0013.mp3 1186 КБ в пределах нормы.
2025-09-24 07:12:23.541136 Размер файла output_mp3/part_0014.mp3 1256 КБ в пределах нормы.
2025-09-24 07:12:37.054637 Размер файла output_mp3/part_0015.mp3 1204 КБ в пределах нормы.
2025-09-24 07:12:37.212638 Создан архив mp3_results.zip, размер 5429011 байт (сумма mp3: 5.32 МБ).
2025-09-24 07:12:38.631143 B2: Успешно загружено mp3_results.zip (last_part=15). Маркер .b2_upload_ok.json создан.
2025-09-24 07:12:38.632323 Локальный zip удалён после успешной загрузки на B2.
2025-09-24 07:12:38.633531 Удалено 5 mp3-файлов из output_mp3 после успешной загрузки.
2025-09-24 07:12:52.593495 Размер файла output_mp3/part_0016.mp3 1230 КБ в пределах нормы.
2025-09-24 07:13:07.697645 Размер файла output_mp3/part_0017.mp3 556 КБ в пределах нормы.
2025-09-24 07:13:23.058161 Размер файла output_mp3/part_0018.mp3 876 КБ в пределах нормы.
2025-09-24 07:13:36.542930 Размер файла output_mp3/part_0019.mp3 1153 КБ в пределах нормы.
2025-09-24 07:13:50.153801 Размер файла output_mp3/part_0020.mp3 1147 КБ в пределах нормы.
2025-09-24 07:14:04.242857 Размер файла output_mp3/part_0021.mp3 1207 КБ в пределах нормы.
2025-09-24 07:14:04.424070 Создан архив mp3_results.zip, размер 6155645 байт (сумма mp3: 6.03 МБ).
2025-09-24 07:14:05.154059 B2: Успешно загружено mp3_results.zip (last_part=21). Маркер .b2_upload_ok.json создан.
2025-09-24 07:14:05.155376 Локальный zip удалён после успешной загрузки на B2.
2025-09-24 07:14:05.156833 Удалено 6 mp3-файлов из output_mp3 после успешной загрузки.
2025-09-24 07:14:17.287884 Размер файла output_mp3/part_0022.mp3 1151 КБ в пределах нормы.
2025-09-24 07:14:30.946256 Размер файла output_mp3/part_0023.mp3 1218 КБ в пределах нормы.
2025-09-24 07:14:45.959798 Размер файла output_mp3/part_0024.mp3 1234 КБ в пределах нормы.
2025-09-24 07:15:01.061195 Размер файла output_mp3/part_0025.mp3 1084 КБ в пределах нормы.
2025-09-24 07:15:13.631807 Размер файла output_mp3/part_0026.mp3 1105 КБ в пределах нормы.
2025-09-24 07:15:13.798353 Создан архив mp3_results.zip, размер 5778336 байт (сумма mp3: 5.66 МБ).
2025-09-24 07:15:14.507313 B2: Успешно загружено mp3_results.zip (last_part=26). Маркер .b2_upload_ok.json создан.
2025-09-24 07:15:14.508523 Локальный zip удалён после успешной загрузки на B2.
2025-09-24 07:15:14.509813 Удалено 5 mp3-файлов из output_mp3 после успешной загрузки.
2025-09-24 07:15:26.061495 Размер файла output_mp3/part_0027.mp3 1065 КБ в пределах нормы.
2025-09-24 07:15:39.107995 Размер файла output_mp3/part_0028.mp3 1099 КБ в пределах нормы.
2025-09-24 07:15:51.465343 Размер файла output_mp3/part_0029.mp3 1071 КБ в пределах нормы.
2025-09-24 07:16:06.584224 Размер файла output_mp3/part_0030.mp3 1248 КБ в пределах нормы.
2025-09-24 07:16:21.929156 Размер файла output_mp3/part_0031.mp3 1276 КБ в пределах нормы.
2025-09-24 07:16:22.094599 Создан архив mp3_results.zip, размер 5744171 байт (сумма mp3: 5.62 МБ).
2025-09-24 07:16:23.217621 B2: Успешно загружено mp3_results.zip (last_part=31). Маркер .b2_upload_ok.json создан.
2025-09-24 07:16:23.218847 Локальный zip удалён после успешной загрузки на B2.
2025-09-24 07:16:23.220153 Удалено 5 mp3-файлов из output_mp3 после успешной загрузки.
2025-09-24 07:16:35.870089 Размер файла output_mp3/part_0032.mp3 1006 КБ в пределах нормы.
2025-09-24 07:16:48.193958 Размер файла output_mp3/part_0033.mp3 1068 КБ в пределах нормы.
2025-09-24 07:17:03.301322 Размер файла output_mp3/part_0034.mp3 1200 КБ в пределах нормы.
2025-09-24 07:17:18.611769 Размер файла output_mp3/part_0035.mp3 1304 КБ в пределах нормы.
2025-09-24 07:17:33.735768 Размер файла output_mp3/part_0036.mp3 556 КБ в пределах нормы.
2025-09-24 07:17:33.885015 Создан архив mp3_results.zip, размер 5121545 байт (сумма mp3: 5.01 МБ).
2025-09-24 07:17:34.594656 B2: Успешно загружено mp3_results.zip (last_part=36). Маркер .b2_upload_ok.json создан.
2025-09-24 07:17:34.595766 Локальный zip удалён после успешной загрузки на B2.
2025-09-24 07:17:34.596946 Удалено 5 mp3-файлов из output_mp3 после успешной загрузки.
2025-09-24 07:17:47.819095 Размер файла output_mp3/part_0037.mp3 1139 КБ в пределах нормы.
2025-09-24 07:18:00.996517 Размер файла output_mp3/part_0038.mp3 1110 КБ в пределах нормы.
2025-09-24 07:18:14.899835 Размер файла output_mp3/part_0039.mp3 1215 КБ в пределах нормы.
2025-09-24 07:18:29.409605 Размер файла output_mp3/part_0040.mp3 1257 КБ в пределах нормы.
2025-09-24 07:18:42.349306 Размер файла output_mp3/part_0041.mp3 1186 КБ в пределах нормы.
2025-09-24 07:18:42.520281 Создан архив mp3_results.zip, размер 5891480 байт (сумма mp3: 5.77 МБ).
2025-09-24 07:18:43.193932 B2: Успешно загружено mp3_results.zip (last_part=41). Маркер .b2_upload_ok.json создан.
2025-09-24 07:18:43.195215 Локальный zip удалён после успешной загрузки на B2.
2025-09-24 07:18:43.196742 Удалено 5 mp3-файлов из output_mp3 после успешной загрузки.
2025-09-24 07:18:56.286354 Размер файла output_mp3/part_0042.mp3 1215 КБ в пределах нормы.
2025-09-24 07:19:11.383010 Размер файла output_mp3/part_0043.mp3 1244 КБ в пределах нормы.
2025-09-24 07:19:25.261088 Размер файла output_mp3/part_0044.mp3 1253 КБ в пределах нормы.
2025-09-24 07:19:37.672699 Размер файла output_mp3/part_0045.mp3 1044 КБ в пределах нормы.
2025-09-24 07:19:52.778509 Размер файла output_mp3/part_0046.mp3 680 КБ в пределах нормы.
2025-09-24 07:19:52.936747 Создан архив mp3_results.zip, размер 5423411 байт (сумма mp3: 5.31 МБ).
2025-09-24 07:19:54.387766 B2: Успешно загружено mp3_results.zip (last_part=46). Маркер .b2_upload_ok.json создан.
2025-09-24 07:19:54.388960 Локальный zip удалён после успешной загрузки на B2.
2025-09-24 07:19:54.390152 Удалено 5 mp3-файлов из output_mp3 после успешной загрузки.
2025-09-24 07:20:08.005408 Размер файла output_mp3/part_0047.mp3 1106 КБ в пределах нормы.
2025-09-24 07:20:21.283292 Размер файла output_mp3/part_0048.mp3 1153 КБ в пределах нормы.
2025-09-24 07:20:33.328750 Размер файла output_mp3/part_0049.mp3 1036 КБ в пределах нормы.
2025-09-24 07:20:45.819793 Размер файла output_mp3/part_0050.mp3 1193 КБ в пределах нормы.
2025-09-24 07:20:58.001297 Размер файла output_mp3/part_0051.mp3 1176 КБ в пределах нормы.
2025-09-24 07:20:58.165787 Создан архив mp3_results.zip, размер 5651300 байт (сумма mp3: 5.53 МБ).
2025-09-24 07:20:59.526036 B2: Успешно загружено mp3_results.zip (last_part=51). Маркер .b2_upload_ok.json создан.
2025-09-24 07:20:59.527260 Локальный zip удалён после успешной загрузки на B2.
2025-09-24 07:20:59.528552 Удалено 5 mp3-файлов из output_mp3 после успешной загрузки.
2025-09-24 07:21:11.925402 Размер файла output_mp3/part_0052.mp3 1078 КБ в пределах нормы.
2025-09-24 07:21:26.185147 Размер файла output_mp3/part_0053.mp3 1193 КБ в пределах нормы.
2025-09-24 07:21:39.153755 Размер файла output_mp3/part_0054.mp3 1176 КБ в пределах нормы.
2025-09-24 07:21:54.280931 Размер файла output_mp3/part_0055.mp3 1148 КБ в пределах нормы.
2025-09-24 07:22:08.605280 Размер файла output_mp3/part_0056.mp3 1201 КБ в пределах нормы.
2025-09-24 07:22:08.772516 Создан архив mp3_results.zip, размер 5782555 байт (сумма mp3: 5.66 МБ).
2025-09-24 07:22:09.575877 B2: Успешно загружено mp3_results.zip (last_part=56). Маркер .b2_upload_ok.json создан.
2025-09-24 07:22:09.577095 Локальный zip удалён после успешной загрузки на B2.
2025-09-24 07:22:09.578365 Удалено 5 mp3-файлов из output_mp3 после успешной загрузки.
2025-09-24 07:22:24.205530 Размер файла output_mp3/part_0057.mp3 1186 КБ в пределах нормы.
2025-09-24 07:22:37.756754 Размер файла output_mp3/part_0058.mp3 1135 КБ в пределах нормы.
2025-09-24 07:22:51.336526 Размер файла output_mp3/part_0059.mp3 1145 КБ в пределах нормы.
2025-09-24 07:23:02.871339 Размер файла output_mp3/part_0060.mp3 1070 КБ в пределах нормы.
2025-09-24 07:23:17.228160 Размер файла output_mp3/part_0061.mp3 1251 КБ в пределах нормы.
2025-09-24 07:23:17.395860 Создан архив mp3_results.zip, размер 5775225 байт (сумма mp3: 5.65 МБ).
2025-09-24 07:23:17.952767 B2: Успешно загружено mp3_results.zip (last_part=61). Маркер .b2_upload_ok.json создан.
2025-09-24 07:23:17.953952 Локальный zip удалён после успешной загрузки на B2.
2025-09-24 07:23:17.955272 Удалено 5 mp3-файлов из output_mp3 после успешной загрузки.
2025-09-24 07:23:32.558598 Размер файла output_mp3/part_0062.mp3 1209 КБ в пределах нормы.
2025-09-24 07:23:45.206317 Размер файла output_mp3/part_0063.mp3 1057 КБ в пределах нормы.
2025-09-24 07:23:59.460635 Размер файла output_mp3/part_0064.mp3 1181 КБ в пределах нормы.
2025-09-24 07:24:14.302413 Размер файла output_mp3/part_0065.mp3 1251 КБ в пределах нормы.
2025-09-24 07:24:27.452827 Размер файла output_mp3/part_0066.mp3 1167 КБ в пределах нормы.
2025-09-24 07:24:27.622186 Создан архив mp3_results.zip, размер 5852799 байт (сумма mp3: 5.73 МБ).
2025-09-24 07:24:28.416039 B2: Успешно загружено mp3_results.zip (last_part=66). Маркер .b2_upload_ok.json создан.
2025-09-24 07:24:28.417260 Локальный zip удалён после успешной загрузки на B2.
2025-09-24 07:24:28.418522 Удалено 5 mp3-файлов из output_mp3 после успешной загрузки.
2025-09-24 07:24:40.672055 Размер файла output_mp3/part_0067.mp3 1112 КБ в пределах нормы.
2025-09-24 07:24:54.783456 Размер файла output_mp3/part_0068.mp3 1210 КБ в пределах нормы.
2025-09-24 07:25:07.068161 Размер файла output_mp3/part_0069.mp3 1050 КБ в пределах нормы.
2025-09-24 07:25:22.192584 Размер файла output_mp3/part_0070.mp3 1288 КБ в пределах нормы.
2025-09-24 07:25:36.676234 Размер файла output_mp3/part_0071.mp3 1189 КБ в пределах нормы.
2025-09-24 07:25:36.844346 Создан архив mp3_results.zip, размер 5836196 байт (сумма mp3: 5.71 МБ).
2025-09-24 07:26:16.859480 B2: Успешно загружено mp3_results.zip (last_part=71). Маркер .b2_upload_ok.json создан.
2025-09-24 07:26:16.860572 Локальный zip удалён после успешной загрузки на B2.
2025-09-24 07:26:16.861811 Удалено 5 mp3-файлов из output_mp3 после успешной загрузки.
2025-09-24 07:26:30.995870 Размер файла output_mp3/part_0072.mp3 1225 КБ в пределах нормы.
2025-09-24 07:26:46.113282 Размер файла output_mp3/part_0073.mp3 1208 КБ в пределах нормы.
2025-09-24 07:26:59.225967 Размер файла output_mp3/part_0074.mp3 1155 КБ в пределах нормы.
2025-09-24 07:27:13.352545 Размер файла output_mp3/part_0075.mp3 1194 КБ в пределах нормы.
2025-09-24 07:27:27.649308 Размер файла output_mp3/part_0076.mp3 1378 КБ в пределах нормы.
2025-09-24 07:27:27.827324 Создан архив mp3_results.zip, размер 6144656 байт (сумма mp3: 6.02 МБ).
2025-09-24 07:27:28.546766 B2: Успешно загружено mp3_results.zip (last_part=76). Маркер .b2_upload_ok.json создан.
2025-09-24 07:27:28.548043 Локальный zip удалён после успешной загрузки на B2.
2025-09-24 07:27:28.549438 Удалено 5 mp3-файлов из output_mp3 после успешной загрузки.
2025-09-24 07:27:40.018343 Размер файла output_mp3/part_0077.mp3 1023 КБ в пределах нормы.
2025-09-24 07:27:52.503051 Размер файла output_mp3/part_0078.mp3 1076 КБ в пределах нормы.
2025-09-24 07:28:05.020541 Размер файла output_mp3/part_0079.mp3 1114 КБ в пределах нормы.
2025-09-24 07:28:18.190612 Размер файла output_mp3/part_0080.mp3 1205 КБ в пределах нормы.
2025-09-24 07:28:29.849590 Размер файла output_mp3/part_0081.mp3 948 КБ в пределах нормы.
2025-09-24 07:28:30.004013 Создан архив mp3_results.zip, размер 5355219 байт (сумма mp3: 5.24 МБ).
2025-09-24 07:28:31.029816 B2: Успешно загружено mp3_results.zip (last_part=81). Маркер .b2_upload_ok.json создан.
2025-09-24 07:28:31.030953 Локальный zip удалён после успешной загрузки на B2.
2025-09-24 07:28:31.032188 Удалено 5 mp3-файлов из output_mp3 после успешной загрузки.
2025-09-24 07:28:44.939094 Размер файла output_mp3/part_0082.mp3 1310 КБ в пределах нормы.
2025-09-24 07:29:00.020774 Размер файла output_mp3/part_0083.mp3 1072 КБ в пределах нормы.
2025-09-24 07:29:14.426403 Размер файла output_mp3/part_0084.mp3 1153 КБ в пределах нормы.
2025-09-24 07:29:28.891490 Размер файла output_mp3/part_0085.mp3 1253 КБ в пределах нормы.
2025-09-24 07:29:41.702882 Размер файла output_mp3/part_0086.mp3 1097 КБ в пределах нормы.
2025-09-24 07:29:41.872855 Создан архив mp3_results.zip, размер 5870635 байт (сумма mp3: 5.75 МБ).
2025-09-24 07:29:42.649164 B2: Успешно загружено mp3_results.zip (last_part=86). Маркер .b2_upload_ok.json создан.
2025-09-24 07:29:42.650419 Локальный zip удалён после успешной загрузки на B2.
2025-09-24 07:29:42.651723 Удалено 5 mp3-файлов из output_mp3 после успешной загрузки.
2025-09-24 07:29:57.750014 Размер файла output_mp3/part_0087.mp3 1192 КБ в пределах нормы.
2025-09-24 07:30:12.321476 Размер файла output_mp3/part_0088.mp3 1190 КБ в пределах нормы.
2025-09-24 07:30:26.734845 Размер файла output_mp3/part_0089.mp3 1328 КБ в пределах нормы.
2025-09-24 07:30:41.474069 Размер файла output_mp3/part_0090.mp3 1209 КБ в пределах нормы.
2025-09-24 07:30:54.539868 Размер файла output_mp3/part_0091.mp3 1057 КБ в пределах нормы.
2025-09-24 07:30:54.711780 Создан архив mp3_results.zip, размер 5962281 байт (сумма mp3: 5.84 МБ).
2025-09-24 07:30:55.313754 B2: Успешно загружено mp3_results.zip (last_part=91). Маркер .b2_upload_ok.json создан.
2025-09-24 07:30:55.315001 Локальный zip удалён после успешной загрузки на B2.
2025-09-24 07:30:55.316362 Удалено 5 mp3-файлов из output_mp3 после успешной загрузки.
2025-09-24 07:30:55.316479 Все фрагменты обработаны.
