2025-09-24 07:45:37.377573 Начало новой генерации (логов не найдено или нет успешных записей).
2025-09-24 07:45:52.586081 Размер файла output_mp3/part_0001.mp3 1260 КБ в пределах нормы.
2025-09-24 07:46:05.758843 Размер файла output_mp3/part_0002.mp3 1143 КБ в пределах нормы.
2025-09-24 07:46:19.718068 Размер файла output_mp3/part_0003.mp3 1198 КБ в пределах нормы.
2025-09-24 07:46:34.011501 Размер файла output_mp3/part_0004.mp3 1240 КБ в пределах нормы.
2025-09-24 07:46:47.077218 Размер файла output_mp3/part_0005.mp3 1251 КБ в пределах нормы.
2025-09-24 07:46:47.256007 Создан архив mp3_results.zip, размер 6078461 байт (сумма mp3: 5.95 МБ).
2025-09-24 07:46:48.105773 B2: Успешно загружено mp3_results.zip (last_part=5). Маркер .b2_upload_ok.json создан.
2025-09-24 07:46:48.107070 Локальный zip удалён после успешной загрузки на B2.
2025-09-24 07:46:48.108479 Удалено 5 mp3-файлов из output_mp3 после успешной загрузки.
2025-09-24 07:46:59.351401 Размер файла output_mp3/part_0006.mp3 991 КБ в пределах нормы.
2025-09-24 07:47:13.688028 Размер файла output_mp3/part_0007.mp3 1200 КБ в пределах нормы.
2025-09-24 07:47:27.696621 Размер файла output_mp3/part_0008.mp3 1150 КБ в пределах нормы.
2025-09-24 07:47:39.717921 Размер файла output_mp3/part_0009.mp3 1104 КБ в пределах нормы.
2025-09-24 07:47:53.478129 Размер файла output_mp3/part_0010.mp3 1224 КБ в пределах нормы.
2025-09-24 07:47:53.644223 Создан архив mp3_results.zip, размер 5657426 байт (сумма mp3: 5.54 МБ).
2025-09-24 07:47:54.379329 B2: Успешно загружено mp3_results.zip (last_part=10). Маркер .b2_upload_ok.json создан.
2025-09-24 07:47:54.380599 Локальный zip удалён после успешной загрузки на B2.
2025-09-24 07:47:54.381888 Удалено 5 mp3-файлов из output_mp3 после успешной загрузки.
2025-09-24 07:48:07.947333 Размер файла output_mp3/part_0011.mp3 1249 КБ в пределах нормы.
2025-09-24 07:48:20.605597 Размер файла output_mp3/part_0012.mp3 1068 КБ в пределах нормы.
2025-09-24 07:48:32.417524 Размер файла output_mp3/part_0013.mp3 1032 КБ в пределах нормы.
2025-09-24 07:48:46.816193 Размер файла output_mp3/part_0014.mp3 1241 КБ в пределах нормы.
2025-09-24 07:48:59.991797 Размер файла output_mp3/part_0015.mp3 1183 КБ в пределах нормы.
2025-09-24 07:49:00.160101 Создан архив mp3_results.zip, размер 5758147 байт (сумма mp3: 5.64 МБ).
2025-09-24 07:49:01.203909 B2: Успешно загружено mp3_results.zip (last_part=15). Маркер .b2_upload_ok.json создан.
2025-09-24 07:49:01.205160 Локальный zip удалён после успешной загрузки на B2.
2025-09-24 07:49:01.206499 Удалено 5 mp3-файлов из output_mp3 после успешной загрузки.
2025-09-24 07:49:14.714317 Размер файла output_mp3/part_0016.mp3 1255 КБ в пределах нормы.
2025-09-24 07:49:28.827760 Размер файла output_mp3/part_0017.mp3 1286 КБ в пределах нормы.
2025-09-24 07:49:39.459438 Размер файла output_mp3/part_0018.mp3 934 КБ в пределах нормы.
2025-09-24 07:49:52.162519 Размер файла output_mp3/part_0019.mp3 1150 КБ в пределах нормы.
2025-09-24 07:50:07.128676 Размер файла output_mp3/part_0020.mp3 1247 КБ в пределах нормы.
2025-09-24 07:50:07.299748 Создан архив mp3_results.zip, размер 5856769 байт (сумма mp3: 5.74 МБ).
2025-09-24 07:50:08.591799 B2: Успешно загружено mp3_results.zip (last_part=20). Маркер .b2_upload_ok.json создан.
2025-09-24 07:50:08.593073 Локальный zip удалён после успешной загрузки на B2.
2025-09-24 07:50:08.594406 Удалено 5 mp3-файлов из output_mp3 после успешной загрузки.
2025-09-24 07:50:23.321438 Размер файла output_mp3/part_0021.mp3 1228 КБ в пределах нормы.
2025-09-24 07:50:36.581706 Размер файла output_mp3/part_0022.mp3 1194 КБ в пределах нормы.
2025-09-24 07:50:49.890194 Размер файла output_mp3/part_0023.mp3 1113 КБ в пределах нормы.
2025-09-24 07:51:04.830137 Размер файла output_mp3/part_0024.mp3 1302 КБ в пределах нормы.
2025-09-24 07:51:19.097320 Размер файла output_mp3/part_0025.mp3 1214 КБ в пределах нормы.
2025-09-24 07:51:19.274172 Создан архив mp3_results.zip, размер 6035870 байт (сумма mp3: 5.91 МБ).
2025-09-24 07:51:20.012695 B2: Успешно загружено mp3_results.zip (last_part=25). Маркер .b2_upload_ok.json создан.
2025-09-24 07:51:20.013988 Локальный zip удалён после успешной загрузки на B2.
2025-09-24 07:51:20.015395 Удалено 5 mp3-файлов из output_mp3 после успешной загрузки.
2025-09-24 07:51:34.671946 Размер файла output_mp3/part_0026.mp3 1056 КБ в пределах нормы.
2025-09-24 07:51:47.690725 Размер файла output_mp3/part_0027.mp3 1100 КБ в пределах нормы.
2025-09-24 07:51:59.780038 Размер файла output_mp3/part_0028.mp3 1145 КБ в пределах нормы.
2025-09-24 07:52:10.886468 Размер файла output_mp3/part_0029.mp3 1029 КБ в пределах нормы.
2025-09-24 07:52:22.953605 Размер файла output_mp3/part_0030.mp3 1073 КБ в пределах нормы.
2025-09-24 07:52:23.111823 Создан архив mp3_results.zip, размер 5389609 байт (сумма mp3: 5.28 МБ).
2025-09-24 07:52:23.850942 B2: Успешно загружено mp3_results.zip (last_part=30). Маркер .b2_upload_ok.json создан.
2025-09-24 07:52:23.852095 Локальный zip удалён после успешной загрузки на B2.
2025-09-24 07:52:23.853381 Удалено 5 mp3-файлов из output_mp3 после успешной загрузки.
2025-09-24 07:52:38.279204 Размер файла output_mp3/part_0031.mp3 1291 КБ в пределах нормы.
2025-09-24 07:52:53.507439 Размер файла output_mp3/part_0032.mp3 1008 КБ в пределах нормы.
2025-09-24 07:53:06.401280 Размер файла output_mp3/part_0033.mp3 1082 КБ в пределах нормы.
2025-09-24 07:53:20.869015 Размер файла output_mp3/part_0034.mp3 1246 КБ в пределах нормы.
2025-09-24 07:53:35.837873 Размер файла output_mp3/part_0035.mp3 1272 КБ в пределах нормы.
2025-09-24 07:53:36.009093 Создан архив mp3_results.zip, размер 5884585 байт (сумма mp3: 5.76 МБ).
2025-09-24 07:53:36.848385 B2: Успешно загружено mp3_results.zip (last_part=35). Маркер .b2_upload_ok.json создан.
2025-09-24 07:53:36.849662 Локальный zip удалён после успешной загрузки на B2.
2025-09-24 07:53:36.851009 Удалено 5 mp3-файлов из output_mp3 после успешной загрузки.
2025-09-24 07:53:50.229869 Размер файла output_mp3/part_0036.mp3 1153 КБ в пределах нормы.
2025-09-24 07:54:04.094184 Размер файла output_mp3/part_0037.mp3 1196 КБ в пределах нормы.
2025-09-24 07:54:15.909957 Размер файла output_mp3/part_0038.mp3 1057 КБ в пределах нормы.
2025-09-24 07:54:28.041162 Размер файла output_mp3/part_0039.mp3 1152 КБ в пределах нормы.
2025-09-24 07:54:41.461781 Размер файла output_mp3/part_0040.mp3 1202 КБ в пределах нормы.
2025-09-24 07:54:41.629475 Создан архив mp3_results.zip, размер 5746629 байт (сумма mp3: 5.63 МБ).
2025-09-24 07:54:42.596964 B2: Успешно загружено mp3_results.zip (last_part=40). Маркер .b2_upload_ok.json создан.
2025-09-24 07:54:42.598178 Локальный zip удалён после успешной загрузки на B2.
2025-09-24 07:54:42.599510 Удалено 5 mp3-файлов из output_mp3 после успешной загрузки.
2025-09-24 07:54:55.491875 Размер файла output_mp3/part_0041.mp3 1226 КБ в пределах нормы.
2025-09-24 07:55:09.147930 Размер файла output_mp3/part_0042.mp3 1225 КБ в пределах нормы.
2025-09-24 07:55:24.006329 Размер файла output_mp3/part_0043.mp3 1269 КБ в пределах нормы.
2025-09-24 07:55:39.231106 Размер файла output_mp3/part_0044.mp3 1120 КБ в пределах нормы.
2025-09-24 07:55:51.673176 Размер файла output_mp3/part_0045.mp3 1123 КБ в пределах нормы.
2025-09-24 07:55:51.846950 Создан архив mp3_results.zip, размер 5949838 байт (сумма mp3: 5.83 МБ).
2025-09-24 07:55:53.101648 B2: Успешно загружено mp3_results.zip (last_part=45). Маркер .b2_upload_ok.json создан.
2025-09-24 07:55:53.102940 Локальный zip удалён после успешной загрузки на B2.
2025-09-24 07:55:53.104249 Удалено 5 mp3-файлов из output_mp3 после успешной загрузки.
2025-09-24 07:56:07.722895 Размер файла output_mp3/part_0046.mp3 1287 КБ в пределах нормы.
2025-09-24 07:56:19.959424 Размер файла output_mp3/part_0047.mp3 1091 КБ в пределах нормы.
2025-09-24 07:56:32.497071 Размер файла output_mp3/part_0048.mp3 1142 КБ в пределах нормы.
2025-09-24 07:56:46.233412 Размер файла output_mp3/part_0049.mp3 1189 КБ в пределах нормы.
2025-09-24 07:56:59.723704 Размер файла output_mp3/part_0050.mp3 1277 КБ в пределах нормы.
2025-09-24 07:56:59.897949 Создан архив mp3_results.zip, размер 5972236 байт (сумма mp3: 5.85 МБ).
2025-09-24 07:57:00.961446 B2: Успешно загружено mp3_results.zip (last_part=50). Маркер .b2_upload_ok.json создан.
2025-09-24 07:57:00.962744 Локальный zip удалён после успешной загрузки на B2.
2025-09-24 07:57:00.964113 Удалено 5 mp3-файлов из output_mp3 после успешной загрузки.
2025-09-24 07:57:12.009014 Размер файла output_mp3/part_0051.mp3 1094 КБ в пределах нормы.
2025-09-24 07:57:23.920840 Размер файла output_mp3/part_0052.mp3 1009 КБ в пределах нормы.
2025-09-24 07:57:38.448303 Размер файла output_mp3/part_0053.mp3 1299 КБ в пределах нормы.
2025-09-24 07:57:52.152430 Размер файла output_mp3/part_0054.mp3 1220 КБ в пределах нормы.
2025-09-24 07:58:05.814660 Размер файла output_mp3/part_0055.mp3 1105 КБ в пределах нормы.
2025-09-24 07:58:05.982032 Создан архив mp3_results.zip, размер 5715212 байт (сумма mp3: 5.60 МБ).
2025-09-24 07:58:07.590380 B2: Успешно загружено mp3_results.zip (last_part=55). Маркер .b2_upload_ok.json создан.
2025-09-24 07:58:07.591599 Локальный zip удалён после успешной загрузки на B2.
2025-09-24 07:58:07.592927 Удалено 5 mp3-файлов из output_mp3 после успешной загрузки.
2025-09-24 07:58:21.065763 Размер файла output_mp3/part_0056.mp3 1207 КБ в пределах нормы.
2025-09-24 07:58:33.175661 Размер файла output_mp3/part_0057.mp3 1039 КБ в пределах нормы.
2025-09-24 07:58:47.606603 Размер файла output_mp3/part_0058.mp3 1178 КБ в пределах нормы.
2025-09-24 07:59:01.808844 Размер файла output_mp3/part_0059.mp3 1246 КБ в пределах нормы.
2025-09-24 07:59:14.885963 Размер файла output_mp3/part_0060.mp3 1140 КБ в пределах нормы.
2025-09-24 07:59:15.056745 Создан архив mp3_results.zip, размер 5797390 байт (сумма mp3: 5.68 МБ).
2025-09-24 07:59:17.275762 B2: Успешно загружено mp3_results.zip (last_part=60). Маркер .b2_upload_ok.json создан.
2025-09-24 07:59:17.277007 Локальный zip удалён после успешной загрузки на B2.
2025-09-24 07:59:17.278345 Удалено 5 mp3-файлов из output_mp3 после успешной загрузки.
2025-09-24 07:59:32.092492 Размер файла output_mp3/part_0061.mp3 1190 КБ в пределах нормы.
2025-09-24 07:59:45.399636 Размер файла output_mp3/part_0062.mp3 1168 КБ в пределах нормы.
2025-09-24 07:59:48.395480 Размер файла output_mp3/part_0063.mp3 234 КБ в пределах нормы.
2025-09-24 07:59:48.395725 По завершении цикла обнаружено 3 mp3-файлов. Попытка финальной упаковки и загрузки в B2.
2025-09-24 07:59:48.471412 Создан финальный архив mp3_results.zip, размер 2587116 байт.
2025-09-24 07:59:49.255319 B2: Финальная загрузка успешна mp3_results.zip (last_part=63). Маркер .b2_upload_ok.json создан.
2025-09-24 07:59:49.256631 Удалено 3 mp3-файлов из output_mp3 после финальной загрузки.
2025-09-24 07:59:49.256701 Все фрагменты обработаны.
