2026-03-05 04:47:28.193289 [FREETTS] warmup_status=200
2026-03-05 04:47:28.336969 Список голосов пуст.
2026-03-05 04:47:28.337076 [FREETTS] env voice_id=None fallback_voice_id=VbNqRtKmLpOz lang_code=None fallback_lang_code=ru cookie_set=True token_set=False
2026-03-05 04:47:28.480566 Список языков пуст.
2026-03-05 04:47:28.480699 [FREETTS] env voice_id=None fallback_voice_id=VbNqRtKmLpOz lang_code=None fallback_lang_code=ru cookie_set=True token_set=False
2026-03-05 04:47:28.480765 Выбран голос: Виталий (VbNqRtKmLpOz)
2026-03-05 04:47:28.480837 Выбран язык: Русский (ru)
2026-03-05 04:47:28.483143 Начало новой генерации (логов не найдено или нет успешных записей).
2026-03-05 04:47:28.483244 [RETRY] Попытка 1/20 генерации аудио...
2026-03-05 04:47:28.630773 [FREETTS] part_0001 status=error message=Ошибка 666
2026-03-05 04:47:28.630867 [RETRY] Попытка 1 вернула некорректный Content-Type: error:Ошибка 666
2026-03-05 04:47:28.630914 [RETRY] Все 20 попыток завершились неудачей. Ошибка: Неверный Content-Type: error:Ошибка 666
2026-03-05 04:47:28.631028 Фрагмент 1 не озвучен — сохранён как текст output_mp3/part_0001.txt. Продолжаем.
2026-03-05 04:47:28.631097 Прогресс: 1/249 mp3=0 txt=1 пропуск=0
2026-03-05 04:47:28.631199 [DELAY] 3 секунд перед запросом
2026-03-05 04:47:31.634364 [RETRY] Попытка 1/20 генерации аудио...
2026-03-05 04:47:31.788063 [FREETTS] part_0002 status=error message=Ошибка 666
2026-03-05 04:47:31.788212 [RETRY] Попытка 1 вернула некорректный Content-Type: error:Ошибка 666
2026-03-05 04:47:31.788270 [RETRY] Все 20 попыток завершились неудачей. Ошибка: Неверный Content-Type: error:Ошибка 666
2026-03-05 04:47:31.788407 Фрагмент 2 не озвучен — сохранён как текст output_mp3/part_0002.txt. Продолжаем.
2026-03-05 04:47:31.788494 Прогресс: 2/249 mp3=0 txt=2 пропуск=0
2026-03-05 04:47:31.788613 [DELAY] 3 секунд перед запросом
2026-03-05 04:47:34.791752 [RETRY] Попытка 1/20 генерации аудио...
2026-03-05 04:47:34.942285 [FREETTS] part_0003 status=error message=Ошибка 666
2026-03-05 04:47:34.942422 [RETRY] Попытка 1 вернула некорректный Content-Type: error:Ошибка 666
2026-03-05 04:47:34.942470 [RETRY] Все 20 попыток завершились неудачей. Ошибка: Неверный Content-Type: error:Ошибка 666
2026-03-05 04:47:34.942590 Фрагмент 3 не озвучен — сохранён как текст output_mp3/part_0003.txt. Продолжаем.
2026-03-05 04:47:34.942698 Прогресс: 3/249 mp3=0 txt=3 пропуск=0
2026-03-05 04:47:34.942797 [DELAY] 3 секунд перед запросом
2026-03-05 04:47:37.945984 [RETRY] Попытка 1/20 генерации аудио...
2026-03-05 04:47:38.094287 [FREETTS] part_0004 status=error message=Ошибка 666
2026-03-05 04:47:38.094418 [RETRY] Попытка 1 вернула некорректный Content-Type: error:Ошибка 666
2026-03-05 04:47:38.094464 [RETRY] Все 20 попыток завершились неудачей. Ошибка: Неверный Content-Type: error:Ошибка 666
2026-03-05 04:47:38.094586 Фрагмент 4 не озвучен — сохранён как текст output_mp3/part_0004.txt. Продолжаем.
2026-03-05 04:47:38.094675 Прогресс: 4/249 mp3=0 txt=4 пропуск=0
2026-03-05 04:47:38.094769 [DELAY] 3 секунд перед запросом
2026-03-05 04:47:41.097934 [RETRY] Попытка 1/20 генерации аудио...
2026-03-05 04:47:41.242539 [FREETTS] part_0005 status=error message=Ошибка 666
2026-03-05 04:47:41.242689 [RETRY] Попытка 1 вернула некорректный Content-Type: error:Ошибка 666
2026-03-05 04:47:41.242755 [RETRY] Все 20 попыток завершились неудачей. Ошибка: Неверный Content-Type: error:Ошибка 666
2026-03-05 04:47:41.242864 Фрагмент 5 не озвучен — сохранён как текст output_mp3/part_0005.txt. Продолжаем.
2026-03-05 04:47:41.242934 Прогресс: 5/249 mp3=0 txt=5 пропуск=0
2026-03-05 04:47:41.243028 [DELAY] 3 секунд перед запросом
2026-03-05 04:47:44.246189 [RETRY] Попытка 1/20 генерации аудио...
2026-03-05 04:47:44.391232 [FREETTS] part_0006 status=error message=Ошибка 666
2026-03-05 04:47:44.391339 [RETRY] Попытка 1 вернула некорректный Content-Type: error:Ошибка 666
2026-03-05 04:47:44.391386 [RETRY] Все 20 попыток завершились неудачей. Ошибка: Неверный Content-Type: error:Ошибка 666
2026-03-05 04:47:44.391499 Фрагмент 6 не озвучен — сохранён как текст output_mp3/part_0006.txt. Продолжаем.
2026-03-05 04:47:44.391571 Прогресс: 6/249 mp3=0 txt=6 пропуск=0
2026-03-05 04:47:44.391689 [DELAY] 3 секунд перед запросом
2026-03-05 04:47:47.394841 [RETRY] Попытка 1/20 генерации аудио...
2026-03-05 04:47:47.540158 [FREETTS] part_0007 status=error message=Ошибка 666
2026-03-05 04:47:47.540253 [RETRY] Попытка 1 вернула некорректный Content-Type: error:Ошибка 666
2026-03-05 04:47:47.540301 [RETRY] Все 20 попыток завершились неудачей. Ошибка: Неверный Content-Type: error:Ошибка 666
2026-03-05 04:47:47.540416 Фрагмент 7 не озвучен — сохранён как текст output_mp3/part_0007.txt. Продолжаем.
2026-03-05 04:47:47.540488 Прогресс: 7/249 mp3=0 txt=7 пропуск=0
2026-03-05 04:47:47.540581 [DELAY] 3 секунд перед запросом
2026-03-05 04:47:50.543683 [RETRY] Попытка 1/20 генерации аудио...
2026-03-05 04:47:50.688283 [FREETTS] part_0008 status=error message=Ошибка 666
2026-03-05 04:47:50.688408 [RETRY] Попытка 1 вернула некорректный Content-Type: error:Ошибка 666
2026-03-05 04:47:50.688457 [RETRY] Все 20 попыток завершились неудачей. Ошибка: Неверный Content-Type: error:Ошибка 666
2026-03-05 04:47:50.688585 Фрагмент 8 не озвучен — сохранён как текст output_mp3/part_0008.txt. Продолжаем.
2026-03-05 04:47:50.688717 Прогресс: 8/249 mp3=0 txt=8 пропуск=0
2026-03-05 04:47:50.688817 [DELAY] 3 секунд перед запросом
2026-03-05 04:47:53.691952 [RETRY] Попытка 1/20 генерации аудио...
2026-03-05 04:47:53.842902 [FREETTS] part_0009 status=error message=Ошибка 666
2026-03-05 04:47:53.843049 [RETRY] Попытка 1 вернула некорректный Content-Type: error:Ошибка 666
2026-03-05 04:47:53.843097 [RETRY] Все 20 попыток завершились неудачей. Ошибка: Неверный Content-Type: error:Ошибка 666
2026-03-05 04:47:53.843215 Фрагмент 9 не озвучен — сохранён как текст output_mp3/part_0009.txt. Продолжаем.
2026-03-05 04:47:53.843287 Прогресс: 9/249 mp3=0 txt=9 пропуск=0
2026-03-05 04:47:53.843379 [DELAY] 3 секунд перед запросом
2026-03-05 04:47:56.846534 [RETRY] Попытка 1/20 генерации аудио...
2026-03-05 04:47:57.000894 [FREETTS] part_0010 status=error message=Ошибка 666
2026-03-05 04:47:57.001012 [RETRY] Попытка 1 вернула некорректный Content-Type: error:Ошибка 666
2026-03-05 04:47:57.001059 [RETRY] Все 20 попыток завершились неудачей. Ошибка: Неверный Content-Type: error:Ошибка 666
2026-03-05 04:47:57.001190 Фрагмент 10 не озвучен — сохранён как текст output_mp3/part_0010.txt. Продолжаем.
2026-03-05 04:47:57.001261 Прогресс: 10/249 mp3=0 txt=10 пропуск=0
2026-03-05 04:47:57.001355 [DELAY] 3 секунд перед запросом
2026-03-05 04:48:00.004511 [RETRY] Попытка 1/20 генерации аудио...
2026-03-05 04:48:00.155915 [FREETTS] part_0011 status=error message=Ошибка 666
2026-03-05 04:48:00.156047 [RETRY] Попытка 1 вернула некорректный Content-Type: error:Ошибка 666
2026-03-05 04:48:00.156093 [RETRY] Все 20 попыток завершились неудачей. Ошибка: Неверный Content-Type: error:Ошибка 666
2026-03-05 04:48:00.156214 Фрагмент 11 не озвучен — сохранён как текст output_mp3/part_0011.txt. Продолжаем.
2026-03-05 04:48:00.156285 Прогресс: 11/249 mp3=0 txt=11 пропуск=0
2026-03-05 04:48:00.156374 [DELAY] 3 секунд перед запросом
2026-03-05 04:48:03.159537 [RETRY] Попытка 1/20 генерации аудио...
2026-03-05 04:48:03.308811 [FREETTS] part_0012 status=error message=Ошибка 666
2026-03-05 04:48:03.308930 [RETRY] Попытка 1 вернула некорректный Content-Type: error:Ошибка 666
2026-03-05 04:48:03.308980 [RETRY] Все 20 попыток завершились неудачей. Ошибка: Неверный Content-Type: error:Ошибка 666
2026-03-05 04:48:03.309100 Фрагмент 12 не озвучен — сохранён как текст output_mp3/part_0012.txt. Продолжаем.
2026-03-05 04:48:03.309173 Прогресс: 12/249 mp3=0 txt=12 пропуск=0
2026-03-05 04:48:03.309271 [DELAY] 3 секунд перед запросом
2026-03-05 04:48:06.311114 [RETRY] Попытка 1/20 генерации аудио...
2026-03-05 04:48:06.458004 [FREETTS] part_0013 status=error message=Ошибка 666
2026-03-05 04:48:06.458132 [RETRY] Попытка 1 вернула некорректный Content-Type: error:Ошибка 666
2026-03-05 04:48:06.458183 [RETRY] Все 20 попыток завершились неудачей. Ошибка: Неверный Content-Type: error:Ошибка 666
2026-03-05 04:48:06.458311 Фрагмент 13 не озвучен — сохранён как текст output_mp3/part_0013.txt. Продолжаем.
2026-03-05 04:48:06.458383 Прогресс: 13/249 mp3=0 txt=13 пропуск=0
2026-03-05 04:48:06.458453 [DELAY] 3 секунд перед запросом
2026-03-05 04:48:09.461663 [RETRY] Попытка 1/20 генерации аудио...
2026-03-05 04:48:09.606145 [FREETTS] part_0014 status=error message=Ошибка 666
2026-03-05 04:48:09.606278 [RETRY] Попытка 1 вернула некорректный Content-Type: error:Ошибка 666
2026-03-05 04:48:09.606338 [RETRY] Все 20 попыток завершились неудачей. Ошибка: Неверный Content-Type: error:Ошибка 666
2026-03-05 04:48:09.606481 Фрагмент 14 не озвучен — сохранён как текст output_mp3/part_0014.txt. Продолжаем.
2026-03-05 04:48:09.606570 Прогресс: 14/249 mp3=0 txt=14 пропуск=0
2026-03-05 04:48:09.606718 [DELAY] 3 секунд перед запросом
2026-03-05 04:48:12.609875 [RETRY] Попытка 1/20 генерации аудио...
2026-03-05 04:48:12.755445 [FREETTS] part_0015 status=error message=Ошибка 666
2026-03-05 04:48:12.755569 [RETRY] Попытка 1 вернула некорректный Content-Type: error:Ошибка 666
2026-03-05 04:48:12.755680 [RETRY] Все 20 попыток завершились неудачей. Ошибка: Неверный Content-Type: error:Ошибка 666
2026-03-05 04:48:12.755802 Фрагмент 15 не озвучен — сохранён как текст output_mp3/part_0015.txt. Продолжаем.
2026-03-05 04:48:12.755881 Прогресс: 15/249 mp3=0 txt=15 пропуск=0
2026-03-05 04:48:12.755976 [DELAY] 3 секунд перед запросом
2026-03-05 04:48:15.759134 [RETRY] Попытка 1/20 генерации аудио...
2026-03-05 04:48:15.906745 [FREETTS] part_0016 status=error message=Ошибка 666
2026-03-05 04:48:15.906862 [RETRY] Попытка 1 вернула некорректный Content-Type: error:Ошибка 666
2026-03-05 04:48:15.906908 [RETRY] Все 20 попыток завершились неудачей. Ошибка: Неверный Content-Type: error:Ошибка 666
2026-03-05 04:48:15.907029 Фрагмент 16 не озвучен — сохранён как текст output_mp3/part_0016.txt. Продолжаем.
2026-03-05 04:48:15.907106 Прогресс: 16/249 mp3=0 txt=16 пропуск=0
2026-03-05 04:48:15.907210 [DELAY] 3 секунд перед запросом
2026-03-05 04:48:18.910394 [RETRY] Попытка 1/20 генерации аудио...
2026-03-05 04:48:19.055548 [FREETTS] part_0017 status=error message=Ошибка 666
2026-03-05 04:48:19.055727 [RETRY] Попытка 1 вернула некорректный Content-Type: error:Ошибка 666
2026-03-05 04:48:19.055786 [RETRY] Все 20 попыток завершились неудачей. Ошибка: Неверный Content-Type: error:Ошибка 666
2026-03-05 04:48:19.055910 Фрагмент 17 не озвучен — сохранён как текст output_mp3/part_0017.txt. Продолжаем.
2026-03-05 04:48:19.055989 Прогресс: 17/249 mp3=0 txt=17 пропуск=0
2026-03-05 04:48:19.056089 [DELAY] 3 секунд перед запросом
2026-03-05 04:48:22.059279 [RETRY] Попытка 1/20 генерации аудио...
2026-03-05 04:48:22.205952 [FREETTS] part_0018 status=error message=Ошибка 666
2026-03-05 04:48:22.206077 [RETRY] Попытка 1 вернула некорректный Content-Type: error:Ошибка 666
2026-03-05 04:48:22.206124 [RETRY] Все 20 попыток завершились неудачей. Ошибка: Неверный Content-Type: error:Ошибка 666
2026-03-05 04:48:22.206240 Фрагмент 18 не озвучен — сохранён как текст output_mp3/part_0018.txt. Продолжаем.
2026-03-05 04:48:22.206307 Прогресс: 18/249 mp3=0 txt=18 пропуск=0
2026-03-05 04:48:22.206366 [DELAY] 3 секунд перед запросом
2026-03-05 04:48:25.209497 [RETRY] Попытка 1/20 генерации аудио...
2026-03-05 04:48:25.355323 [FREETTS] part_0019 status=error message=Ошибка 666
2026-03-05 04:48:25.355451 [RETRY] Попытка 1 вернула некорректный Content-Type: error:Ошибка 666
2026-03-05 04:48:25.355499 [RETRY] Все 20 попыток завершились неудачей. Ошибка: Неверный Content-Type: error:Ошибка 666
2026-03-05 04:48:25.355649 Фрагмент 19 не озвучен — сохранён как текст output_mp3/part_0019.txt. Продолжаем.
2026-03-05 04:48:25.355724 Прогресс: 19/249 mp3=0 txt=19 пропуск=0
2026-03-05 04:48:25.355785 [DELAY] 3 секунд перед запросом
2026-03-05 04:48:28.358882 [RETRY] Попытка 1/20 генерации аудио...
2026-03-05 04:48:28.513245 [FREETTS] part_0020 status=error message=Ошибка 666
2026-03-05 04:48:28.513388 [RETRY] Попытка 1 вернула некорректный Content-Type: error:Ошибка 666
2026-03-05 04:48:28.513436 [RETRY] Все 20 попыток завершились неудачей. Ошибка: Неверный Content-Type: error:Ошибка 666
2026-03-05 04:48:28.513564 Фрагмент 20 не озвучен — сохранён как текст output_mp3/part_0020.txt. Продолжаем.
2026-03-05 04:48:28.513647 Прогресс: 20/249 mp3=0 txt=20 пропуск=0
2026-03-05 04:48:28.513718 [DELAY] 3 секунд перед запросом
2026-03-05 04:48:31.516855 [RETRY] Попытка 1/20 генерации аудио...
2026-03-05 04:48:31.668323 [FREETTS] part_0021 status=error message=Ошибка 666
2026-03-05 04:48:31.668449 [RETRY] Попытка 1 вернула некорректный Content-Type: error:Ошибка 666
2026-03-05 04:48:31.668497 [RETRY] Все 20 попыток завершились неудачей. Ошибка: Неверный Content-Type: error:Ошибка 666
2026-03-05 04:48:31.668669 Фрагмент 21 не озвучен — сохранён как текст output_mp3/part_0021.txt. Продолжаем.
2026-03-05 04:48:31.668742 Прогресс: 21/249 mp3=0 txt=21 пропуск=0
2026-03-05 04:48:31.668809 [DELAY] 3 секунд перед запросом
2026-03-05 04:48:34.671954 [RETRY] Попытка 1/20 генерации аудио...
2026-03-05 04:48:34.819932 [FREETTS] part_0022 status=error message=Ошибка 666
2026-03-05 04:48:34.820056 [RETRY] Попытка 1 вернула некорректный Content-Type: error:Ошибка 666
2026-03-05 04:48:34.820104 [RETRY] Все 20 попыток завершились неудачей. Ошибка: Неверный Content-Type: error:Ошибка 666
2026-03-05 04:48:34.820222 Фрагмент 22 не озвучен — сохранён как текст output_mp3/part_0022.txt. Продолжаем.
2026-03-05 04:48:34.820288 Прогресс: 22/249 mp3=0 txt=22 пропуск=0
2026-03-05 04:48:34.820359 [DELAY] 3 секунд перед запросом
2026-03-05 04:48:37.823520 [RETRY] Попытка 1/20 генерации аудио...
2026-03-05 04:48:37.967628 [FREETTS] part_0023 status=error message=Ошибка 666
2026-03-05 04:48:37.967753 [RETRY] Попытка 1 вернула некорректный Content-Type: error:Ошибка 666
2026-03-05 04:48:37.967812 [RETRY] Все 20 попыток завершились неудачей. Ошибка: Неверный Content-Type: error:Ошибка 666
2026-03-05 04:48:37.967930 Фрагмент 23 не озвучен — сохранён как текст output_mp3/part_0023.txt. Продолжаем.
2026-03-05 04:48:37.967997 Прогресс: 23/249 mp3=0 txt=23 пропуск=0
2026-03-05 04:48:37.968072 [DELAY] 3 секунд перед запросом
2026-03-05 04:48:40.971223 [RETRY] Попытка 1/20 генерации аудио...
2026-03-05 04:48:41.122937 [FREETTS] part_0024 status=error message=Ошибка 666
2026-03-05 04:48:41.123086 [RETRY] Попытка 1 вернула некорректный Content-Type: error:Ошибка 666
2026-03-05 04:48:41.123143 [RETRY] Все 20 попыток завершились неудачей. Ошибка: Неверный Content-Type: error:Ошибка 666
2026-03-05 04:48:41.123265 Фрагмент 24 не озвучен — сохранён как текст output_mp3/part_0024.txt. Продолжаем.
2026-03-05 04:48:41.123332 Прогресс: 24/249 mp3=0 txt=24 пропуск=0
2026-03-05 04:48:41.123400 [DELAY] 3 секунд перед запросом
2026-03-05 04:48:44.126551 [RETRY] Попытка 1/20 генерации аудио...
2026-03-05 04:48:44.270449 [FREETTS] part_0025 status=error message=Ошибка 666
2026-03-05 04:48:44.270590 [RETRY] Попытка 1 вернула некорректный Content-Type: error:Ошибка 666
2026-03-05 04:48:44.270702 [RETRY] Все 20 попыток завершились неудачей. Ошибка: Неверный Content-Type: error:Ошибка 666
2026-03-05 04:48:44.270843 Фрагмент 25 не озвучен — сохранён как текст output_mp3/part_0025.txt. Продолжаем.
2026-03-05 04:48:44.270924 Прогресс: 25/249 mp3=0 txt=25 пропуск=0
2026-03-05 04:48:44.270999 [DELAY] 3 секунд перед запросом
2026-03-05 04:48:47.274157 [RETRY] Попытка 1/20 генерации аудио...
2026-03-05 04:48:47.429076 [FREETTS] part_0026 status=error message=Ошибка 666
2026-03-05 04:48:47.429183 [RETRY] Попытка 1 вернула некорректный Content-Type: error:Ошибка 666
2026-03-05 04:48:47.429230 [RETRY] Все 20 попыток завершились неудачей. Ошибка: Неверный Content-Type: error:Ошибка 666
2026-03-05 04:48:47.429347 Фрагмент 26 не озвучен — сохранён как текст output_mp3/part_0026.txt. Продолжаем.
2026-03-05 04:48:47.429411 Прогресс: 26/249 mp3=0 txt=26 пропуск=0
2026-03-05 04:48:47.429471 [DELAY] 3 секунд перед запросом
2026-03-05 04:48:50.432655 [RETRY] Попытка 1/20 генерации аудио...
2026-03-05 04:48:50.585022 [FREETTS] part_0027 status=error message=Ошибка 666
2026-03-05 04:48:50.585121 [RETRY] Попытка 1 вернула некорректный Content-Type: error:Ошибка 666
2026-03-05 04:48:50.585167 [RETRY] Все 20 попыток завершились неудачей. Ошибка: Неверный Content-Type: error:Ошибка 666
2026-03-05 04:48:50.585287 Фрагмент 27 не озвучен — сохранён как текст output_mp3/part_0027.txt. Продолжаем.
2026-03-05 04:48:50.585352 Прогресс: 27/249 mp3=0 txt=27 пропуск=0
2026-03-05 04:48:50.585410 [DELAY] 3 секунд перед запросом
2026-03-05 04:48:53.588563 [RETRY] Попытка 1/20 генерации аудио...
2026-03-05 04:48:53.749679 [FREETTS] part_0028 status=error message=Ошибка 666
2026-03-05 04:48:53.749807 [RETRY] Попытка 1 вернула некорректный Content-Type: error:Ошибка 666
2026-03-05 04:48:53.749863 [RETRY] Все 20 попыток завершились неудачей. Ошибка: Неверный Content-Type: error:Ошибка 666
2026-03-05 04:48:53.749984 Фрагмент 28 не озвучен — сохранён как текст output_mp3/part_0028.txt. Продолжаем.
2026-03-05 04:48:53.750049 Прогресс: 28/249 mp3=0 txt=28 пропуск=0
2026-03-05 04:48:53.750120 [DELAY] 3 секунд перед запросом
2026-03-05 04:48:56.753268 [RETRY] Попытка 1/20 генерации аудио...
2026-03-05 04:48:56.907754 [FREETTS] part_0029 status=error message=Ошибка 666
2026-03-05 04:48:56.907896 [RETRY] Попытка 1 вернула некорректный Content-Type: error:Ошибка 666
2026-03-05 04:48:56.907945 [RETRY] Все 20 попыток завершились неудачей. Ошибка: Неверный Content-Type: error:Ошибка 666
2026-03-05 04:48:56.908071 Фрагмент 29 не озвучен — сохранён как текст output_mp3/part_0029.txt. Продолжаем.
2026-03-05 04:48:56.908137 Прогресс: 29/249 mp3=0 txt=29 пропуск=0
2026-03-05 04:48:56.908198 [DELAY] 3 секунд перед запросом
2026-03-05 04:48:59.911333 [RETRY] Попытка 1/20 генерации аудио...
2026-03-05 04:49:00.063982 [FREETTS] part_0030 status=error message=Ошибка 666
2026-03-05 04:49:00.064107 [RETRY] Попытка 1 вернула некорректный Content-Type: error:Ошибка 666
2026-03-05 04:49:00.064154 [RETRY] Все 20 попыток завершились неудачей. Ошибка: Неверный Content-Type: error:Ошибка 666
2026-03-05 04:49:00.064278 Фрагмент 30 не озвучен — сохранён как текст output_mp3/part_0030.txt. Продолжаем.
2026-03-05 04:49:00.064344 Прогресс: 30/249 mp3=0 txt=30 пропуск=0
2026-03-05 04:49:00.064403 [DELAY] 3 секунд перед запросом
2026-03-05 04:49:03.067555 [RETRY] Попытка 1/20 генерации аудио...
2026-03-05 04:49:03.215260 [FREETTS] part_0031 status=error message=Ошибка 666
2026-03-05 04:49:03.215395 [RETRY] Попытка 1 вернула некорректный Content-Type: error:Ошибка 666
2026-03-05 04:49:03.215471 [RETRY] Все 20 попыток завершились неудачей. Ошибка: Неверный Content-Type: error:Ошибка 666
2026-03-05 04:49:03.215625 Фрагмент 31 не озвучен — сохранён как текст output_mp3/part_0031.txt. Продолжаем.
2026-03-05 04:49:03.215707 Прогресс: 31/249 mp3=0 txt=31 пропуск=0
2026-03-05 04:49:03.215774 [DELAY] 3 секунд перед запросом
2026-03-05 04:49:06.218907 [RETRY] Попытка 1/20 генерации аудио...
2026-03-05 04:49:06.363278 [FREETTS] part_0032 status=error message=Ошибка 666
2026-03-05 04:49:06.363424 [RETRY] Попытка 1 вернула некорректный Content-Type: error:Ошибка 666
2026-03-05 04:49:06.363482 [RETRY] Все 20 попыток завершились неудачей. Ошибка: Неверный Content-Type: error:Ошибка 666
2026-03-05 04:49:06.363640 Фрагмент 32 не озвучен — сохранён как текст output_mp3/part_0032.txt. Продолжаем.
2026-03-05 04:49:06.363714 Прогресс: 32/249 mp3=0 txt=32 пропуск=0
2026-03-05 04:49:06.363774 [DELAY] 3 секунд перед запросом
2026-03-05 04:49:09.366903 [RETRY] Попытка 1/20 генерации аудио...
2026-03-05 04:49:09.515201 [FREETTS] part_0033 status=error message=Ошибка 666
2026-03-05 04:49:09.515329 [RETRY] Попытка 1 вернула некорректный Content-Type: error:Ошибка 666
2026-03-05 04:49:09.515391 [RETRY] Все 20 попыток завершились неудачей. Ошибка: Неверный Content-Type: error:Ошибка 666
2026-03-05 04:49:09.515536 Фрагмент 33 не озвучен — сохранён как текст output_mp3/part_0033.txt. Продолжаем.
2026-03-05 04:49:09.515649 Прогресс: 33/249 mp3=0 txt=33 пропуск=0
2026-03-05 04:49:09.515739 [DELAY] 3 секунд перед запросом
2026-03-05 04:49:12.518888 [RETRY] Попытка 1/20 генерации аудио...
2026-03-05 04:49:12.663453 [FREETTS] part_0034 status=error message=Ошибка 666
2026-03-05 04:49:12.663571 [RETRY] Попытка 1 вернула некорректный Content-Type: error:Ошибка 666
2026-03-05 04:49:12.663663 [RETRY] Все 20 попыток завершились неудачей. Ошибка: Неверный Content-Type: error:Ошибка 666
2026-03-05 04:49:12.663787 Фрагмент 34 не озвучен — сохранён как текст output_mp3/part_0034.txt. Продолжаем.
2026-03-05 04:49:12.663854 Прогресс: 34/249 mp3=0 txt=34 пропуск=0
2026-03-05 04:49:12.663926 [DELAY] 3 секунд перед запросом
2026-03-05 04:49:15.667081 [RETRY] Попытка 1/20 генерации аудио...
2026-03-05 04:49:15.818578 [FREETTS] part_0035 status=error message=Ошибка 666
2026-03-05 04:49:15.818726 [RETRY] Попытка 1 вернула некорректный Content-Type: error:Ошибка 666
2026-03-05 04:49:15.818793 [RETRY] Все 20 попыток завершились неудачей. Ошибка: Неверный Content-Type: error:Ошибка 666
2026-03-05 04:49:15.818935 Фрагмент 35 не озвучен — сохранён как текст output_mp3/part_0035.txt. Продолжаем.
2026-03-05 04:49:15.819015 Прогресс: 35/249 mp3=0 txt=35 пропуск=0
2026-03-05 04:49:15.819103 [DELAY] 3 секунд перед запросом
2026-03-05 04:49:18.822256 [RETRY] Попытка 1/20 генерации аудио...
2026-03-05 04:49:18.981417 [FREETTS] part_0036 status=error message=Ошибка 666
2026-03-05 04:49:18.981522 [RETRY] Попытка 1 вернула некорректный Content-Type: error:Ошибка 666
2026-03-05 04:49:18.981571 [RETRY] Все 20 попыток завершились неудачей. Ошибка: Неверный Content-Type: error:Ошибка 666
2026-03-05 04:49:18.981739 Фрагмент 36 не озвучен — сохранён как текст output_mp3/part_0036.txt. Продолжаем.
2026-03-05 04:49:18.981804 Прогресс: 36/249 mp3=0 txt=36 пропуск=0
2026-03-05 04:49:18.981873 [DELAY] 3 секунд перед запросом
2026-03-05 04:49:21.985020 [RETRY] Попытка 1/20 генерации аудио...
2026-03-05 04:49:22.129206 [FREETTS] part_0037 status=error message=Ошибка 666
2026-03-05 04:49:22.129347 [RETRY] Попытка 1 вернула некорректный Content-Type: error:Ошибка 666
2026-03-05 04:49:22.129401 [RETRY] Все 20 попыток завершились неудачей. Ошибка: Неверный Content-Type: error:Ошибка 666
2026-03-05 04:49:22.129523 Фрагмент 37 не озвучен — сохранён как текст output_mp3/part_0037.txt. Продолжаем.
2026-03-05 04:49:22.129590 Прогресс: 37/249 mp3=0 txt=37 пропуск=0
2026-03-05 04:49:22.129680 [DELAY] 3 секунд перед запросом
2026-03-05 04:49:25.132828 [RETRY] Попытка 1/20 генерации аудио...
2026-03-05 04:49:25.280664 [FREETTS] part_0038 status=error message=Ошибка 666
2026-03-05 04:49:25.280792 [RETRY] Попытка 1 вернула некорректный Content-Type: error:Ошибка 666
2026-03-05 04:49:25.280856 [RETRY] Все 20 попыток завершились неудачей. Ошибка: Неверный Content-Type: error:Ошибка 666
2026-03-05 04:49:25.280996 Фрагмент 38 не озвучен — сохранён как текст output_mp3/part_0038.txt. Продолжаем.
2026-03-05 04:49:25.281074 Прогресс: 38/249 mp3=0 txt=38 пропуск=0
2026-03-05 04:49:25.281173 [DELAY] 3 секунд перед запросом
2026-03-05 04:49:28.284335 [RETRY] Попытка 1/20 генерации аудио...
2026-03-05 04:49:28.429343 [FREETTS] part_0039 status=error message=Ошибка 666
2026-03-05 04:49:28.429438 [RETRY] Попытка 1 вернула некорректный Content-Type: error:Ошибка 666
2026-03-05 04:49:28.429485 [RETRY] Все 20 попыток завершились неудачей. Ошибка: Неверный Content-Type: error:Ошибка 666
2026-03-05 04:49:28.429637 Фрагмент 39 не озвучен — сохранён как текст output_mp3/part_0039.txt. Продолжаем.
2026-03-05 04:49:28.429708 Прогресс: 39/249 mp3=0 txt=39 пропуск=0
2026-03-05 04:49:28.429767 [DELAY] 3 секунд перед запросом
2026-03-05 04:49:31.432368 [RETRY] Попытка 1/20 генерации аудио...
2026-03-05 04:49:31.577980 [FREETTS] part_0040 status=error message=Ошибка 666
2026-03-05 04:49:31.578095 [RETRY] Попытка 1 вернула некорректный Content-Type: error:Ошибка 666
2026-03-05 04:49:31.578152 [RETRY] Все 20 попыток завершились неудачей. Ошибка: Неверный Content-Type: error:Ошибка 666
2026-03-05 04:49:31.578277 Фрагмент 40 не озвучен — сохранён как текст output_mp3/part_0040.txt. Продолжаем.
2026-03-05 04:49:31.578341 Прогресс: 40/249 mp3=0 txt=40 пропуск=0
2026-03-05 04:49:31.578401 [DELAY] 3 секунд перед запросом
2026-03-05 04:49:34.581528 [RETRY] Попытка 1/20 генерации аудио...
2026-03-05 04:49:34.725839 [FREETTS] part_0041 status=error message=Ошибка 666
2026-03-05 04:49:34.725980 [RETRY] Попытка 1 вернула некорректный Content-Type: error:Ошибка 666
2026-03-05 04:49:34.726037 [RETRY] Все 20 попыток завершились неудачей. Ошибка: Неверный Content-Type: error:Ошибка 666
2026-03-05 04:49:34.726170 Фрагмент 41 не озвучен — сохранён как текст output_mp3/part_0041.txt. Продолжаем.
2026-03-05 04:49:34.726251 Прогресс: 41/249 mp3=0 txt=41 пропуск=0
2026-03-05 04:49:34.726315 [DELAY] 3 секунд перед запросом
2026-03-05 04:49:37.729471 [RETRY] Попытка 1/20 генерации аудио...
2026-03-05 04:49:37.877343 [FREETTS] part_0042 status=error message=Ошибка 666
2026-03-05 04:49:37.877452 [RETRY] Попытка 1 вернула некорректный Content-Type: error:Ошибка 666
2026-03-05 04:49:37.877500 [RETRY] Все 20 попыток завершились неудачей. Ошибка: Неверный Content-Type: error:Ошибка 666
2026-03-05 04:49:37.877642 Фрагмент 42 не озвучен — сохранён как текст output_mp3/part_0042.txt. Продолжаем.
2026-03-05 04:49:37.877716 Прогресс: 42/249 mp3=0 txt=42 пропуск=0
2026-03-05 04:49:37.877778 [DELAY] 3 секунд перед запросом
2026-03-05 04:49:40.879684 [RETRY] Попытка 1/20 генерации аудио...
2026-03-05 04:49:41.023315 [FREETTS] part_0043 status=error message=Ошибка 666
2026-03-05 04:49:41.023445 [RETRY] Попытка 1 вернула некорректный Content-Type: error:Ошибка 666
2026-03-05 04:49:41.023493 [RETRY] Все 20 попыток завершились неудачей. Ошибка: Неверный Content-Type: error:Ошибка 666
2026-03-05 04:49:41.023653 Фрагмент 43 не озвучен — сохранён как текст output_mp3/part_0043.txt. Продолжаем.
2026-03-05 04:49:41.023723 Прогресс: 43/249 mp3=0 txt=43 пропуск=0
2026-03-05 04:49:41.023785 [DELAY] 3 секунд перед запросом
2026-03-05 04:49:44.026966 [RETRY] Попытка 1/20 генерации аудио...
2026-03-05 04:49:44.171343 [FREETTS] part_0044 status=error message=Ошибка 666
2026-03-05 04:49:44.171484 [RETRY] Попытка 1 вернула некорректный Content-Type: error:Ошибка 666
2026-03-05 04:49:44.171544 [RETRY] Все 20 попыток завершились неудачей. Ошибка: Неверный Content-Type: error:Ошибка 666
2026-03-05 04:49:44.171736 Фрагмент 44 не озвучен — сохранён как текст output_mp3/part_0044.txt. Продолжаем.
2026-03-05 04:49:44.171816 Прогресс: 44/249 mp3=0 txt=44 пропуск=0
2026-03-05 04:49:44.171890 [DELAY] 3 секунд перед запросом
2026-03-05 04:49:47.175066 [RETRY] Попытка 1/20 генерации аудио...
2026-03-05 04:49:47.324731 [FREETTS] part_0045 status=error message=Ошибка 666
2026-03-05 04:49:47.324858 [RETRY] Попытка 1 вернула некорректный Content-Type: error:Ошибка 666
2026-03-05 04:49:47.324934 [RETRY] Все 20 попыток завершились неудачей. Ошибка: Неверный Content-Type: error:Ошибка 666
2026-03-05 04:49:47.325063 Фрагмент 45 не озвучен — сохранён как текст output_mp3/part_0045.txt. Продолжаем.
2026-03-05 04:49:47.325132 Прогресс: 45/249 mp3=0 txt=45 пропуск=0
2026-03-05 04:49:47.325216 [DELAY] 3 секунд перед запросом
2026-03-05 04:49:50.328362 [RETRY] Попытка 1/20 генерации аудио...
2026-03-05 04:49:50.473060 [FREETTS] part_0046 status=error message=Ошибка 666
2026-03-05 04:49:50.473188 [RETRY] Попытка 1 вернула некорректный Content-Type: error:Ошибка 666
2026-03-05 04:49:50.473238 [RETRY] Все 20 попыток завершились неудачей. Ошибка: Неверный Content-Type: error:Ошибка 666
2026-03-05 04:49:50.473359 Фрагмент 46 не озвучен — сохранён как текст output_mp3/part_0046.txt. Продолжаем.
2026-03-05 04:49:50.473427 Прогресс: 46/249 mp3=0 txt=46 пропуск=0
2026-03-05 04:49:50.473491 [DELAY] 3 секунд перед запросом
2026-03-05 04:49:53.476664 [RETRY] Попытка 1/20 генерации аудио...
2026-03-05 04:49:53.620099 [FREETTS] part_0047 status=error message=Ошибка 666
2026-03-05 04:49:53.620234 [RETRY] Попытка 1 вернула некорректный Content-Type: error:Ошибка 666
2026-03-05 04:49:53.620283 [RETRY] Все 20 попыток завершились неудачей. Ошибка: Неверный Content-Type: error:Ошибка 666
2026-03-05 04:49:53.620411 Фрагмент 47 не озвучен — сохранён как текст output_mp3/part_0047.txt. Продолжаем.
2026-03-05 04:49:53.620477 Прогресс: 47/249 mp3=0 txt=47 пропуск=0
2026-03-05 04:49:53.620538 [DELAY] 3 секунд перед запросом
2026-03-05 04:49:56.623717 [RETRY] Попытка 1/20 генерации аудио...
2026-03-05 04:49:56.767362 [FREETTS] part_0048 status=error message=Ошибка 666
2026-03-05 04:49:56.767502 [RETRY] Попытка 1 вернула некорректный Content-Type: error:Ошибка 666
2026-03-05 04:49:56.767560 [RETRY] Все 20 попыток завершились неудачей. Ошибка: Неверный Content-Type: error:Ошибка 666
2026-03-05 04:49:56.767725 Фрагмент 48 не озвучен — сохранён как текст output_mp3/part_0048.txt. Продолжаем.
2026-03-05 04:49:56.767791 Прогресс: 48/249 mp3=0 txt=48 пропуск=0
2026-03-05 04:49:56.767867 [DELAY] 3 секунд перед запросом
2026-03-05 04:49:59.771023 [RETRY] Попытка 1/20 генерации аудио...
2026-03-05 04:49:59.917901 [FREETTS] part_0049 status=error message=Ошибка 666
2026-03-05 04:49:59.918026 [RETRY] Попытка 1 вернула некорректный Content-Type: error:Ошибка 666
2026-03-05 04:49:59.918075 [RETRY] Все 20 попыток завершились неудачей. Ошибка: Неверный Content-Type: error:Ошибка 666
2026-03-05 04:49:59.918198 Фрагмент 49 не озвучен — сохранён как текст output_mp3/part_0049.txt. Продолжаем.
2026-03-05 04:49:59.918267 Прогресс: 49/249 mp3=0 txt=49 пропуск=0
2026-03-05 04:49:59.918329 [DELAY] 3 секунд перед запросом
2026-03-05 04:50:02.921456 [RETRY] Попытка 1/20 генерации аудио...
2026-03-05 04:50:03.065899 [FREETTS] part_0050 status=error message=Ошибка 666
2026-03-05 04:50:03.066025 [RETRY] Попытка 1 вернула некорректный Content-Type: error:Ошибка 666
2026-03-05 04:50:03.066074 [RETRY] Все 20 попыток завершились неудачей. Ошибка: Неверный Content-Type: error:Ошибка 666
2026-03-05 04:50:03.066193 Фрагмент 50 не озвучен — сохранён как текст output_mp3/part_0050.txt. Продолжаем.
2026-03-05 04:50:03.066264 Прогресс: 50/249 mp3=0 txt=50 пропуск=0
2026-03-05 04:50:03.066357 [DELAY] 3 секунд перед запросом
2026-03-05 04:50:06.069505 [RETRY] Попытка 1/20 генерации аудио...
2026-03-05 04:50:06.215318 [FREETTS] part_0051 status=error message=Ошибка 666
2026-03-05 04:50:06.215442 [RETRY] Попытка 1 вернула некорректный Content-Type: error:Ошибка 666
2026-03-05 04:50:06.215489 [RETRY] Все 20 попыток завершились неудачей. Ошибка: Неверный Content-Type: error:Ошибка 666
2026-03-05 04:50:06.215629 Фрагмент 51 не озвучен — сохранён как текст output_mp3/part_0051.txt. Продолжаем.
2026-03-05 04:50:06.215711 Прогресс: 51/249 mp3=0 txt=51 пропуск=0
2026-03-05 04:50:06.215815 [DELAY] 3 секунд перед запросом
2026-03-05 04:50:09.218944 [RETRY] Попытка 1/20 генерации аудио...
2026-03-05 04:50:09.374403 [FREETTS] part_0052 status=error message=Ошибка 666
2026-03-05 04:50:09.374543 [RETRY] Попытка 1 вернула некорректный Content-Type: error:Ошибка 666
2026-03-05 04:50:09.374592 [RETRY] Все 20 попыток завершились неудачей. Ошибка: Неверный Content-Type: error:Ошибка 666
2026-03-05 04:50:09.374754 Фрагмент 52 не озвучен — сохранён как текст output_mp3/part_0052.txt. Продолжаем.
2026-03-05 04:50:09.374827 Прогресс: 52/249 mp3=0 txt=52 пропуск=0
2026-03-05 04:50:09.374918 [DELAY] 3 секунд перед запросом
2026-03-05 04:50:12.378077 [RETRY] Попытка 1/20 генерации аудио...
2026-03-05 04:50:12.890667 [FREETTS] part_0053 status=error message=Ошибка 666
2026-03-05 04:50:12.890810 [RETRY] Попытка 1 вернула некорректный Content-Type: error:Ошибка 666
2026-03-05 04:50:12.890868 [RETRY] Все 20 попыток завершились неудачей. Ошибка: Неверный Content-Type: error:Ошибка 666
2026-03-05 04:50:12.891011 Фрагмент 53 не озвучен — сохранён как текст output_mp3/part_0053.txt. Продолжаем.
2026-03-05 04:50:12.891080 Прогресс: 53/249 mp3=0 txt=53 пропуск=0
2026-03-05 04:50:12.891171 [DELAY] 3 секунд перед запросом
