2025-09-24 08:53:12.568774 Начало новой генерации (логов не найдено или нет успешных записей).
2025-09-24 08:53:27.676374 Размер файла output_mp3/part_0001.mp3 900 КБ в пределах нормы.
2025-09-24 08:53:43.040702 Размер файла output_mp3/part_0002.mp3 1016 КБ в пределах нормы.
2025-09-24 08:53:56.000131 Размер файла output_mp3/part_0003.mp3 1068 КБ в пределах нормы.
2025-09-24 08:54:09.727900 Размер файла output_mp3/part_0004.mp3 1212 КБ в пределах нормы.
2025-09-24 08:54:22.063626 Размер файла output_mp3/part_0005.mp3 1206 КБ в пределах нормы.
2025-09-24 08:54:22.223354 Создан архив mp3_results.zip, размер 5389507 байт (сумма mp3: 5.28 МБ).
2025-09-24 08:54:23.192015 B2: Успешно загружено mp3_results.zip (last_part=5). Маркер .b2_upload_ok.json создан.
2025-09-24 08:54:23.193215 Локальный zip удалён после успешной загрузки на B2.
2025-09-24 08:54:23.194515 Удалено 5 mp3-файлов из output_mp3 после успешной загрузки.
2025-09-24 08:54:35.885474 Размер файла output_mp3/part_0006.mp3 1078 КБ в пределах нормы.
2025-09-24 08:54:49.951181 Размер файла output_mp3/part_0007.mp3 1242 КБ в пределах нормы.
2025-09-24 08:55:03.487393 Размер файла output_mp3/part_0008.mp3 1188 КБ в пределах нормы.
2025-09-24 08:55:17.973253 Размер файла output_mp3/part_0009.mp3 1018 КБ в пределах нормы.
2025-09-24 08:55:32.756619 Размер файла output_mp3/part_0010.mp3 1194 КБ в пределах нормы.
2025-09-24 08:55:32.922694 Создан архив mp3_results.zip, размер 5705097 байт (сумма mp3: 5.59 МБ).
2025-09-24 08:55:33.563296 B2: Успешно загружено mp3_results.zip (last_part=10). Маркер .b2_upload_ok.json создан.
2025-09-24 08:55:33.564530 Локальный zip удалён после успешной загрузки на B2.
2025-09-24 08:55:33.565844 Удалено 5 mp3-файлов из output_mp3 после успешной загрузки.
2025-09-24 08:55:47.633126 Размер файла output_mp3/part_0011.mp3 1192 КБ в пределах нормы.
2025-09-24 08:56:01.447745 Размер файла output_mp3/part_0012.mp3 1172 КБ в пределах нормы.
2025-09-24 08:56:14.374923 Размер файла output_mp3/part_0013.mp3 1251 КБ в пределах нормы.
2025-09-24 08:56:28.691313 Размер файла output_mp3/part_0014.mp3 1226 КБ в пределах нормы.
2025-09-24 08:56:42.409956 Размер файла output_mp3/part_0015.mp3 1189 КБ в пределах нормы.
2025-09-24 08:56:42.584628 Создан архив mp3_results.zip, размер 6017457 байт (сумма mp3: 5.89 МБ).
2025-09-24 08:56:43.105927 B2: Успешно загружено mp3_results.zip (last_part=15). Маркер .b2_upload_ok.json создан.
2025-09-24 08:56:43.107231 Локальный zip удалён после успешной загрузки на B2.
2025-09-24 08:56:43.108544 Удалено 5 mp3-файлов из output_mp3 после успешной загрузки.
2025-09-24 08:56:57.426639 Размер файла output_mp3/part_0016.mp3 1173 КБ в пределах нормы.
2025-09-24 08:57:10.210812 Размер файла output_mp3/part_0017.mp3 1162 КБ в пределах нормы.
2025-09-24 08:57:21.205446 Размер файла output_mp3/part_0018.mp3 930 КБ в пределах нормы.
2025-09-24 08:57:34.323973 Размер файла output_mp3/part_0019.mp3 1132 КБ в пределах нормы.
2025-09-24 08:57:48.725919 Размер файла output_mp3/part_0020.mp3 1175 КБ в пределах нормы.
2025-09-24 08:57:48.887089 Создан архив mp3_results.zip, размер 5560092 байт (сумма mp3: 5.44 МБ).
2025-09-24 08:57:49.784436 B2: Успешно загружено mp3_results.zip (last_part=20). Маркер .b2_upload_ok.json создан.
2025-09-24 08:57:49.785616 Локальный zip удалён после успешной загрузки на B2.
2025-09-24 08:57:49.786908 Удалено 5 mp3-файлов из output_mp3 после успешной загрузки.
2025-09-24 08:58:03.779731 Размер файла output_mp3/part_0021.mp3 1189 КБ в пределах нормы.
2025-09-24 08:58:17.033087 Размер файла output_mp3/part_0022.mp3 1190 КБ в пределах нормы.
2025-09-24 08:58:29.675747 Размер файла output_mp3/part_0023.mp3 1118 КБ в пределах нормы.
2025-09-24 08:58:44.393448 Размер файла output_mp3/part_0024.mp3 1199 КБ в пределах нормы.
2025-09-24 08:58:58.652241 Размер файла output_mp3/part_0025.mp3 1273 КБ в пределах нормы.
2025-09-24 08:58:58.825217 Создан архив mp3_results.zip, размер 5956494 байт (сумма mp3: 5.83 МБ).
2025-09-24 08:59:00.168880 B2: Успешно загружено mp3_results.zip (last_part=25). Маркер .b2_upload_ok.json создан.
2025-09-24 08:59:00.170175 Локальный zip удалён после успешной загрузки на B2.
2025-09-24 08:59:00.171495 Удалено 5 mp3-файлов из output_mp3 после успешной загрузки.
2025-09-24 08:59:13.565012 Размер файла output_mp3/part_0026.mp3 1135 КБ в пределах нормы.
2025-09-24 08:59:26.091135 Размер файла output_mp3/part_0027.mp3 1078 КБ в пределах нормы.
2025-09-24 08:59:40.163338 Размер файла output_mp3/part_0028.mp3 1208 КБ в пределах нормы.
2025-09-24 08:59:50.954405 Размер файла output_mp3/part_0029.mp3 1005 КБ в пределах нормы.
2025-09-24 09:00:02.900177 Размер файла output_mp3/part_0030.mp3 1092 КБ в пределах нормы.
2025-09-24 09:00:03.060466 Создан архив mp3_results.zip, размер 5506471 байт (сумма mp3: 5.39 МБ).
2025-09-24 09:00:03.715483 B2: Успешно загружено mp3_results.zip (last_part=30). Маркер .b2_upload_ok.json создан.
2025-09-24 09:00:03.716655 Локальный zip удалён после успешной загрузки на B2.
2025-09-24 09:00:03.717894 Удалено 5 mp3-файлов из output_mp3 после успешной загрузки.
2025-09-24 09:00:18.825907 Размер файла output_mp3/part_0031.mp3 1140 КБ в пределах нормы.
2025-09-24 09:00:33.988663 Размер файла output_mp3/part_0032.mp3 1039 КБ в пределах нормы.
2025-09-24 09:00:45.715135 Размер файла output_mp3/part_0033.mp3 1028 КБ в пределах нормы.
2025-09-24 09:01:00.817607 Размер файла output_mp3/part_0034.mp3 1216 КБ в пределах нормы.
2025-09-24 09:01:15.916769 Размер файла output_mp3/part_0035.mp3 1200 КБ в пределах нормы.
2025-09-24 09:01:16.079860 Создан архив mp3_results.zip, размер 5609175 байт (сумма mp3: 5.49 МБ).
2025-09-24 09:01:16.702152 B2: Успешно загружено mp3_results.zip (last_part=35). Маркер .b2_upload_ok.json создан.
2025-09-24 09:01:16.703444 Локальный zip удалён после успешной загрузки на B2.
2025-09-24 09:01:16.704816 Удалено 5 mp3-файлов из output_mp3 после успешной загрузки.
2025-09-24 09:01:31.780896 Размер файла output_mp3/part_0036.mp3 1156 КБ в пределах нормы.
2025-09-24 09:01:45.565279 Размер файла output_mp3/part_0037.mp3 1155 КБ в пределах нормы.
2025-09-24 09:02:00.641216 Размер файла output_mp3/part_0038.mp3 1144 КБ в пределах нормы.
2025-09-24 09:02:14.790200 Размер файла output_mp3/part_0039.mp3 1192 КБ в пределах нормы.
2025-09-24 09:02:26.561166 Размер файла output_mp3/part_0040.mp3 1096 КБ в пределах нормы.
2025-09-24 09:02:26.727089 Создан архив mp3_results.zip, размер 5729816 байт (сумма mp3: 5.61 МБ).
2025-09-24 09:02:27.291172 B2: Успешно загружено mp3_results.zip (last_part=40). Маркер .b2_upload_ok.json создан.
2025-09-24 09:02:27.292394 Локальный zip удалён после успешной загрузки на B2.
2025-09-24 09:02:27.293706 Удалено 5 mp3-файлов из output_mp3 после успешной загрузки.
2025-09-24 09:02:40.569477 Размер файла output_mp3/part_0041.mp3 1117 КБ в пределах нормы.
2025-09-24 09:02:54.768017 Размер файла output_mp3/part_0042.mp3 1194 КБ в пределах нормы.
2025-09-24 09:03:08.572171 Размер файла output_mp3/part_0043.mp3 1209 КБ в пределах нормы.
2025-09-24 09:03:23.676738 Размер файла output_mp3/part_0044.mp3 1260 КБ в пределах нормы.
2025-09-24 09:03:36.616709 Размер файла output_mp3/part_0045.mp3 1109 КБ в пределах нормы.
2025-09-24 09:03:36.787918 Создан архив mp3_results.zip, размер 5875738 байт (сумма mp3: 5.75 МБ).
2025-09-24 09:03:37.458571 B2: Успешно загружено mp3_results.zip (last_part=45). Маркер .b2_upload_ok.json создан.
2025-09-24 09:03:37.459861 Локальный zip удалён после успешной загрузки на B2.
2025-09-24 09:03:37.461228 Удалено 5 mp3-файлов из output_mp3 после успешной загрузки.
2025-09-24 09:03:52.195601 Размер файла output_mp3/part_0046.mp3 1243 КБ в пределах нормы.
2025-09-24 09:04:05.042598 Размер файла output_mp3/part_0047.mp3 1147 КБ в пределах нормы.
2025-09-24 09:04:19.308352 Размер файла output_mp3/part_0048.mp3 1191 КБ в пределах нормы.
2025-09-24 09:04:33.121441 Размер файла output_mp3/part_0049.mp3 1147 КБ в пределах нормы.
2025-09-24 09:04:46.215493 Размер файла output_mp3/part_0050.mp3 1241 КБ в пределах нормы.
2025-09-24 09:04:46.389826 Создан архив mp3_results.zip, размер 5954178 байт (сумма mp3: 5.83 МБ).
2025-09-24 09:04:47.117284 B2: Успешно загружено mp3_results.zip (last_part=50). Маркер .b2_upload_ok.json создан.
2025-09-24 09:04:47.118562 Локальный zip удалён после успешной загрузки на B2.
2025-09-24 09:04:47.119923 Удалено 5 mp3-файлов из output_mp3 после успешной загрузки.
2025-09-24 09:04:59.534685 Размер файла output_mp3/part_0051.mp3 1143 КБ в пределах нормы.
2025-09-24 09:05:13.095258 Размер файла output_mp3/part_0052.mp3 1129 КБ в пределах нормы.
2025-09-24 09:05:26.154214 Размер файла output_mp3/part_0053.mp3 1207 КБ в пределах нормы.
2025-09-24 09:05:40.156432 Размер файла output_mp3/part_0054.mp3 1150 КБ в пределах нормы.
2025-09-24 09:05:55.113800 Размер файла output_mp3/part_0055.mp3 1243 КБ в пределах нормы.
2025-09-24 09:05:55.284537 Создан архив mp3_results.zip, размер 5862507 байт (сумма mp3: 5.74 МБ).
2025-09-24 09:05:55.856866 B2: Успешно загружено mp3_results.zip (last_part=55). Маркер .b2_upload_ok.json создан.
2025-09-24 09:05:55.858081 Локальный zip удалён после успешной загрузки на B2.
2025-09-24 09:05:55.859411 Удалено 5 mp3-файлов из output_mp3 после успешной загрузки.
2025-09-24 09:06:10.202396 Размер файла output_mp3/part_0056.mp3 1162 КБ в пределах нормы.
2025-09-24 09:06:24.009349 Размер файла output_mp3/part_0057.mp3 1215 КБ в пределах нормы.
2025-09-24 09:06:36.559684 Размер файла output_mp3/part_0058.mp3 1129 КБ в пределах нормы.
2025-09-24 09:06:51.119752 Размер файла output_mp3/part_0059.mp3 1176 КБ в пределах нормы.
2025-09-24 09:07:05.698784 Размер файла output_mp3/part_0060.mp3 1198 КБ в пределах нормы.
2025-09-24 09:07:05.871665 Создан архив mp3_results.zip, размер 5866998 байт (сумма mp3: 5.74 МБ).
2025-09-24 09:07:06.500987 B2: Успешно загружено mp3_results.zip (last_part=60). Маркер .b2_upload_ok.json создан.
2025-09-24 09:07:06.502301 Локальный zip удалён после успешной загрузки на B2.
2025-09-24 09:07:06.503664 Удалено 5 mp3-файлов из output_mp3 после успешной загрузки.
2025-09-24 09:07:21.602324 Размер файла output_mp3/part_0061.mp3 1120 КБ в пределах нормы.
2025-09-24 09:07:36.150141 Размер файла output_mp3/part_0062.mp3 1175 КБ в пределах нормы.
2025-09-24 09:07:38.930857 Размер файла output_mp3/part_0063.mp3 215 КБ в пределах нормы.
2025-09-24 09:07:38.931094 По завершении цикла обнаружено 3 mp3-файлов. Попытка финальной упаковки и загрузки в B2.
2025-09-24 09:07:39.003864 Создан финальный архив mp3_results.zip, размер 2504569 байт.
2025-09-24 09:07:39.660486 B2: Финальная загрузка успешна mp3_results.zip (last_part=63). Маркер .b2_upload_ok.json создан.
2025-09-24 09:07:39.661712 Удалено 3 mp3-файлов из output_mp3 после финальной загрузки.
2025-09-24 09:07:39.661780 Все фрагменты обработаны.
