2025-09-15 18:32:19.196680 Начало работы скрипта.
2025-09-15 18:32:19.196786 Создание папок output_mp3 и tmp_audio, если они не существуют.
2025-09-15 18:32:19.196927 Чтение текста из файла: Royzman_Delo-306-Volk-Vor-nevidimka.txt
2025-09-15 18:32:19.201004 Чтение и очистка текста завершены.
2025-09-15 18:32:19.201056 Разбивка текста на фрагменты...
2025-09-15 18:32:19.205775 Текст разбит на 638 фрагментов.
2025-09-15 18:32:19.205828 Поиск точки возобновления в лог-файле: tts_batch.log
2025-09-15 18:32:19.205924 Диагностика: Прочитано 7 строк, но совпадений с 'в пределах нормы' не найдено.
2025-09-15 18:32:19.205957 Работа начнется с самого начала.
2025-09-15 18:32:19.205994 Форматирование промпта для характера: Energetic (Энергичный)
2025-09-15 18:32:19.206051 Начало основного цикла обработки фрагментов.
2025-09-15 18:32:19.206112 Генерация part_0001: 961 символов.
2025-09-15 18:32:19.206174 Отправка запроса к API для генерации аудио (голос: Ballad).
2025-09-15 18:32:33.616854 Аудио контент успешно получен.
2025-09-15 18:32:33.619175 Переименование tmp_audio/part_0001.wav в output_mp3/part_0001.mp3 (файл уже в mp3).
2025-09-15 18:32:33.619275 Проверка размера файла: output_mp3/part_0001.mp3
2025-09-15 18:32:33.619336 Размер файла 1362 КБ в пределах нормы.
2025-09-15 18:32:33.619376 Подсчет общего размера файлов в папке: output_mp3
2025-09-15 18:32:33.619706 Общий размер: 1.33 МБ.
2025-09-15 18:32:33.619785 Генерация part_0002: 951 символов.
2025-09-15 18:32:33.619840 Отправка запроса к API для генерации аудио (голос: Ballad).
2025-09-15 18:32:46.722334 Аудио контент успешно получен.
2025-09-15 18:32:46.725212 Переименование tmp_audio/part_0002.wav в output_mp3/part_0002.mp3 (файл уже в mp3).
2025-09-15 18:32:46.725305 Проверка размера файла: output_mp3/part_0002.mp3
2025-09-15 18:32:46.725366 Размер файла 1222 КБ в пределах нормы.
2025-09-15 18:32:46.725399 Подсчет общего размера файлов в папке: output_mp3
2025-09-15 18:32:46.725629 Общий размер: 2.52 МБ.
2025-09-15 18:32:46.725716 Генерация part_0003: 887 символов.
2025-09-15 18:32:46.725761 Отправка запроса к API для генерации аудио (голос: Ballad).
2025-09-15 18:32:59.763253 Аудио контент успешно получен.
2025-09-15 18:32:59.765442 Переименование tmp_audio/part_0003.wav в output_mp3/part_0003.mp3 (файл уже в mp3).
2025-09-15 18:32:59.765526 Проверка размера файла: output_mp3/part_0003.mp3
2025-09-15 18:32:59.765588 Размер файла 1204 КБ в пределах нормы.
2025-09-15 18:32:59.765630 Подсчет общего размера файлов в папке: output_mp3
2025-09-15 18:32:59.765798 Общий размер: 3.70 МБ.
2025-09-15 18:32:59.765882 Генерация part_0004: 951 символов.
2025-09-15 18:32:59.765928 Отправка запроса к API для генерации аудио (голос: Ballad).
2025-09-15 18:33:13.606739 Аудио контент успешно получен.
2025-09-15 18:33:13.608984 Переименование tmp_audio/part_0004.wav в output_mp3/part_0004.mp3 (файл уже в mp3).
2025-09-15 18:33:13.609074 Проверка размера файла: output_mp3/part_0004.mp3
2025-09-15 18:33:13.609155 Размер файла 1201 КБ в пределах нормы.
2025-09-15 18:33:13.609215 Подсчет общего размера файлов в папке: output_mp3
2025-09-15 18:33:13.609410 Общий размер: 4.87 МБ.
2025-09-15 18:33:13.609499 Генерация part_0005: 971 символов.
2025-09-15 18:33:13.609539 Отправка запроса к API для генерации аудио (голос: Ballad).
2025-09-15 18:33:26.204583 Аудио контент успешно получен.
2025-09-15 18:33:26.206705 Переименование tmp_audio/part_0005.wav в output_mp3/part_0005.mp3 (файл уже в mp3).
2025-09-15 18:33:26.206796 Проверка размера файла: output_mp3/part_0005.mp3
2025-09-15 18:33:26.206856 Размер файла 1141 КБ в пределах нормы.
2025-09-15 18:33:26.206896 Подсчет общего размера файлов в папке: output_mp3
2025-09-15 18:33:26.207082 Общий размер: 5.99 МБ.
2025-09-15 18:33:26.207117 Достигнут лимит размера 5 МБ. Работа будет остановлена.
2025-09-15 18:33:26.207186 Работа завершена!
2025-09-15 18:38:13.018367 Начало работы скрипта.
2025-09-15 18:38:13.018625 Создание папок output_mp3 и tmp_audio, если они не существуют.
2025-09-15 18:38:13.018816 Чтение текста из файла: Royzman_Delo-306-Volk-Vor-nevidimka.txt
2025-09-15 18:38:13.023012 Чтение и очистка текста завершены.
2025-09-15 18:38:13.023067 Разбивка текста на фрагменты...
2025-09-15 18:38:13.027745 Текст разбит на 638 фрагментов.
2025-09-15 18:38:13.027800 Поиск точки возобновления в лог-файле: tts_batch.log
2025-09-15 18:38:13.028225 Диагностика: Прочитано 60 строк, но совпадений с 'в пределах нормы' не найдено.
2025-09-15 18:38:13.028276 Работа начнется с самого начала.
2025-09-15 18:38:13.028324 Форматирование промпта для характера: Energetic (Энергичный)
2025-09-15 18:38:13.028361 Начало основного цикла обработки фрагментов.
2025-09-15 18:38:13.028446 Генерация part_0001: 961 символов.
2025-09-15 18:38:13.028495 Отправка запроса к API для генерации аудио (голос: Ballad).
2025-09-15 18:38:28.214053 Аудио контент успешно получен.
2025-09-15 18:38:28.216019 Переименование tmp_audio/part_0001.wav в output_mp3/part_0001.mp3 (файл уже в mp3).
2025-09-15 18:38:28.216093 Проверка размера файла: output_mp3/part_0001.mp3
2025-09-15 18:38:28.216151 Размер файла 1136 КБ в пределах нормы.
2025-09-15 18:38:28.216189 Подсчет общего размера файлов в папке: output_mp3
2025-09-15 18:38:28.216501 Общий размер: 1.11 МБ.
2025-09-15 18:38:28.216585 Генерация part_0002: 951 символов.
2025-09-15 18:38:28.216626 Отправка запроса к API для генерации аудио (голос: Ballad).
2025-09-15 18:38:41.374315 Аудио контент успешно получен.
2025-09-15 18:38:41.376317 Переименование tmp_audio/part_0002.wav в output_mp3/part_0002.mp3 (файл уже в mp3).
2025-09-15 18:38:41.376387 Проверка размера файла: output_mp3/part_0002.mp3
2025-09-15 18:38:41.376463 Размер файла 1179 КБ в пределах нормы.
2025-09-15 18:38:41.376504 Подсчет общего размера файлов в папке: output_mp3
2025-09-15 18:38:41.376644 Общий размер: 2.26 МБ.
2025-09-15 18:38:41.376724 Генерация part_0003: 887 символов.
2025-09-15 18:38:41.376763 Отправка запроса к API для генерации аудио (голос: Ballad).
2025-09-15 18:38:54.707610 Аудио контент успешно получен.
2025-09-15 18:38:54.709804 Переименование tmp_audio/part_0003.wav в output_mp3/part_0003.mp3 (файл уже в mp3).
2025-09-15 18:38:54.709893 Проверка размера файла: output_mp3/part_0003.mp3
2025-09-15 18:38:54.709950 Размер файла 1230 КБ в пределах нормы.
2025-09-15 18:38:54.709987 Подсчет общего размера файлов в папке: output_mp3
2025-09-15 18:38:54.710133 Общий размер: 3.46 МБ.
2025-09-15 18:38:54.710215 Генерация part_0004: 951 символов.
2025-09-15 18:38:54.710261 Отправка запроса к API для генерации аудио (голос: Ballad).
2025-09-15 18:39:08.492655 Аудио контент успешно получен.
2025-09-15 18:39:08.494757 Переименование tmp_audio/part_0004.wav в output_mp3/part_0004.mp3 (файл уже в mp3).
2025-09-15 18:39:08.494841 Проверка размера файла: output_mp3/part_0004.mp3
2025-09-15 18:39:08.494903 Размер файла 1200 КБ в пределах нормы.
2025-09-15 18:39:08.494941 Подсчет общего размера файлов в папке: output_mp3
2025-09-15 18:39:08.495122 Общий размер: 4.63 МБ.
2025-09-15 18:39:08.495200 Генерация part_0005: 971 символов.
2025-09-15 18:39:08.495240 Отправка запроса к API для генерации аудио (голос: Ballad).
2025-09-15 18:39:23.648743 Аудио контент успешно получен.
2025-09-15 18:39:23.650811 Переименование tmp_audio/part_0005.wav в output_mp3/part_0005.mp3 (файл уже в mp3).
2025-09-15 18:39:23.650890 Проверка размера файла: output_mp3/part_0005.mp3
2025-09-15 18:39:23.650953 Размер файла 1040 КБ в пределах нормы.
2025-09-15 18:39:23.650996 Подсчет общего размера файлов в папке: output_mp3
2025-09-15 18:39:23.651173 Общий размер: 5.65 МБ.
2025-09-15 18:39:23.651224 Достигнут лимит размера 5 МБ. Работа будет остановлена.
2025-09-15 18:39:23.651274 Работа завершена!
